2 23263
12 19753
22 19297
32 16882
42 14984
52 14430
62 13833
72 12943
82 12084
92 11586
102 10882
112 10224
122 9786
132 9411
142 9489
152 9030
162 9314
172 8467
182 8246
192 8272
202 8385
212 7882
222 7818
232 7713
242 7514
252 6754
262 7021
272 7306
282 6897
292 6737
302 6870
312 6789
322 6503
332 6327
342 6226
352 6072
362 6116
372 5953
382 5884
392 5733
402 6201
412 5618
422 6102
432 5682
442 5382
452 5328
462 5200
472 5266
482 5149
492 5176
502 5015
512 5056
522 5199
532 5180
542 5029
552 5097
562 4922
572 4938
582 4892
592 4789
602 4644
612 5093
622 4638
632 4447
642 5132
652 4820
662 4449
672 4659
682 4664
692 4559
702 4444
712 4451
722 4265
732 4239
742 4104
752 3907
762 3983
772 3929
782 3951
792 4076
802 4096
812 4036
822 4116
832 4215
842 4039
852 3982
862 4054
872 4094
882 4086
892 4015
902 4058
912 4081
922 4052
932 4025
942 4016
952 4163
962 4094
972 4137
982 4072
992 3983
1002 3912
1012 3964
1022 3912
1032 3983
1042 4036
1052 3972
1062 3894
1072 3899
1082 3940
1092 3941
1102 3840
1112 3843
1122 3866
1132 3852
1142 3785
1152 3949
1162 3777
1172 3839
1182 3421
1192 3857
1202 3734
1212 3654
1222 3409
1232 3685
1242 3669
1252 3677
1262 3738
1272 3748
1282 3726
1292 3658
1302 3582
1312 3662
1322 3641
1332 3572
1342 3702
1352 3647
1362 3706
1372 3622
1382 3638
1392 3593
1402 3482
1412 3502
1422 3423
1432 3501
1442 3467
1452 3411
1462 3358
1472 3203
1482 3076
1492 3023
1502 3023
1512 3023
1522 3023
1532 3023
1542 3023
1552 3023
1562 3023
1572 3023
1582 3023
1592 3023
1602 3023
1612 3023
1622 3023
1632 3023
1642 3023
1652 3023
1662 3023
1672 3023
1682 3023
1692 3023
1702 3023
1712 3023
1722 2991
1732 3023
1742 3023
1752 3023
1762 3023
1772 3023
1782 3023
1792 3023
1802 3023
1812 3023
1822 3023
1832 3023
1842 3023
1852 3023
1862 3023
1872 3023
1882 3023
1892 3023
1902 3023
1912 3023
1922 3023
1932 3023
1942 3023
1952 3023
1962 3023
1972 3023
1982 3023
1992 3023
2002 3023
2012 3023
2022 3023
2032 3023
2042 3023
2052 3023
2062 3023
2072 3023
2082 3023
2092 3023
2102 3023
2112 3023
2122 3023
2132 3023
2142 3023
2152 3023
2162 3023
2172 3023
2182 3023
2192 3023
2202 3023
2212 3023
2222 3023
2232 3023
2242 3023
2252 3023
2262 3023
2272 3023
2282 3023
2292 3023
2302 3023
2312 3023
2322 3023
2332 3023
2342 3023
2352 3023
2362 3023
2372 3023
2382 3023
2392 3023
2402 3023
2412 3023
2422 3023
2432 3023
2442 3023
2452 3023
2462 3023
2472 3023
2482 2991
2492 3023
2502 3023
2512 3023
2522 3023
2532 3023
2542 3023
2552 3023
2562 3023
2572 3023
2582 3023
2592 3023
2602 3023
2612 3023
2622 3023
2632 3023
2642 3023
2652 3023
2662 3023
2672 3023
2682 3023
2692 3023
2702 3023
2712 3023
2722 3023
2732 3023
2742 3023
2752 3023
2762 3023
2772 3023
2782 3023
2792 3023
2802 3023
2812 3023
2822 3023
2832 3023
2842 3023
2852 3023
2862 3023
2872 3023
2882 3023
2892 3023
2902 3023
2912 3023
2922 3023
2932 3023
2942 3023
2952 3023
2962 3023
2972 3023
2982 3023
2992 3023
3002 3023
3012 3023
3022 3023
3032 3023
3042 3023
3052 3023
3062 3023
3072 3023
3082 2991
3092 3023
3102 3023
3112 3023
3122 3023
3132 3023
3142 3023
3152 3023
3162 3023
3172 3023
3182 3023
3192 3023
3202 3023
3212 3023
3222 2991
3232 2991
3242 3023
3252 3023
3262 3023
3272 3023
3282 3023
3292 3023
3302 3023
3312 3023
3322 3023
3332 3023
3342 3023
3352 3023
3362 3023
3372 3023
3382 3023
3392 3023
3402 3023
3412 3023
3422 3023
3432 2991
3442 2991
3452 3023
3462 3023
3472 3023
3482 3023
3492 3023
3502 3023
3512 3023
3522 3023
3532 3023
3542 3023
3552 3023
3562 3023
3572 3023
3582 3023
3592 3023
3602 3023
3612 3023
3622 3023
3632 3023
3642 3023
3652 3023
3662 3023
3672 3023
3682 3023
3692 3023
3702 3023
3712 3023
3722 3023
3732 3023
3742 3023
3752 3023
3762 3023
3772 3023
3782 3023
3792 3023
3802 3023
3812 3023
3822 3023
3832 3023
3842 3023
3852 3023
3862 3023
3872 3023
3882 3023
3892 3023
3902 3023
3912 3023
3922 3023
3932 3023
3942 3023
3952 3023
3962 3023
3972 3023
3982 3023
3992 3023
4002 3023
4012 3023
4022 3023
4032 3023
4042 2991
4052 3023
4062 3023
4072 3023
4082 3023
4092 3023
4102 3023
4112 3023
4122 3023
4132 3023
4142 3023
4152 3023
4162 3023
4172 3023
4182 3023
4192 3023
4202 3023
4212 3023
4222 3023
4232 3023
4242 3023
4252 3023
4262 3023
4272 3023
4282 3023
4292 3023
4302 3023
4312 3023
4322 3023
4332 3023
4342 3023
4352 3023
4362 3023
4372 3023
4382 3023
4392 3023
4402 3023
4412 3023
4422 3023
4432 3023
4442 3023
4452 3023
4462 3023
4472 3023
4482 3023
4492 3023
4502 3023
4512 3023
4522 3023
4532 3023
4542 3023
4552 3023
4562 3023
4572 3023
4582 3023
4592 3023
4602 3023
4612 3023
4622 3023
4632 3023
4642 3023
4652 3023
4662 3023
4672 3023
4682 3023
4692 3023
4702 3023
4712 3023
4722 3023
4732 3023
4742 3023
4752 3023
4762 3023
4772 3023
4782 3023
4792 3023
4802 3023
4812 3023
4822 3023
4832 3023
4842 3023
4852 3023
4862 3023
4872 3023
4882 3023
4892 3023
4902 3023
4912 3023
4922 3023
4932 3023
4942 3023
4952 3023
4962 3023
4972 3023
4982 3023
4992 3023