2 50.0922
12 44.0099
22 44.0653
32 43.9526
42 44.0873
52 44.0949
62 45.8932
72 44.7494
82 44.4209
92 44.0277
102 44.466
112 44.3658
122 44.3663
132 44.322
142 44.0399
152 44.5762
162 44.7102
172 44.6724
182 44.4191
192 45.1076
202 44.5595
212 44.6779
222 45.3678
232 44.6376
242 49.8381
252 44.5969
262 44.5099
272 44.6902
282 49.3051
292 44.5907
302 44.6341
312 44.5552
322 44.5934
332 44.3251
342 44.0072
352 44.2675
362 44.6008
372 44.0164
382 44.1342
392 44.5086
402 44.4796
412 44.7926
422 44.0761
432 44.6281
442 44.5241
452 44.6176
462 44.5633
472 44.448
482 44.1894
492 44.0679
502 44.0396
512 44.0374
522 44.0883
532 44.7419
542 53.1502
552 44.9921
562 44.0156
572 44.6745
582 44.6734
592 44.6485
602 44.6771
612 44.5086
622 44.1855
632 46.1121
642 44.3125
652 44.6826
662 44.2921
672 44.5656
682 44.0279
692 44.1508
702 44.646
712 44.8045
722 44.6353
732 44.5661
742 44.1376
752 44.4855
762 44.2498
772 44.5644
782 44.3146
792 44.1102
802 44.1993
812 44.0208
822 44.1207
832 44.4788
842 44.1504
852 44.1836
862 44.1162
872 44.1784
882 44.0789
892 44.5352
902 44.5814
912 44.6377
922 44.7274
932 44.6049
942 44.6967
952 44.0434
962 44.1898
972 44.5609
982 44.6191
992 44.6377
1002 44.0736
1012 44.6661
1022 44.6329
1032 44.6282
1042 44.8669
1052 44.5529
1062 44.754
1072 45.0889
1082 52.7683
1092 52.7406
1102 52.8545
1112 44.2632
1122 44.2639
1132 44.3235
1142 44.2314
1152 44.1533
1162 44.4131
1172 44.4766
1182 44.7693
1192 44.1533
1202 44.4621
1212 43.9877
1222 44.1735
1232 44.174
1242 44.1625
1252 44.1852
1262 45.1512
1272 44.4015
1282 45.5067
1292 44.6853
1302 44.6583
1312 46.1329
1322 44.1161
1332 44.2515
1342 44.1422
1352 44.6394
1362 44.4637
1372 44.5577
1382 44.3502
1392 44.5498
1402 44.5533
1412 44.3529
1422 44.5194
1432 44.8316
1442 44.3617
1452 44.5877
1462 44.6266
1472 44.6439
1482 44.0877
1492 44.542
1502 44.567
1512 45.0337
1522 44.659
1532 44.1738
1542 45.3185
1552 44.337
1562 44.1045
1572 44.6263
1582 44.5922
1592 44.6589
1602 44.6748
1612 44.6476
1622 44.1908
1632 44.7192
1642 44.6328
1652 44.1982
1662 44.342
1672 44.474
1682 44.1857
1692 44.2254
1702 44.3309
1712 44.5949
1722 51.5391
1732 53.3561
1742 53.4731
1752 44.6364
1762 44.6257
1772 44.9652
1782 44.4367
1792 44.4537
1802 44.657
1812 44.1886
1822 44.0788
1832 44.0973
1842 44.573
1852 45.5503
1862 44.566
1872 44.3896
1882 44.0622
1892 44.9397
1902 44.5778
1912 49.0064
1922 50.6861
1932 46.4814
1942 44.7376
1952 44.5817
1962 44.6054
1972 45.0619
1982 44.4418
1992 44.2786
2002 44.1669
2012 44.1792
2022 44.6202
2032 44.5753
2042 44.6142
2052 44.5995
2062 44.6419
2072 45.9653
2082 44.5519
2092 44.7358
2102 44.0338
2112 46.3467
2122 44.5757
2132 44.7129
2142 44.1658
2152 44.9634
2162 44.7729
2172 44.1726
2182 44.7806
2192 44.2496
2202 46.0625
2212 44.6144
2222 45.0586
2232 44.4173
2242 44.5163
2252 44.0345
2262 44.2452
2272 44.2858
2282 44.1242
2292 44.1784
2302 44.1683
2312 44.0928
2322 44.5556
2332 44.4823
2342 44.664
2352 44.5056
2362 44.6435
2372 44.6103
2382 44.5597
2392 44.6538
2402 44.5567
2412 44.6038
2422 44.606
2432 45.4286
2442 44.6325
2452 44.4476
2462 45.4676
2472 44.6978
2482 47.2101
2492 44.1214
2502 45.3952
2512 44.5953
2522 44.6612
2532 44.5502
2542 44.1978
2552 44.2201
2562 44.6065
2572 44.6732
2582 44.616
2592 45.4888
2602 44.6204
2612 45.8305
2622 44.6351
2632 44.6314
2642 45.2819
2652 44.6492
2662 44.4533
2672 44.2525
2682 44.4926
2692 44.506
2702 44.6315
2712 44.6795
2722 44.1964
2732 44.5214
2742 44.2595
2752 44.1406
2762 44.6944
2772 44.3945
2782 44.2106
2792 44.2685
2802 44.565
2812 45.8274
2822 44.6708
2832 44.3646
2842 43.971
2852 44.1695
2862 44.0752
2872 44.09
2882 44.0679
2892 44.533
2902 45.6597
2912 44.1769
2922 44.532
2932 44.522
2942 44.6137
2952 44.4236
2962 44.0042
2972 44.2902
2982 45.5125
2992 45.2374
3002 44.5039
3012 44.661
3022 44.5642
3032 44.6175
3042 44.5379
3052 44.7328
3062 44.4723
3072 44.2059
3082 44.0729
3092 44.5502
3102 45.6315
3112 45.2886
3122 44.5237
3132 44.3116
3142 44.6029
3152 46.9965
3162 44.8387
3172 44.5946
3182 44.5694
3192 44.6092
3202 44.5733
3212 44.3215
3222 44.5619
3232 44.649
3242 45.6778
3252 44.4409
3262 44.0673
3272 44.548
3282 44.1206
3292 44.3002
3302 43.9798
3312 44.018
3322 44.205
3332 44.3837
3342 44.5478
3352 45.3034
3362 44.0394
3372 44.7382
3382 44.612
3392 46.3502
3402 44.4983
3412 44.5978
3422 44.5776
3432 44.5304
3442 44.9895
3452 44.0629
3462 44.0468
3472 44.0937
3482 44.195
3492 44.1324
3502 44.0904
3512 49.7284
3522 44.6044
3532 49.3173
3542 46.2636
3552 52.5066
3562 44.6903
3572 44.7074
3582 44.545
3592 44.1515
3602 45.359
3612 44.3347
3622 44.5486
3632 44.3848
3642 44.5972
3652 44.7522
3662 44.5892
3672 44.2558
3682 44.4515
3692 44.3364
3702 44.598
3712 44.5586
3722 45.2778
3732 44.1601
3742 44.4923
3752 44.1544
3762 44.5417
3772 44.5595
3782 44.9748
3792 44.1238
3802 44.2446
3812 44.1456
3822 44.4742
3832 44.1535
3842 44.4794
3852 44.7002
3862 44.5724
3872 44.3191
3882 44.4612
3892 44.5235
3902 44.5255
3912 44.2541
3922 44.1256
3932 44.0676
3942 44.0819
3952 44.0528
3962 44.6317
3972 44.2894
3982 44.5811
3992 44.5575
4002 44.6293
4012 44.6956
4022 44.0014
4032 44.1022
4042 44.0502
4052 44.0628
4062 44.5686
4072 46.4399
4082 44.6403
4092 44.43
4102 45.8694
4112 44.482
4122 44.681
4132 44.2982
4142 44.4427
4152 44.3649
4162 44.1696
4172 44.7374
4182 44.5751
4192 44.5391
4202 44.4422
4212 44.0955
4222 43.9919
4232 44.5496
4242 44.49
4252 44.444
4262 44.6319
4272 44.5414
4282 44.5314
4292 44.5798
4302 44.5703
4312 44.1694
4322 44.4759
4332 44.6164
4342 45.4098
4352 45.5286
4362 44.285
4372 44.0035
4382 44.096
4392 44.0431
4402 44.5872
4412 44.5614
4422 44.3516
4432 44.7514
4442 45.0418
4452 44.5551
4462 44.5563
4472 44.103
4482 44.253
4492 44.469
4502 44.6089
4512 44.4857
4522 44.2301
4532 44.6086
4542 44.541
4552 48.2893
4562 45.6007
4572 44.054
4582 44.0244
4592 44.131
4602 44.6425
4612 44.636
4622 45.6765
4632 44.4475
4642 44.1928
4652 44.4544
4662 44.8082
4672 44.4518
4682 44.6446
4692 44.1733
4702 45.2119
4712 44.1399
4722 44.0488
4732 44.2748
4742 44.0928
4752 44.5519
4762 44.5175
4772 44.6325
4782 44.636
4792 44.3549
4802 44.8169
4812 44.2051
4822 44.0504
4832 44.5321
4842 44.8779
4852 44.1231
4862 44.8673
4872 44.2946
4882 44.4405
4892 44.6853
4902 44.5936
4912 44.4548
4922 44.6721
4932 46.0925
4942 44.2937
4952 44.6309
4962 44.5354
4972 44.6031
4982 44.5274
4992 44.5873
5002 51.0569
5012 44.5378
5022 44.7014
5032 45.0186
5042 44.6109
5052 44.1757
5062 44.6196
5072 44.6695
5082 44.7256
5092 44.5778
5102 44.6473
5112 44.6132
5122 44.2323
5132 44.6299
5142 44.5867
5152 44.6419
5162 44.1929
5172 45.2825
5182 44.282
5192 44.0616
5202 44.5481
5212 44.5468
5222 43.9922
5232 47.4459
5242 44.5223
5252 44.6134
5262 44.509
5272 44.1589
5282 44.6244
5292 44.6246
5302 45.0255
5312 44.1927
5322 44.4925
5332 44.6986
5342 44.5452
5352 44.3071
5362 44.2704
5372 44.4799
5382 44.4892
5392 44.4823
5402 44.9492
5412 44.5314
5422 44.5965
5432 44.9992
5442 44.2082
5452 44.2899
5462 44.4352
5472 46.1681
5482 44.5215
5492 44.2319
5502 44.643
5512 44.0477
5522 44.0244
5532 44.1749
5542 44.4565
5552 44.4268
5562 44.7194
5572 44.3214
5582 44.0913
5592 44.5542
5602 44.7029
5612 44.0722
5622 44.0439
5632 44.0927
5642 44.0443
5652 44.382
5662 44.0029
5672 44.6334
5682 44.6636
5692 44.5136
5702 44.6509
5712 44.0097
5722 44.4007
5732 44.5273
5742 44.6317
5752 44.4862
5762 44.2058
5772 44.4385
5782 44.6016
5792 44.0068
5802 44.1206
5812 44.2732
5822 44.2693
5832 44.147
5842 43.9777
5852 44.4557
5862 44.5032
5872 44.5692
5882 44.6322
5892 44.3546
5902 44.6338
5912 44.5215
5922 44.6726
5932 44.0152
5942 44.5983
5952 44.6761
5962 44.3455
5972 44.6801
5982 44.319
5992 44.2058
6002 44.6095
6012 44.5365
6022 44.0021
6032 44.0476
6042 44.0127
6052 44.6258
6062 44.6812
6072 44.6049
6082 52.5957
6092 44.5672
6102 44.16
6112 47.4627
6122 46.5163
6132 44.2278
6142 46.4848
6152 44.347
6162 44.0773
6172 44.3524
6182 44.1502
6192 44.5626
6202 44.5014
6212 44.602
6222 44.6787
6232 46.3063
6242 44.1376
6252 44.0178
6262 44.6247
6272 44.306
6282 44.6188
6292 45.6376
6302 44.6029
6312 44.694
6322 44.5715
6332 44.5387
6342 44.0999
6352 44.6289
6362 44.6135
6372 44.1828
6382 44.1524
6392 44.1565
6402 44.6641
6412 44.3816
6422 44.6228
6432 44.6122
6442 44.5289
6452 46.8269
6462 44.7764
6472 44.2035
6482 44.0919
6492 44.4308
6502 44.0553
6512 44.3701
6522 44.6153
6532 44.214
6542 44.0425
6552 44.2387
6562 44.484
6572 44.6138
6582 44.6139
6592 44.602
6602 44.2999
6612 44.2053
6622 44.2144
6632 44.6928
6642 45.6775
6652 44.6267
6662 45.8295
6672 46.1922
6682 45.6184
6692 45.5292
6702 45.482
6712 45.5965
6722 44.2619
6732 44.2451
6742 44.154
6752 44.0948
6762 44.1894
6772 44.5666
6782 44.5303
6792 44.4965
6802 44.3408
6812 44.5985
6822 44.6404
6832 44.5885
6842 44.5716
6852 44.488
6862 44.5825
6872 44.3039
6882 44.5475
6892 45.1538
6902 44.6731
6912 44.6211
6922 45.456
6932 44.1405
6942 44.118
6952 44.0509
6962 46.011
6972 46.86
6982 45.0435
6992 44.1068
7002 44.2098
7012 44.7476
7022 45.1501
7032 44.0549
7042 45.6569
7052 44.4834
7062 44.0388
7072 46.2585
7082 44.6083
7092 44.5856
7102 44.3422
7112 44.596
7122 44.5956
7132 44.9574
7142 45.4953
7152 44.288
7162 44.129
7172 44.0746
7182 44.245
7192 44.5099
7202 44.5739
7212 44.8425
7222 44.5451
7232 44.0226
7242 44.1197
7252 44.3693
7262 44.6139
7272 44.1017
7282 44.091
7292 44.07
7302 44.2989
7312 44.2261
7322 44.0874
7332 45.3334
7342 44.37
7352 44.4746
7362 44.6312
7372 49.3728
7382 44.2218
7392 44.585
7402 44.7251
7412 44.7258
7422 44.1834
7432 44.3919
7442 44.7609
7452 45.0834
7462 44.09
7472 44.7391
7482 44.8958
7492 44.749
7502 44.6384
7512 44.8561
7522 44.4422
7532 44.5662
7542 44.7138
7552 44.4235
7562 44.7647
7572 44.2479
7582 44.4074
7592 44.6933
7602 44.7513
7612 47.4947
7622 44.6057
7632 44.9269
7642 44.0073
7652 44.5085
7662 44.4644
7672 44.8451
7682 44.1754
7692 44.0004
7702 44.6117
7712 44.6256
7722 47.2898
7732 44.5724
7742 44.6449
7752 44.034
7762 44.0877
7772 44.3035
7782 44.4311
7792 44.6456
7802 44.652
7812 45.132
7822 44.6913
7832 44.8035
7842 45.4171
7852 44.6584
7862 44.543
7872 44.5898
7882 44.8353
7892 44.4364
7902 44.133
7912 44.5739
7922 45.0106
7932 44.4502
7942 44.6153
7952 44.6971
7962 44.4838
7972 47.8779
7982 48.2435
7992 43.9912
8002 44.1359
8012 44.6663
8022 44.6534
8032 44.1643
8042 44.2441
8052 44.0122
8062 44.6736
8072 44.1056
8082 45.1075
8092 45.8346
8102 44.5813
8112 44.3772
8122 44.6665
8132 44.1791
8142 44.276
8152 45.5216
8162 44.4118
8172 44.2524
8182 44.2162
8192 44.19
8202 44.6298
8212 44.165
8222 44.2533
8232 44.6178
8242 44.2713
8252 44.1545
8262 44.0413
8272 44.1722
8282 44.6119
8292 44.8091
8302 44.5751
8312 45.2977
8322 44.6241
8332 44.5398
8342 44.6163
8352 44.6658
8362 44.5277
8372 46.1422
8382 44.4068
8392 44.0432
8402 44.0992
8412 45.9309
8422 44.6265
8432 45.0117
8442 44.565
8452 44.2167
8462 44.3311
8472 44.5565
8482 44.3494
8492 44.5658
8502 44.7451
8512 45.6642
8522 44.6638
8532 44.5917
8542 44.5621
8552 44.5809
8562 44.4806
8572 44.4324
8582 44.5617
8592 44.6447
8602 44.0131
8612 44.0352
8622 44.6058
8632 44.5066
8642 44.4325
8652 44.18
8662 44.1898
8672 44.5788
8682 50.0905
8692 44.6903
8702 46.3689
8712 44.5474
8722 44.57
8732 46.877
8742 44.0671
8752 47.5017
8762 43.9848
8772 45.0134
8782 44.6308
8792 44.6264
8802 44.5667
8812 44.6409
8822 44.0285
8832 44.1606
8842 44.2899
8852 43.994
8862 44.1857
8872 44.5929
8882 44.519
8892 44.3578
8902 44.1645
8912 44.6658
8922 44.2952
8932 44.5273
8942 44.7197
8952 44.5251
8962 44.545
8972 44.5364
8982 44.6432
8992 47.5937
9002 44.3
9012 44.1856
9022 44.8449
9032 44.616
9042 55.2534
9052 44.3363
9062 44.652
9072 44.6356
9082 45.4213
9092 44.5144
9102 44.1894
9112 44.5269
9122 46.532
9132 44.4988
9142 44.0745
9152 44.4524
9162 44.4471
9172 44.6908
9182 44.4111
9192 44.7043
9202 44.5549
9212 44.5742
9222 45.8931
9232 45.4334
9242 44.3013
9252 44.5395
9262 44.6517
9272 43.9874
9282 44.6233
9292 44.602
9302 43.9193
9312 44.5229
9322 44.0155
9332 51.7305
9342 45.7757
9352 44.1611
9362 44.5327
9372 44.1693
9382 45.0706
9392 44.3907
9402 44.4012
9412 44.8955
9422 44.2593
9432 44.4626
9442 44.7794
9452 44.2204
9462 45.8395
9472 46.964
9482 44.9235
9492 44.6099
9502 44.2584
9512 44.1584
9522 44.0926
9532 44.0827
9542 44.3605
9552 50.0972
9562 44.1382
9572 44.2279
9582 44.3041
9592 45.8248
9602 44.5316
9612 44.6395
9622 44.4259
9632 44.5914
9642 44.3034
9652 44.0455
9662 44.5651
9672 44.5835
9682 45.9181
9692 44.3607
9702 44.0946
9712 44.3452
9722 44.7531
9732 44.6904
9742 44.6121
9752 44.5374
9762 44.2054
9772 44.8812
9782 45.2249
9792 51.8181
9802 44.5943
9812 45.0559
9822 44.4882
9832 44.1174
9842 44.2854
9852 44.2992
9862 44.4848
9872 44.1059
9882 44.0988
9892 44.4698
9902 44.7791
9912 44.3593
9922 44.6163
9932 45.8764
9942 44.5493
9952 44.5376
9962 44.2059
9972 44.4038
9982 44.1386
9992 44.1071