2 0.0918741
12 0.0525806
22 0.0121053
32 0.0115848
42 0.0112153
52 0.0116136
62 0.0113734
72 0.0113153
82 0.011366
92 0.0113665
102 0.0112339
112 0.0113177
122 0.011146
132 0.0111227
142 0.0111769
152 0.0112359
162 0.011207
172 0.0113021
182 0.0113264
192 0.0112963
202 0.0112461
212 0.0113751
222 0.0113798
232 0.0114145
242 0.0113953
252 0.0113375
262 0.0112408
272 0.011361
282 0.0112967
292 0.0113475
302 0.0116176
312 0.0114109
322 0.0113514
332 0.0113966
342 0.0112318
352 0.011364
362 0.0114202
372 0.011384
382 0.0113205
392 0.0113644
402 0.0143139
412 0.0351663
422 0.0297014
432 0.0116656
442 0.0114898
452 0.0114814
462 0.011396
472 0.0113334
482 0.0114274
492 0.0111497
502 0.0114085
512 0.0114911
522 0.0114415
532 0.0113989
542 0.0113792
552 0.0113746
562 0.0112417
572 0.0111591
582 0.0121088
592 0.0113372
602 0.0111816
612 0.0114756
622 0.0113978
632 0.0114308
642 0.0113214
652 0.011285
662 0.0112438
672 0.0113484
682 0.0112822
692 0.0112522
702 0.0111579
712 0.0113164
722 0.0113379
732 0.0113389
742 0.0115416
752 0.0113405
762 0.0113495
772 0.0114297
782 0.0113129
792 0.0114517
802 0.0109002
812 0.0111226
822 0.0113713
832 0.0113572
842 0.0114927
852 0.0115934
862 0.0114085
872 0.0113355
882 0.0113663
892 0.0112544
902 0.0112983
912 0.0117428
922 0.0113662
932 0.011299
942 0.011249
952 0.0111968
962 0.0113101
972 0.0113124
982 0.011282
992 0.0113418
1002 0.0113374
1012 0.0113715
1022 0.0112863
1032 0.0112794
1042 0.0113089
1052 0.0113167
1062 0.0113044
1072 0.011226
1082 0.0112069
1092 0.011265
1102 0.0112972
1112 0.0112574
1122 0.011256
1132 0.0114099
1142 0.0111888
1152 0.0111976
1162 0.0112938
1172 0.0113677
1182 0.0111059
1192 0.0111208
1202 0.0113061
1212 0.0112326
1222 0.0113385
1232 0.0114987
1242 0.0112315
1252 0.0110287
1262 0.0112037
1272 0.0112159
1282 0.0112109
1292 0.0111856
1302 0.0110172
1312 0.0108947
1322 0.0108544
1332 0.0108658
1342 0.0108526
1352 0.0108653
1362 0.0108022
1372 0.0108182
1382 0.010798
1392 0.0107946
1402 0.0107869
1412 0.0107964
1422 0.0107859
1432 0.0107697
1442 0.0107497
1452 0.0107883
1462 0.0107841
1472 0.0108057
1482 0.01078
1492 0.0108179
1502 0.0108001
1512 0.0108008
1522 0.010794
1532 0.0108084
1542 0.0107736
1552 0.0107954
1562 0.0107728
1572 0.0119447
1582 0.0108178
1592 0.0108208
1602 0.0108666
1612 0.0108237
1622 0.0107823
1632 0.0108143
1642 0.0108728
1652 0.0108626
1662 0.0109233
1672 0.0108014
1682 0.0108118
1692 0.0108061
1702 0.0107919
1712 0.0107985
1722 0.0107918
1732 0.0108094
1742 0.0108118
1752 0.0107823
1762 0.0107887
1772 0.0107768
1782 0.0107796
1792 0.0107639
1802 0.01079
1812 0.0107737
1822 0.010805
1832 0.0108168
1842 0.0107651
1852 0.0107856
1862 0.0107923
1872 0.0108174
1882 0.0108023
1892 0.0108159
1902 0.0108152
1912 0.0111486
1922 0.0108358
1932 0.0107929
1942 0.0107771
1952 0.0107923
1962 0.010807
1972 0.0108103
1982 0.0108087
1992 0.0107892
2002 0.0108261
2012 0.010792
2022 0.0107909
2032 0.0107966
2042 0.0107956
2052 0.0108082
2062 0.0107577
2072 0.0107969
2082 0.0107708
2092 0.010783
2102 0.0107754
2112 0.0108002
2122 0.0107806
2132 0.0108048
2142 0.0107815
2152 0.0107752
2162 0.0108206
2172 0.0108078
2182 0.0107896
2192 0.0108315
2202 0.0108341
2212 0.0108559
2222 0.0108648
2232 0.0109213
2242 0.0108215
2252 0.0110697
2262 0.0108189
2272 0.0107992
2282 0.0107932
2292 0.0107596
2302 0.0107612
2312 0.0108037
2322 0.0107651
2332 0.0107864
2342 0.0108155
2352 0.0108185
2362 0.010798
2372 0.0108288
2382 0.010781
2392 0.0107884
2402 0.0108017
2412 0.0107689
2422 0.0107765
2432 0.0107837
2442 0.010763
2452 0.0107929
2462 0.0107636
2472 0.0107733
2482 0.0107867
2492 0.010793
2502 0.0107639
2512 0.010805
2522 0.0107898
2532 0.0107775
2542 0.0107883
2552 0.0108051
2562 0.0107525
2572 0.0107784
2582 0.0107813
2592 0.010999
2602 0.0107901
2612 0.0107991
2622 0.0107724
2632 0.0107661
2642 0.0107814
2652 0.0107915
2662 0.0107785
2672 0.0108049
2682 0.0107935
2692 0.0107855
2702 0.0107967
2712 0.010798
2722 0.0107342
2732 0.0108046
2742 0.0107595
2752 0.0108227
2762 0.0107988
2772 0.0107964
2782 0.0107546
2792 0.0107908
2802 0.0107664
2812 0.0107818
2822 0.0108002
2832 0.0108113
2842 0.0107933
2852 0.0108098
2862 0.0107826
2872 0.010779
2882 0.0108012
2892 0.0107874
2902 0.0107568
2912 0.0108132
2922 0.0107855
2932 0.0109932
2942 0.0107837
2952 0.0108006
2962 0.0108095
2972 0.0108146
2982 0.0107825
2992 0.0107901
3002 0.0107633
3012 0.0108152
3022 0.0107704
3032 0.0107973
3042 0.0107651
3052 0.0108117
3062 0.0107883
3072 0.0107906
3082 0.0107818
3092 0.0108121
3102 0.0107769
3112 0.010766
3122 0.0107806
3132 0.0107762
3142 0.010783
3152 0.0107864
3162 0.01077
3172 0.0108063
3182 0.0107837
3192 0.0108105
3202 0.010766
3212 0.0107782
3222 0.0107739
3232 0.0108025
3242 0.0107917
3252 0.0107922
3262 0.0107857
3272 0.0108317
3282 0.0109822
3292 0.0108376
3302 0.0107914
3312 0.0108059
3322 0.0107803
3332 0.0108231
3342 0.0107983
3352 0.0107902
3362 0.0107692
3372 0.0108133
3382 0.0107893
3392 0.0108117
3402 0.0107734
3412 0.0107981
3422 0.0107828
3432 0.0108036
3442 0.0107741
3452 0.0108086
3462 0.0108021
3472 0.0108134
3482 0.0108108
3492 0.0108146
3502 0.0107838
3512 0.0108074
3522 0.0107724
3532 0.0107847
3542 0.0107672
3552 0.0107928
3562 0.0107797
3572 0.0107886
3582 0.0107642
3592 0.010804
3602 0.0107872
3612 0.0108009
3622 0.0109733
3632 0.010834
3642 0.0107936
3652 0.0109773
3662 0.0108356
3672 0.0107903
3682 0.0108083
3692 0.0107899
3702 0.0107734
3712 0.0108043
3722 0.0107634
3732 0.0107811
3742 0.0107923
3752 0.010808
3762 0.010771
3772 0.0107838
3782 0.0107789
3792 0.0107874
3802 0.0107845
3812 0.0107768
3822 0.0107716
3832 0.0107898
3842 0.0107723
3852 0.0108094
3862 0.0107545
3872 0.0107778
3882 0.0107615
3892 0.0107878
3902 0.0108098
3912 0.0107871
3922 0.0107706
3932 0.0108026
3942 0.0108049
3952 0.0107997
3962 0.0110042
3972 0.0107955
3982 0.0107809
3992 0.0108028
4002 0.0107988
4012 0.0108251
4022 0.0107697
4032 0.0107695
4042 0.0107624
4052 0.0108304
4062 0.0108012
4072 0.0107976
4082 0.0108059
4092 0.0108019
4102 0.0107504
4112 0.0107997
4122 0.0107746
4132 0.0108068
4142 0.0107947
4152 0.0107893
4162 0.0107808
4172 0.0108083
4182 0.0107598
4192 0.0107688
4202 0.0107533
4212 0.0107818
4222 0.0107649
4232 0.0108002
4242 0.01078
4252 0.0107936
4262 0.0107952
4272 0.0108049
4282 0.0107687
4292 0.0107749
4302 0.0109503
4312 0.0107973
4322 0.0107981
4332 0.0107915
4342 0.0107679
4352 0.0107691
4362 0.0107985
4372 0.0107857
4382 0.0107881
4392 0.010795
4402 0.0107974
4412 0.0107986
4422 0.0107823
4432 0.0108013
4442 0.0108078
4452 0.010798
4462 0.0108014
4472 0.0108002
4482 0.0107634
4492 0.0108007
4502 0.0108075
4512 0.0107957
4522 0.010773
4532 0.0107714
4542 0.0107896
4552 0.0107889
4562 0.0107746
4572 0.0107727
4582 0.0108055
4592 0.0107895
4602 0.0107838
4612 0.0108141
4622 0.0107993
4632 0.010793
4642 0.0107712
4652 0.0108288
4662 0.0107732
4672 0.0107983
4682 0.0107966
4692 0.0108167
4702 0.0107916
4712 0.0108092
4722 0.0108102
4732 0.0108117
4742 0.0108018
4752 0.0107967
4762 0.0107726
4772 0.0108309
4782 0.010788
4792 0.0107759
4802 0.0107944
4812 0.0108046
4822 0.010794
4832 0.0108051
4842 0.010772
4852 0.0107732
4862 0.0107732
4872 0.0107814
4882 0.0107943
4892 0.0107902
4902 0.0107731
4912 0.0107941
4922 0.0107763
4932 0.0108086
4942 0.0107816
4952 0.0108067
4962 0.0107881
4972 0.0108003
4982 0.0107942
4992 0.0109669
5002 0.0107689
5012 0.0107826
5022 0.0107784
5032 0.0107947
5042 0.0107813
5052 0.010793
5062 0.010772
5072 0.0108073
5082 0.0108129
5092 0.0107986
5102 0.0107857
5112 0.0107891
5122 0.0108022
5132 0.0107893
5142 0.0107722
5152 0.0107906
5162 0.0107919
5172 0.0107896
5182 0.0107831
5192 0.0107976
5202 0.010751
5212 0.0107915
5222 0.0107717
5232 0.010785
5242 0.0107709
5252 0.0107697
5262 0.0107638
5272 0.0107662
5282 0.010778
5292 0.0107778
5302 0.0107482
5312 0.0108074
5322 0.0107982
5332 0.0109742
5342 0.0107795
5352 0.0107704
5362 0.0107795
5372 0.0108171
5382 0.0107998
5392 0.0108016
5402 0.0107897
5412 0.0107833
5422 0.0107742
5432 0.0108003
5442 0.0108033
5452 0.0108078
5462 0.0108128
5472 0.010805
5482 0.010814
5492 0.0107695
5502 0.0107914
5512 0.010769
5522 0.0107928
5532 0.0107934
5542 0.0107832
5552 0.0108074
5562 0.010796
5572 0.0108026
5582 0.0107592
5592 0.0107887
5602 0.0107822
5612 0.0107999
5622 0.010769
5632 0.0107998
5642 0.0107765
5652 0.0107993
5662 0.0107953
5672 0.0110122
5682 0.0107954
5692 0.0107803
5702 0.0107879
5712 0.0107865
5722 0.0107915
5732 0.0107976
5742 0.0107858
5752 0.010807
5762 0.0107875
5772 0.0107885
5782 0.0107518
5792 0.010807
5802 0.0107527
5812 0.0107932
5822 0.0107797
5832 0.010774
5842 0.0107843
5852 0.0107965
5862 0.0107745
5872 0.0107695
5882 0.010805
5892 0.0107737
5902 0.0108017
5912 0.0108283
5922 0.0107787
5932 0.0108055
5942 0.0107689
5952 0.0107698
5962 0.0107617
5972 0.0107928
5982 0.0107639
5992 0.0107901
6002 0.0107855
6012 0.010961
6022 0.0107986
6032 0.0107888
6042 0.0107499
6052 0.0107737
6062 0.0107806
6072 0.0108024
6082 0.0107783
6092 0.0108012
6102 0.010768
6112 0.0107967
6122 0.0107691
6132 0.0107547
6142 0.0107706
6152 0.0107724
6162 0.0107896
6172 0.0108012
6182 0.0107715
6192 0.0107959
6202 0.0107837
6212 0.0108026
6222 0.0107829
6232 0.0107715
6242 0.0108001
6252 0.0108063
6262 0.010801
6272 0.0107974
6282 0.0107962
6292 0.0108118
6302 0.010802
6312 0.0107847
6322 0.0107752
6332 0.0107881
6342 0.0107734
6352 0.0107693
6362 0.0109914
6372 0.0108144
6382 0.0107731
6392 0.0107877
6402 0.0107764
6412 0.0107944
6422 0.0107547
6432 0.0108037
6442 0.0107854
6452 0.0107953
6462 0.0107599
6472 0.0107793
6482 0.0107987
6492 0.0107846
6502 0.0107638
6512 0.0107646
6522 0.0107734
6532 0.0108044
6542 0.0107711
6552 0.0107951
6562 0.0107651
6572 0.010794
6582 0.0107794
6592 0.0107828
6602 0.0107663
6612 0.0107808
6622 0.0107654
6632 0.0107721
6642 0.0108034
6652 0.010799
6662 0.0108134
6672 0.0107994
6682 0.0107849
6692 0.0107974
6702 0.0111124
6712 0.0108115
6722 0.0108086
6732 0.0107854
6742 0.0107791
6752 0.0108115
6762 0.0107944
6772 0.0107947
6782 0.0107736
6792 0.0107761
6802 0.0108158
6812 0.0107861
6822 0.010771
6832 0.0108153
6842 0.0107618
6852 0.0108575
6862 0.0107716
6872 0.0108035
6882 0.0107941
6892 0.010762
6902 0.0107613
6912 0.0108002
6922 0.0107952
6932 0.0107968
6942 0.0107645
6952 0.0108075
6962 0.0107908
6972 0.0108174
6982 0.010785
6992 0.010797
7002 0.0107869
7012 0.0107829
7022 0.0107811
7032 0.0108051
7042 0.010996
7052 0.0108021
7062 0.0107891
7072 0.0108253
7082 0.0107422
7092 0.0107759
7102 0.0107721
7112 0.0108028
7122 0.0107918
7132 0.0107746
7142 0.0107767
7152 0.0108095
7162 0.0107612
7172 0.0107952
7182 0.0107925
7192 0.0107558
7202 0.0107793
7212 0.0107808
7222 0.0107684
7232 0.0107943
7242 0.010784
7252 0.0107794
7262 0.0107809
7272 0.0107696
7282 0.0107816
7292 0.0107983
7302 0.0107728
7312 0.0107526
7322 0.0107783
7332 0.0108206
7342 0.010772
7352 0.0108037
7362 0.0107774
7372 0.010793
7382 0.0109473
7392 0.0107956
7402 0.0107834
7412 0.0107696
7422 0.0107608
7432 0.0107981
7442 0.0107534
7452 0.0107814
7462 0.0107676
7472 0.0107814
7482 0.0107751
7492 0.010794
7502 0.0107882
7512 0.0107897
7522 0.0107496
7532 0.0107873
7542 0.0107805
7552 0.0107875
7562 0.0107639
7572 0.0107736
7582 0.0107933
7592 0.0107961
7602 0.010785
7612 0.0107936
7622 0.0107684
7632 0.0107808
7642 0.0107704
7652 0.0107577
7662 0.0107383
7672 0.0107652
7682 0.0107773
7692 0.0107832
7702 0.0107633
7712 0.0108152
7722 0.0107651
7732 0.0109792
7742 0.0107697
7752 0.0108115
7762 0.0107758
7772 0.0107691
7782 0.0107755
7792 0.0107749
7802 0.0107829
7812 0.0107917
7822 0.0107858
7832 0.0107823
7842 0.0107689
7852 0.0107799
7862 0.0107815
7872 0.0107824
7882 0.0107594
7892 0.0107923
7902 0.0107665
7912 0.010773
7922 0.0107697
7932 0.0108054
7942 0.0107827
7952 0.0107796
7962 0.0107447
7972 0.010757
7982 0.0107798
7992 0.0107953
8002 0.0107686
8012 0.0107806
8022 0.0107602
8032 0.0107937
8042 0.0107727
8052 0.010928
8062 0.0109267
8072 0.0110682
8082 0.0109133
8092 0.0109149
8102 0.0108473
8112 0.0108386
8122 0.0107509
8132 0.0108171
8142 0.011056
8152 0.011009
8162 0.0110736
8172 0.0110864
8182 0.0112053
8192 0.0108962
8202 0.0107915
8212 0.0107774
8222 0.0107809
8232 0.0107978
8242 0.010763
8252 0.0107954
8262 0.0108114
8272 0.0107825
8282 0.0107792
8292 0.010766
8302 0.0107694
8312 0.0107897
8322 0.010776
8332 0.0108244
8342 0.0107759
8352 0.0107971
8362 0.0107851
8372 0.0107892
8382 0.0107676
8392 0.0107653
8402 0.0107653
8412 0.0111128
8422 0.0107898
8432 0.0108053
8442 0.0107725
8452 0.0108058
8462 0.0107636
8472 0.010775
8482 0.0107811
8492 0.0108089
8502 0.0107895
8512 0.0107992
8522 0.0107723
8532 0.0107786
8542 0.0107802
8552 0.0107536
8562 0.0107857
8572 0.0108007
8582 0.0108168
8592 0.0108001
8602 0.0107879
8612 0.0107944
8622 0.0107908
8632 0.0107745
8642 0.0108
8652 0.0107812
8662 0.0107645
8672 0.0107772
8682 0.0107782
8692 0.0107783
8702 0.0107753
8712 0.0108095
8722 0.0107608
8732 0.0108019
8742 0.0107635
8752 0.0109898
8762 0.0107754
8772 0.010783
8782 0.01076
8792 0.0108004
8802 0.0107798
8812 0.0107745
8822 0.0107548
8832 0.0107778
8842 0.0107658
8852 0.01078
8862 0.0107612
8872 0.0107988
8882 0.0107677
8892 0.0107896
8902 0.0107805
8912 0.0107886
8922 0.0107656
8932 0.0107786
8942 0.010765
8952 0.0107861
8962 0.0107793
8972 0.0107915
8982 0.0107658
8992 0.0107857
9002 0.0107845
9012 0.0107715
9022 0.0107696
9032 0.0107753
9042 0.0107534
9052 0.0107917
9062 0.010761
9072 0.0107889
9082 0.0107747
9092 0.0109626
9102 0.010782
9112 0.0107961
9122 0.0108071
9132 0.0107859
9142 0.0107679
9152 0.0108151
9162 0.0108069
9172 0.0107898
9182 0.0107436
9192 0.0107823
9202 0.0107497
9212 0.0107784
9222 0.0107722
9232 0.0107774
9242 0.0107625
9252 0.0108
9262 0.0107762
9272 0.0107963
9282 0.0107798
9292 0.0107698
9302 0.0107861
9312 0.0108079
9322 0.0107757
9332 0.0108077
9342 0.0107531
9352 0.0107762
9362 0.0107606
9372 0.0107792
9382 0.0107705
9392 0.0107989
9402 0.0107733
9412 0.0108123
9422 0.0107921
9432 0.0108004
9442 0.0110421
9452 0.0107876
9462 0.0107908
9472 0.0107951
9482 0.0107673
9492 0.0107983
9502 0.0107734
9512 0.0107701
9522 0.0107639
9532 0.0107595
9542 0.010766
9552 0.0107898
9562 0.0107891
9572 0.0108057
9582 0.0107552
9592 0.0107978
9602 0.0107573
9612 0.0107757
9622 0.0107666
9632 0.0107856
9642 0.0107752
9652 0.0107918
9662 0.0107406
9672 0.0107864
9682 0.0107531
9692 0.0107934
9702 0.0107669
9712 0.0108053
9722 0.01079
9732 0.0107812
9742 0.0107595
9752 0.0107832
9762 0.0107646
9772 0.010781
9782 0.0110283
9792 0.0108047
9802 0.0108082
9812 0.0107781
9822 0.0107811
9832 0.0107599
9842 0.0107867
9852 0.010771
9862 0.0107686
9872 0.010801
9882 0.0108052
9892 0.0107711
9902 0.0108022
9912 0.0107719
9922 0.010785
9932 0.0107524
9942 0.0107814
9952 0.010782
9962 0.010778
9972 0.0107519
9982 0.010785
9992 0.0107715