2 20727
12 14887
22 12819
32 9265
42 7164
52 5922
62 5145
72 4631
82 4202
92 3963
102 3705
112 3612
122 3564
132 3362
142 3443
152 3282
162 3345
172 3380
182 3333
192 3269
202 3507
212 3452
222 3583
232 3703
242 3727
252 3714
262 3923
272 3834
282 3820
292 3844
302 3847
312 4060
322 4254
332 4174
342 4515
352 4564
362 4639
372 4157
382 4282
392 4254
402 4522
412 4445
422 4840
432 5227
442 5334
452 5648
462 5646
472 5227
482 5140
492 4964
502 4915
512 5020
522 5089
532 5178
542 5543
552 5358
562 5568
572 5703
582 5610
592 5867
602 6267
612 6437
622 6974
632 7099
642 7625
652 7702
662 7894
672 7394
682 7284
692 6971
702 7078
712 7008
722 6817
732 6724
742 6818
752 6608
762 6522
772 6658
782 6805
792 6744
802 6911
812 6777
822 6877
832 6647
842 7123
852 7035
862 7506
872 7309
882 7497
892 7773
902 7933
912 8014
922 8507
932 8519
942 9140
952 9306
962 9417
972 9889
982 9906
992 10113
1002 10839
1012 10806
1022 10258
1032 10679
1042 11472
1052 11167
1062 11534
1072 10931
1082 11492
1092 11825
1102 11351
1112 11697
1122 11028
1132 11968
1142 11392
1152 11498
1162 11300
1172 10970
1182 10682
1192 11680
1202 12092
1212 11050
1222 10540
1232 11304
1242 10809
1252 10276
1262 10846
1272 10621
1282 10891
1292 10841
1302 10519
1312 10327
1322 10688
1332 11009
1342 10391
1352 10271
1362 10337
1372 9596
1382 9591
1392 9760
1402 10208
1412 9792
1422 10047
1432 10294
1442 9761
1452 9812
1462 9795
1472 9983
1482 10088
1492 9465
1502 9652
1512 9350
1522 9595
1532 10049
1542 9806
1552 9627
1562 9928
1572 10171
1582 9989
1592 9829
1602 9858
1612 9768
1622 9888
1632 10159
1642 10252
1652 10245
1662 10053
1672 10161
1682 10262
1692 10148
1702 10034
1712 10128
1722 10629
1732 10348
1742 10096
1752 10553
1762 10452
1772 10592
1782 10255
1792 10733
1802 10745
1812 10644
1822 10896
1832 11220
1842 11444
1852 11404
1862 11595
1872 11694
1882 11137
1892 11454
1902 11251
1912 11552
1922 11372
1932 12223
1942 11889
1952 11880
1962 12189
1972 12152
1982 12346
1992 12337
2002 12296
2012 12622
2022 13165
2032 12444
2042 12550
2052 12838
2062 13234
2072 13087
2082 12772
2092 13021
2102 13498
2112 12857
2122 13432
2132 13135
2142 13186
2152 13206
2162 13547
2172 13547
2182 13547
2192 13547
2202 13547
2212 13547
2222 13547
2232 13547
2242 13547
2252 13547
2262 13547
2272 13547
2282 13547
2292 13547
2302 13547
2312 13547
2322 13547
2332 13547
2342 13547
2352 13547
2362 13547
2372 13547
2382 13547
2392 13547
2402 13547
2412 13547
2422 13547
2432 13547
2442 13547
2452 13547
2462 13547
2472 13547
2482 13547
2492 13547
2502 13547
2512 13547
2522 13547
2532 13547
2542 13547
2552 13547
2562 13547
2572 13547
2582 13547
2592 13547
2602 13547
2612 13547
2622 13547
2632 13547
2642 13547
2652 13547
2662 13547
2672 13547
2682 13547
2692 13547
2702 13547
2712 13547
2722 13547
2732 13547
2742 13547
2752 13547
2762 13547
2772 13547
2782 13547
2792 13547
2802 13547
2812 13547
2822 13547
2832 13547
2842 13547
2852 13547
2862 13547
2872 13547
2882 13547
2892 13547
2902 13547
2912 13547
2922 13547
2932 13547
2942 13547
2952 13547
2962 13547
2972 13547
2982 13547
2992 13547
3002 13547
3012 13547
3022 13547
3032 13547
3042 13547
3052 13547
3062 13547
3072 13547
3082 13547
3092 13547
3102 13547
3112 13547
3122 13547
3132 13547
3142 13547
3152 13547
3162 13547
3172 13547
3182 13547
3192 13547
3202 13547
3212 13547
3222 13547
3232 13547
3242 13547
3252 13547
3262 13547
3272 13547
3282 13547
3292 13547
3302 13547
3312 13547
3322 13547
3332 13547
3342 13547
3352 13547
3362 13547
3372 13547
3382 13547
3392 13547
3402 13547
3412 13547
3422 13547
3432 13547
3442 13547
3452 13547
3462 13547
3472 13547
3482 13547
3492 13547
3502 13547
3512 13547
3522 13547
3532 13547
3542 13547
3552 13547
3562 13547
3572 13547
3582 13547
3592 13547
3602 13547
3612 13547
3622 13547
3632 13547
3642 13547
3652 13547
3662 13547
3672 13547
3682 13547
3692 13547
3702 13547
3712 13547
3722 13547
3732 13547
3742 13547
3752 13547
3762 13547
3772 13547
3782 13547
3792 13547
3802 13547
3812 13547
3822 13547
3832 13547
3842 13547
3852 13547
3862 13547
3872 13547
3882 13547
3892 13547
3902 13547
3912 13547
3922 13547
3932 13547
3942 13547
3952 13547
3962 13547
3972 13547
3982 13547
3992 13547
4002 13547
4012 13547
4022 13547
4032 13547
4042 13547
4052 13547
4062 13547
4072 13547
4082 13547
4092 13547
4102 13547
4112 13547
4122 13547
4132 13547
4142 13547
4152 13547
4162 13547
4172 13547
4182 13547
4192 13547
4202 13547
4212 13547
4222 13547
4232 13547
4242 13547
4252 13547
4262 13547
4272 13547
4282 13547
4292 13547
4302 13547
4312 13547
4322 13547
4332 13547
4342 13547
4352 13547
4362 13547
4372 13547
4382 13547
4392 13547
4402 13547
4412 13547
4422 13547
4432 13547
4442 13547
4452 13547
4462 13547
4472 13547
4482 13547
4492 13547
4502 13547
4512 13547
4522 13547
4532 13547
4542 13547
4552 13547
4562 13547
4572 13547
4582 13547
4592 13547
4602 13547
4612 13547
4622 13547
4632 13547
4642 13547
4652 13547
4662 13547
4672 13547
4682 13547
4692 13547
4702 13547
4712 13547
4722 13547
4732 13547
4742 13547
4752 13547
4762 13547
4772 13547
4782 13547
4792 13547
4802 13547
4812 13547
4822 13547
4832 13547
4842 13547
4852 13547
4862 13547
4872 13547
4882 13547
4892 13547
4902 13547
4912 13547
4922 13547
4932 13547
4942 13547
4952 13547
4962 13547
4972 13547
4982 13547
4992 13547