2 17995
12 11272
22 9720
32 7070
42 5768
52 5249
62 4862
72 4712
82 4553
92 4528
102 4422
112 4414
122 4413
132 4408
142 4404
152 4396
162 4394
172 4394
182 4404
192 4404
202 4404
212 4404
222 4404
232 4404
242 4404
252 4404
262 4404
272 4404
282 4404
292 4404
302 4404
312 4404
322 4404
332 4404
342 4404
352 4404
362 4404
372 4404
382 4404
392 4404
402 4404
412 4404
422 4404
432 4404
442 4404
452 4404
462 4404
472 4404
482 4404
492 4404
502 4404
512 4404
522 4404
532 4404
542 4404
552 4404
562 4404
572 4404
582 4404
592 4404
602 4404
612 4404
622 4404
632 4404
642 4404
652 4404
662 4404
672 4404
682 4404
692 4404
702 4404
712 4404
722 4404
732 4404
742 4404
752 4404
762 4404
772 4404
782 4404
792 4404
802 4404
812 4404
822 4404
832 4404
842 4404
852 4404
862 4404
872 4404
882 4404
892 4404
902 4404
912 4404
922 4404
932 4404
942 4404
952 4404
962 4404
972 4404
982 4404
992 4404
1002 4404
1012 4404
1022 4404
1032 4404
1042 4404
1052 4404
1062 4404
1072 4404
1082 4404
1092 4404
1102 4404
1112 4404
1122 4404
1132 4404
1142 4404
1152 4404
1162 4404
1172 4404
1182 4404
1192 4404
1202 4404
1212 4404
1222 4404
1232 4404
1242 4404
1252 4404
1262 4404
1272 4404
1282 4404
1292 4404
1302 4404
1312 4404
1322 4404
1332 4404
1342 4404
1352 4404
1362 4404
1372 4404
1382 4404
1392 4404
1402 4404
1412 4404
1422 4404
1432 4404
1442 4404
1452 4404
1462 4404
1472 4404
1482 4404
1492 4404
1502 4404
1512 4404
1522 4404
1532 4404
1542 4404
1552 4404
1562 4404
1572 4404
1582 4404
1592 4404
1602 4404
1612 4404
1622 4404
1632 4404
1642 4404
1652 4404
1662 4404
1672 4404
1682 4404
1692 4404
1702 4404
1712 4404
1722 4404
1732 4404
1742 4404
1752 4404
1762 4404
1772 4404
1782 4404
1792 4404
1802 4404
1812 4404
1822 4404
1832 4404
1842 4404
1852 4404
1862 4404
1872 4404
1882 4404
1892 4404
1902 4404
1912 4404
1922 4404
1932 4404
1942 4404
1952 4404
1962 4404
1972 4404
1982 4404
1992 4404
2002 4404
2012 4404
2022 4404
2032 4404
2042 4404
2052 4404
2062 4404
2072 4404
2082 4404
2092 4404
2102 4404
2112 4404
2122 4404
2132 4404
2142 4404
2152 4404
2162 4404
2172 4404
2182 4404
2192 4404
2202 4404
2212 4404
2222 4404
2232 4404
2242 4404
2252 4404
2262 4404
2272 4404
2282 4404
2292 4404
2302 4404
2312 4404
2322 4404
2332 4404
2342 4404
2352 4404
2362 4404
2372 4404
2382 4404
2392 4404
2402 4404
2412 4404
2422 4404
2432 4404
2442 4404
2452 4404
2462 4404
2472 4404
2482 4404
2492 4404
2502 4404
2512 4404
2522 4404
2532 4404
2542 4404
2552 4404
2562 4404
2572 4404
2582 4404
2592 4404
2602 4404
2612 4404
2622 4404
2632 4404
2642 4404
2652 4404
2662 4404
2672 4404
2682 4404
2692 4404
2702 4404
2712 4404
2722 4404
2732 4404
2742 4404
2752 4404
2762 4404
2772 4404
2782 4404
2792 4404
2802 4404
2812 4404
2822 4404
2832 4404
2842 4404
2852 4404
2862 4404
2872 4404
2882 4404
2892 4404
2902 4404
2912 4404
2922 4404
2932 4404
2942 4404
2952 4404
2962 4404
2972 4404
2982 4404
2992 4404
3002 4404
3012 4404
3022 4404
3032 4404
3042 4404
3052 4404
3062 4404
3072 4404
3082 4404
3092 4404
3102 4404
3112 4404
3122 4404
3132 4404
3142 4404
3152 4404
3162 4404
3172 4404
3182 4404
3192 4404
3202 4404
3212 4404
3222 4404
3232 4404
3242 4404
3252 4404
3262 4404
3272 4404
3282 4404
3292 4404
3302 4404
3312 4404
3322 4404
3332 4404
3342 4404
3352 4404
3362 4404
3372 4404
3382 4404
3392 4404
3402 4404
3412 4404
3422 4404
3432 4404
3442 4404
3452 4404
3462 4404
3472 4404
3482 4404
3492 4404
3502 4404
3512 4404
3522 4404
3532 4404
3542 4404
3552 4404
3562 4404
3572 4404
3582 4404
3592 4404
3602 4404
3612 4404
3622 4404
3632 4404
3642 4404
3652 4404
3662 4404
3672 4404
3682 4404
3692 4404
3702 4404
3712 4404
3722 4404
3732 4404
3742 4404
3752 4404
3762 4404
3772 4404
3782 4404
3792 4404
3802 4404
3812 4404
3822 4404
3832 4404
3842 4404
3852 4404
3862 4404
3872 4404
3882 4404
3892 4404
3902 4404
3912 4404
3922 4404
3932 4404
3942 4404
3952 4404
3962 4404
3972 4404
3982 4404
3992 4404
4002 4404
4012 4404
4022 4404
4032 4404
4042 4404
4052 4404
4062 4404
4072 4404
4082 4404
4092 4404
4102 4404
4112 4404
4122 4404
4132 4404
4142 4404
4152 4404
4162 4404
4172 4404
4182 4404
4192 4404
4202 4404
4212 4404
4222 4404
4232 4404
4242 4404
4252 4404
4262 4404
4272 4404
4282 4404
4292 4404
4302 4404
4312 4404
4322 4404
4332 4404
4342 4404
4352 4404
4362 4404
4372 4404
4382 4404
4392 4404
4402 4404
4412 4404
4422 4404
4432 4404
4442 4404
4452 4404
4462 4404
4472 4404
4482 4404
4492 4404
4502 4404
4512 4404
4522 4404
4532 4404
4542 4404
4552 4404
4562 4404
4572 4404
4582 4404
4592 4404
4602 4404
4612 4404
4622 4404
4632 4404
4642 4404
4652 4404
4662 4404
4672 4404
4682 4404
4692 4404
4702 4404
4712 4404
4722 4404
4732 4404
4742 4404
4752 4404
4762 4404
4772 4404
4782 4404
4792 4404
4802 4404
4812 4404
4822 4404
4832 4404
4842 4404
4852 4404
4862 4404
4872 4404
4882 4404
4892 4404
4902 4404
4912 4404
4922 4404
4932 4404
4942 4404
4952 4404
4962 4404
4972 4404
4982 4404
4992 4404