2 1.53901
12 1.23517
22 1.24532
32 1.24821
42 1.24679
52 1.24887
62 1.2432
72 1.25951
82 1.26091
92 1.24809
102 1.25446
112 1.24683
122 1.25096
132 1.25513
142 1.25456
152 1.24969
162 1.26209
172 1.25061
182 1.253
192 1.24551
202 1.25227
212 1.25128
222 1.25285
232 1.25887
242 1.24887
252 1.25194
262 1.25427
272 1.26393
282 1.25404
292 1.25544
302 1.25543
312 1.25893
322 1.25575
332 1.25599
342 1.25997
352 1.25799
362 1.2493
372 1.25911
382 1.25379
392 1.24944
402 1.25718
412 1.25292
422 1.2613
432 1.25667
442 1.25634
452 1.25835
462 1.25883
472 1.25904
482 1.26081
492 1.2606
502 1.25955
512 1.25332
522 1.2597
532 1.25959
542 1.25433
552 1.25155
562 1.26072
572 1.25835
582 1.25718
592 1.25871
602 1.26298
612 1.25879
622 1.25862
632 1.25713
642 1.25832
652 1.25727
662 1.25833
672 1.25661
682 1.25656
692 1.26071
702 1.25467
712 1.25702
722 1.25722
732 1.2598
742 1.25425
752 1.25617
762 1.25566
772 1.25986
782 1.25618
792 1.25882
802 1.25342
812 1.25534
822 1.25841
832 1.25578
842 1.25916
852 1.30925
862 1.2581
872 1.25867
882 1.25426
892 1.25875
902 1.26011
912 1.25899
922 1.25629
932 1.25811
942 1.25996
952 1.26245
962 1.25623
972 1.2574
982 1.25858
992 1.25758
1002 1.25715
1012 1.25179
1022 1.25748
1032 1.26262
1042 1.25916
1052 1.2576
1062 1.25817
1072 1.25981
1082 1.25639
1092 1.25574
1102 1.25827
1112 1.25738
1122 1.25582
1132 1.26138
1142 1.26067
1152 1.26047
1162 1.26015
1172 1.25828
1182 1.26136
1192 1.2521
1202 1.25945
1212 1.25616
1222 1.25839
1232 1.25935
1242 1.25813
1252 1.25982
1262 1.25725
1272 1.25773
1282 1.25937
1292 1.2559
1302 1.25914
1312 1.25105
1322 1.25701
1332 1.25751
1342 1.25288
1352 1.25989
1362 1.25964
1372 1.25779
1382 1.25795
1392 1.25838
1402 1.25147
1412 1.25714
1422 1.2551
1432 1.25604
1442 1.26036
1452 1.26051
1462 1.25917
1472 1.2612
1482 1.25963
1492 1.25798
1502 1.25684
1512 1.25081
1522 1.25942
1532 1.25418
1542 1.25334
1552 1.25957
1562 1.26127
1572 1.25619
1582 1.25319
1592 1.25921
1602 1.25858
1612 1.25755
1622 1.25098
1632 1.25876
1642 1.2689
1652 1.26083
1662 1.25877
1672 1.25273
1682 1.25952
1692 1.25707
1702 1.25098
1712 1.25127
1722 1.26011
1732 1.24917
1742 1.25931
1752 1.25953
1762 1.25089
1772 1.25602
1782 1.25064
1792 1.25165
1802 1.25894
1812 1.24941
1822 1.25072
1832 1.25939
1842 1.25883
1852 1.24923
1862 1.26032
1872 1.26243
1882 1.26008
1892 1.2489
1902 1.25443
1912 1.26035
1922 1.25927
1932 1.24876
1942 1.25193
1952 1.25993
1962 1.25134
1972 1.24951
1982 1.25132
1992 1.25201
2002 1.25939
2012 1.24996
2022 1.25851
2032 1.25149
2042 1.25968
2052 1.24928
2062 1.25132
2072 1.25976
2082 1.25899
2092 1.25099
2102 1.24943
2112 1.25918
2122 1.25067
2132 1.25094
2142 1.24982
2152 1.25163
2162 1.25868
2172 1.2508
2182 1.24972
2192 1.25944
2202 1.25133
2212 1.25151
2222 1.25619
2232 1.2516
2242 1.25075
2252 1.25933
2262 1.24934
2272 1.25123
2282 1.25191
2292 1.25164
2302 1.24878
2312 1.25961
2322 1.25152
2332 1.25055
2342 1.25609
2352 1.25146
2362 1.25125
2372 1.25076
2382 1.25399
2392 1.25356
2402 1.25158
2412 1.25061
2422 1.24918
2432 1.25766
2442 1.25919
2452 1.25116
2462 1.24934
2472 1.25786
2482 1.25111
2492 1.25135
2502 1.24888
2512 1.25082
2522 1.25103
2532 1.25083
2542 1.24841
2552 1.25135
2562 1.25098
2572 1.25048
2582 1.25676
2592 1.25079
2602 1.25095
2612 1.25816
2622 1.24932
2632 1.2512
2642 1.25027
2652 1.25089
2662 1.24965
2672 1.25097
2682 1.25121
2692 1.25117
2702 1.25743
2712 1.25096
2722 1.25149
2732 1.25023
2742 1.24948
2752 1.25003
2762 1.25121
2772 1.24989
2782 1.2489
2792 1.25127
2802 1.24959
2812 1.2503
2822 1.24932
2832 1.25111
2842 1.25168
2852 1.25128
2862 1.2612
2872 1.25429
2882 1.25198
2892 1.25123
2902 1.24889
2912 1.25131
2922 1.25095
2932 1.25136
2942 1.2483
2952 1.25003
2962 1.25026
2972 1.25093
2982 1.24814
2992 1.25091
3002 1.24969
3012 1.2513
3022 1.24942
3032 1.25028
3042 1.25057
3052 1.2492
3062 1.24942
3072 1.25093
3082 1.25082
3092 1.25003
3102 1.24893
3112 1.24995
3122 1.25105
3132 1.24956
3142 1.2483
3152 1.25037
3162 1.25093
3172 1.25055
3182 1.24878
3192 1.25009
3202 1.25036
3212 1.251
3222 1.24944
3232 1.25807
3242 1.25242
3252 1.24997
3262 1.24845
3272 1.25107
3282 1.25279
3292 1.25287
3302 1.24851
3312 1.2496
3322 1.25103
3332 1.25126
3342 1.24913
3352 1.25174
3362 1.25048
3372 1.25033
3382 1.24903
3392 1.24975
3402 1.24966
3412 1.25107
3422 1.24948
3432 1.24948
3442 1.25023
3452 1.25061
3462 1.24955
3472 1.24985
3482 1.26145
3492 1.25099
3502 1.24829
3512 1.24978
3522 1.25086
3532 1.25061
3542 1.25005
3552 1.24981
3562 1.2507
3572 1.24974
3582 1.24846
3592 1.25098
3602 1.24928
3612 1.25145
3622 1.24834
3632 1.24987
3642 1.24994
3652 1.2498
3662 1.24918
3672 1.24986
3682 1.25039
3692 1.24851
3702 1.2486
3712 1.25099
3722 1.24985
3732 1.24736
3742 1.24983
3752 1.2497
3762 1.25658
3772 1.24908
3782 1.25035
3792 1.2502
3802 1.24998
3812 1.25142
3822 1.25322
3832 1.25112
3842 1.24979
3852 1.24831
3862 1.24934
3872 1.25078
3882 1.24928
3892 1.24804
3902 1.25155
3912 1.25557
3922 1.2499
3932 1.24781
3942 1.24982
3952 1.25131
3962 1.25001
3972 1.24775
3982 1.24964
3992 1.24968
4002 1.24976
4012 1.24734
4022 1.25088
4032 1.26237
4042 1.25269
4052 1.2493
4062 1.24974
4072 1.25087
4082 1.24936
4092 1.24828
4102 1.25048
4112 1.2499
4122 1.24963
4132 1.24794
4142 1.24992
4152 1.25497
4162 1.24953
4172 1.24793
4182 1.24975
4192 1.25018
4202 1.25012
4212 1.24816
4222 1.25014
4232 1.25003
4242 1.24981
4252 1.24831
4262 1.25001
4272 1.25073
4282 1.25074
4292 1.25111
4302 1.25237
4312 1.25028
4322 1.25022
4332 1.24757
4342 1.25018
4352 1.25087
4362 1.25223
4372 1.24781
4382 1.25019
4392 1.25005
4402 1.24975
4412 1.24786
4422 1.24996
4432 1.25012
4442 1.24974
4452 1.24786
4462 1.24981
4472 1.25058
4482 1.24998
4492 1.24814
4502 1.25073
4512 1.2514
4522 1.25006
4532 1.24852
4542 1.25044
4552 1.25034
4562 1.25044
4572 1.24824
4582 1.2506
4592 1.25036
4602 1.25094
4612 1.2474
4622 1.25012
4632 1.25049
4642 1.25
4652 1.24796
4662 1.25
4672 1.25009
4682 1.25211
4692 1.24825
4702 1.25041
4712 1.24998
4722 1.24995
4732 1.25412
4742 1.25116
4752 1.25057
4762 1.25005
4772 1.25234
4782 1.25242
4792 1.25013
4802 1.25136
4812 1.24825
4822 1.25019
4832 1.25873
4842 1.25251
4852 1.24918
4862 1.24957
4872 1.24916
4882 1.25316
4892 1.25006
4902 1.24907
4912 1.2498
4922 1.25287
4932 1.25068
4942 1.24947
4952 1.25076
4962 1.2496
4972 1.25378
4982 1.25036
4992 1.25021
5002 1.25026
5012 1.24905
5022 1.25058
5032 1.24948
5042 1.25045
5052 1.25053
5062 1.25234
5072 1.25006
5082 1.24987
5092 1.26299
5102 1.2531
5112 1.25081
5122 1.25104
5132 1.25064
5142 1.25012
5152 1.25261
5162 1.2496
5172 1.24848
5182 1.25239
5192 1.24934
5202 1.25016
5212 1.24792
5222 1.25
5232 1.25047
5242 1.2508
5252 1.25253
5262 1.25595
5272 1.25306
5282 1.25057
5292 1.25067
5302 1.2505
5312 1.25248
5322 1.25018
5332 1.24982
5342 1.25054
5352 1.25262
5362 1.24922
5372 1.24863
5382 1.25271
5392 1.25267
5402 1.24914
5412 1.25091
5422 1.25034
5432 1.25086
5442 1.25216
5452 1.24786
5462 1.24971
5472 1.25029
5482 1.25238
5492 1.24859
5502 1.24962
5512 1.24967
5522 1.25057
5532 1.25094
5542 1.24926
5552 1.25032
5562 1.25012
5572 1.25003
5582 1.2526
5592 1.25079
5602 1.25742
5612 1.25102
5622 1.25261
5632 1.26182
5642 1.25285
5652 1.25084
5662 1.2584
5672 1.25254
5682 1.25055
5692 1.24781
5702 1.24911
5712 1.24974
5722 1.24941
5732 1.251
5742 1.25411
5752 1.25084
5762 1.25285
5772 1.25035
5782 1.25074
5792 1.25048
5802 1.25268
5812 1.25083
5822 1.25238
5832 1.25093
5842 1.25653
5852 1.2508
5862 1.25215
5872 1.24923
5882 1.24962
5892 1.2477
5902 1.25815
5912 1.25271
5922 1.25237
5932 1.24916
5942 1.25108
5952 1.25093
5962 1.25084
5972 1.24854
5982 1.24936
5992 1.251
6002 1.25265
6012 1.25048
6022 1.25198
6032 1.25054
6042 1.25218
6052 1.25107
6062 1.2512
6072 1.25218
6082 1.2584
6092 1.25064
6102 1.25005
6112 1.24901
6122 1.25258
6132 1.24903
6142 1.25872
6152 1.25041
6162 1.25025
6172 1.25043
6182 1.25251
6192 1.25225
6202 1.25
6212 1.25299
6222 1.25321
6232 1.2529
6242 1.24936
6252 1.25017
6262 1.2522
6272 1.25032
6282 1.25267
6292 1.24844
6302 1.25276
6312 1.25232
6322 1.25797
6332 1.25009
6342 1.25266
6352 1.2531
6362 1.25279
6372 1.24864
6382 1.25056
6392 1.25245
6402 1.2523
6412 1.25021
6422 1.25652
6432 1.25528
6442 1.25201
6452 1.24796
6462 1.25041
6472 1.25036
6482 1.24978
6492 1.24916
6502 1.25235
6512 1.25227
6522 1.25285
6532 1.25441
6542 1.2501
6552 1.25295
6562 1.25827
6572 1.25087
6582 1.25275
6592 1.25825
6602 1.25193
6612 1.25074
6622 1.24949
6632 1.24996
6642 1.25272
6652 1.25055
6662 1.25286
6672 1.25244
6682 1.25219
6692 1.26542
6702 1.25453
6712 1.25025
6722 1.25066
6732 1.25042
6742 1.25226
6752 1.25212
6762 1.2513
6772 1.25548
6782 1.25306
6792 1.2527
6802 1.25789
6812 1.25056
6822 1.25299
6832 1.25247
6842 1.25212
6852 1.24864
6862 1.25065
6872 1.25292
6882 1.25287
6892 1.25086
6902 1.25159
6912 1.25195
6922 1.25247
6932 1.25018
6942 1.25197
6952 1.25197
6962 1.25242
6972 1.24762
6982 1.25208
6992 1.25224
7002 1.24995
7012 1.25682
7022 1.25294
7032 1.25246
7042 1.25822
7052 1.25054
7062 1.25197
7072 1.25232
7082 1.25242
7092 1.25006
7102 1.25232
7112 1.25261
7122 1.25265
7132 1.25063
7142 1.25276
7152 1.25042
7162 1.25278
7172 1.25476
7182 1.25416
7192 1.25257
7202 1.2524
7212 1.2502
7222 1.25884
7232 1.25307
7242 1.25233
7252 1.25623
7262 1.25257
7272 1.25271
7282 1.25898
7292 1.2525
7302 1.25062
7312 1.25239
7322 1.25247
7332 1.2522
7342 1.25061
7352 1.25061
7362 1.25202
7372 1.25322
7382 1.24992
7392 1.25222
7402 1.25241
7412 1.253
7422 1.25064
7432 1.25214
7442 1.25235
7452 1.25205
7462 1.25617
7472 1.25216
7482 1.25176
7492 1.25824
7502 1.25097
7512 1.25196
7522 1.25777
7532 1.25248
7542 1.24853
7552 1.25032
7562 1.25034
7572 1.25334
7582 1.25067
7592 1.25276
7602 1.25293
7612 1.25277
7622 1.24841
7632 1.25262
7642 1.25856
7652 1.2588
7662 1.25122
7672 1.25281
7682 1.25248
7692 1.25245
7702 1.25568
7712 1.25342
7722 1.2528
7732 1.25906
7742 1.25119
7752 1.25227
7762 1.2584
7772 1.25237
7782 1.25145
7792 1.25046
7802 1.2524
7812 1.25233
7822 1.25159
7832 1.25248
7842 1.25234
7852 1.25187
7862 1.25017
7872 1.25276
7882 1.2561
7892 1.25276
7902 1.25101
7912 1.25263
7922 1.25235
7932 1.25287
7942 1.25633
7952 1.25298
7962 1.25239
7972 1.25844
7982 1.25159
7992 1.25819
8002 1.25861
8012 1.2526
8022 1.25687
8032 1.25498
8042 1.25273
8052 1.25261
8062 1.25094
8072 1.25237
8082 1.25287
8092 1.252
8102 1.25111
8112 1.25289
8122 1.25871
8132 1.25756
8142 1.25108
8152 1.25256
8162 1.25229
8172 1.2521
8182 1.25604
8192 1.25287
8202 1.25251
8212 1.25246
8222 1.25622
8232 1.25888
8242 1.25784
8252 1.25246
8262 1.24883
8272 1.2526
8282 1.25293
8292 1.25251
8302 1.26256
8312 1.2525
8322 1.25207
8332 1.2523
8342 1.25513
8352 1.25233
8362 1.2586
8372 1.25197
8382 1.25007
8392 1.25298
8402 1.25242
8412 1.25238
8422 1.25617
8432 1.25231
8442 1.25157
8452 1.25796
8462 1.25626
8472 1.25799
8482 1.25792
8492 1.25307
8502 1.25094
8512 1.25292
8522 1.25261
8532 1.25197
8542 1.2506
8552 1.2528
8562 1.25235
8572 1.25805
8582 1.2567
8592 1.25311
8602 1.2611
8612 1.2553
8622 1.2505
8632 1.25857
8642 1.2528
8652 1.25274
8662 1.25026
8672 1.2531
8682 1.25285
8692 1.2578
8702 1.2564
8712 1.25842
8722 1.25759
8732 1.25193
8742 1.2503
8752 1.25235
8762 1.25291
8772 1.25283
8782 1.25029
8792 1.25347
8802 1.2526
8812 1.26619
8822 1.25087
8832 1.2528
8842 1.25871
8852 1.2525
8862 1.24972
8872 1.25939
8882 1.25225
8892 1.2532
8902 1.25006
8912 1.2528
8922 1.25727
8932 1.25883
8942 1.25684
8952 1.25786
8962 1.2582
8972 1.25261
8982 1.25077
8992 1.25265
9002 1.25278
9012 1.25337
9022 1.25031
9032 1.25231
9042 1.25199
9052 1.25837
9062 1.25059
9072 1.25284
9082 1.25766
9092 1.25829
9102 1.25229
9112 1.25624
9122 1.25274
9132 1.25226
9142 1.25213
9152 1.25665
9162 1.25734
9172 1.25846
9182 1.25855
9192 1.25656
9202 1.25336
9212 1.25801
9222 1.25213
9232 1.25029
9242 1.25234
9252 1.25241
9262 1.25249
9272 1.25085
9282 1.25223
9292 1.25806
9302 1.25238
9312 1.25112
9322 1.25778
9332 1.25875
9342 1.25289
9352 1.25008
9362 1.25236
9372 1.25271
9382 1.25257
9392 1.25623
9402 1.25883
9412 1.25791
9422 1.25819
9432 1.25079
9442 1.25794
9452 1.2573
9462 1.25285
9472 1.25018
9482 1.25259
9492 1.25277
9502 1.25845
9512 1.25033
9522 1.25205
9532 1.2578
9542 1.25289
9552 1.25082
9562 1.25886
9572 1.25791
9582 1.25214
9592 1.25117
9602 1.25298
9612 1.26154
9622 1.25871
9632 1.25595
9642 1.25776
9652 1.2585
9662 1.2577
9672 1.25081
9682 1.25736
9692 1.25788
9702 1.25261
9712 1.2505
9722 1.25255
9732 1.25237
9742 1.25822
9752 1.25072
9762 1.25279
9772 1.25782
9782 1.25445
9792 1.25639
9802 1.25861
9812 1.25957
9822 1.25187
9832 1.25053
9842 1.25195
9852 1.25771
9862 1.25719
9872 1.25572
9882 1.25293
9892 1.25896
9902 1.26415
9912 1.25067
9922 1.2581
9932 1.25745
9942 1.25252
9952 1.25093
9962 1.25232
9972 1.25233
9982 1.25849
9992 1.25017