2 0.272689
12 0.154267
22 0.154441
32 0.156547
42 0.155417
52 0.154596
62 0.155849
72 0.155026
82 0.155674
92 0.154298
102 0.154798
112 0.155166
122 0.155328
132 0.155664
142 0.155056
152 0.154523
162 0.154972
172 0.154235
182 0.155179
192 0.15477
202 0.154819
212 0.155508
222 0.154427
232 0.154504
242 0.155191
252 0.154622
262 0.155108
272 0.154577
282 0.154722
292 0.154998
302 0.154977
312 0.154925
322 0.155029
332 0.154444
342 0.155163
352 0.154926
362 0.155358
372 0.155149
382 0.154794
392 0.155057
402 0.154909
412 0.154855
422 0.155619
432 0.154716
442 0.154857
452 0.154575
462 0.154652
472 0.154905
482 0.15529
492 0.154725
502 0.154372
512 0.15441
522 0.15475
532 0.154537
542 0.154956
552 0.154807
562 0.154978
572 0.154432
582 0.155222
592 0.155343
602 0.155312
612 0.156286
622 0.155165
632 0.154587
642 0.154803
652 0.15514
662 0.154859
672 0.154711
682 0.154746
692 0.154529
702 0.155361
712 0.154618
722 0.155337
732 0.154717
742 0.15479
752 0.154973
762 0.154711
772 0.15482
782 0.154503
792 0.154597
802 0.155263
812 0.154113
822 0.155082
832 0.154668
842 0.154823
852 0.154953
862 0.154696
872 0.154917
882 0.155042
892 0.154563
902 0.155181
912 0.154475
922 0.154962
932 0.154846
942 0.155094
952 0.155166
962 0.154788
972 0.154357
982 0.155219
992 0.154415
1002 0.154874
1012 0.154852
1022 0.154506
1032 0.154859
1042 0.154926
1052 0.154707
1062 0.155369
1072 0.154328
1082 0.154773
1092 0.154541
1102 0.1551
1112 0.155053
1122 0.154688
1132 0.15516
1142 0.155147
1152 0.155025
1162 0.154949
1172 0.154979
1182 0.155273
1192 0.154523
1202 0.154433
1212 0.154628
1222 0.154705
1232 0.154757
1242 0.154692
1252 0.154501
1262 0.154793
1272 0.154714
1282 0.154671
1292 0.155038
1302 0.154999
1312 0.154752
1322 0.15492
1332 0.154459
1342 0.154904
1352 0.154428
1362 0.155578
1372 0.154652
1382 0.154841
1392 0.154974
1402 0.155049
1412 0.154958
1422 0.154891
1432 0.154696
1442 0.154894
1452 0.154669
1462 0.154818
1472 0.155023
1482 0.154495
1492 0.154942
1502 0.154271
1512 0.154534
1522 0.155252
1532 0.154724
1542 0.15511
1552 0.154797
1562 0.154337
1572 0.154841
1582 0.155289
1592 0.15493
1602 0.154854
1612 0.154613
1622 0.155951
1632 0.154702
1642 0.154969
1652 0.154518
1662 0.154699
1672 0.154694
1682 0.15465
1692 0.154528
1702 0.155225
1712 0.15455
1722 0.154921
1732 0.154689
1742 0.154777
1752 0.155073
1762 0.155159
1772 0.155169
1782 0.154652
1792 0.154498
1802 0.154764
1812 0.154822
1822 0.156992
1832 0.154694
1842 0.154896
1852 0.154661
1862 0.155054
1872 0.154748
1882 0.155209
1892 0.154844
1902 0.155169
1912 0.154514
1922 0.154821
1932 0.155511
1942 0.155138
1952 0.154499
1962 0.154533
1972 0.154297
1982 0.155246
1992 0.15476
2002 0.155103
2012 0.15444
2022 0.154457
2032 0.15487
2042 0.154707
2052 0.154952
2062 0.154576
2072 0.154184
2082 0.155246
2092 0.154748
2102 0.154741
2112 0.155014
2122 0.154745
2132 0.154667
2142 0.154915
2152 0.154861
2162 0.155186
2172 0.154651
2182 0.155115
2192 0.154774
2202 0.154815
2212 0.154432
2222 0.154858
2232 0.15501
2242 0.155269
2252 0.154284
2262 0.1546
2272 0.154106
2282 0.155085
2292 0.154489
2302 0.154793
2312 0.154767
2322 0.154695
2332 0.154276
2342 0.155056
2352 0.154629
2362 0.155071
2372 0.154246
2382 0.154484
2392 0.154422
2402 0.154861
2412 0.154936
2422 0.154969
2432 0.154255
2442 0.155156
2452 0.154734
2462 0.154922
2472 0.154803
2482 0.154848
2492 0.154509
2502 0.154358
2512 0.153977
2522 0.154812
2532 0.15433
2542 0.155058
2552 0.154692
2562 0.154628
2572 0.155035
2582 0.154891
2592 0.154872
2602 0.15485
2612 0.154173
2622 0.154773
2632 0.154588
2642 0.155228
2652 0.154522
2662 0.154535
2672 0.154928
2682 0.154926
2692 0.155089
2702 0.155164
2712 0.154541
2722 0.154954
2732 0.154633
2742 0.154515
2752 0.154859
2762 0.155064
2772 0.155067
2782 0.154914
2792 0.154397
2802 0.155115
2812 0.15471
2822 0.154953
2832 0.15471
2842 0.154911
2852 0.154995
2862 0.154791
2872 0.154823
2882 0.155054
2892 0.154785
2902 0.154813
2912 0.15436
2922 0.154528
2932 0.154896
2942 0.154634
2952 0.154884
2962 0.155175
2972 0.154635
2982 0.155204
2992 0.154793
3002 0.155337
3012 0.154685
3022 0.154489
3032 0.155043
3042 0.154898
3052 0.154684
3062 0.15505
3072 0.154428
3082 0.154859
3092 0.154616
3102 0.154633
3112 0.154356
3122 0.154849
3132 0.154731
3142 0.154594
3152 0.154795
3162 0.154947
3172 0.154431
3182 0.15551
3192 0.155809
3202 0.154413
3212 0.155086
3222 0.154902
3232 0.154804
3242 0.154977
3252 0.154365
3262 0.155679
3272 0.154511
3282 0.155103
3292 0.15483
3302 0.15473
3312 0.154659
3322 0.154921
3332 0.154963
3342 0.154591
3352 0.154719
3362 0.15495
3372 0.154584
3382 0.15449
3392 0.155044
3402 0.154754
3412 0.154451
3422 0.154642
3432 0.154382
3442 0.155047
3452 0.154595
3462 0.155476
3472 0.154817
3482 0.154935
3492 0.155395
3502 0.1549
3512 0.155029
3522 0.154995
3532 0.154665
3542 0.155204
3552 0.154495
3562 0.155278
3572 0.155016
3582 0.155088
3592 0.154572
3602 0.154953
3612 0.154828
3622 0.155249
3632 0.154237
3642 0.154934
3652 0.154486
3662 0.154584
3672 0.154592
3682 0.154722
3692 0.155006
3702 0.154478
3712 0.154317
3722 0.155204
3732 0.154646
3742 0.154878
3752 0.154627
3762 0.154853
3772 0.154859
3782 0.154637
3792 0.154532
3802 0.154873
3812 0.156583
3822 0.202333
3832 0.15426
3842 0.155295
3852 0.154696
3862 0.154791
3872 0.15473
3882 0.154488
3892 0.154857
3902 0.155226
3912 0.154479
3922 0.154917
3932 0.154079
3942 0.154564
3952 0.155047
3962 0.154836
3972 0.155233
3982 0.154857
3992 0.154549
4002 0.154974
4012 0.154658
4022 0.15464
4032 0.154811
4042 0.154882
4052 0.154683
4062 0.154729
4072 0.154944
4082 0.154917
4092 0.15439
4102 0.154563
4112 0.154422
4122 0.154865
4132 0.155052
4142 0.154821
4152 0.154881
4162 0.154617
4172 0.154369
4182 0.155524
4192 0.154939
4202 0.155208
4212 0.154521
4222 0.154671
4232 0.1549
4242 0.155027
4252 0.155031
4262 0.155013
4272 0.154263
4282 0.155092
4292 0.154375
4302 0.154634
4312 0.154595
4322 0.154619
4332 0.15482
4342 0.154879
4352 0.154306
4362 0.154954
4372 0.154538
4382 0.154699
4392 0.15455
4402 0.154833
4412 0.155068
4422 0.154618
4432 0.155336
4442 0.154885
4452 0.154403
4462 0.154807
4472 0.154894
4482 0.155217
4492 0.155008
4502 0.154689
4512 0.154702
4522 0.154435
4532 0.154637
4542 0.155027
4552 0.154633
4562 0.154744
4572 0.15433
4582 0.155032
4592 0.155004
4602 0.155148
4612 0.15474
4622 0.15432
4632 0.154425
4642 0.1551
4652 0.154403
4662 0.155118
4672 0.154303
4682 0.154528
4692 0.155037
4702 0.154986
4712 0.155245
4722 0.154754
4732 0.154894
4742 0.15527
4752 0.154346
4762 0.155163
4772 0.155129
4782 0.154746
4792 0.154667
4802 0.154922
4812 0.154924
4822 0.155145
4832 0.155043
4842 0.154835
4852 0.154283
4862 0.154406
4872 0.154934
4882 0.154857
4892 0.155891
4902 0.154804
4912 0.154683
4922 0.155178
4932 0.155034
4942 0.154797
4952 0.155038
4962 0.154445
4972 0.154445
4982 0.154634
4992 0.154602
5002 0.15529
5012 0.154354
5022 0.154572
5032 0.154376
5042 0.154871
5052 0.155604
5062 0.155168
5072 0.154801
5082 0.154883
5092 0.154658
5102 0.154742
5112 0.154463
5122 0.15498
5132 0.154523
5142 0.154724
5152 0.15494
5162 0.155096
5172 0.154615
5182 0.155124
5192 0.154814
5202 0.155213
5212 0.154766
5222 0.154635
5232 0.154847
5242 0.154891
5252 0.1547
5262 0.154731
5272 0.15476
5282 0.154968
5292 0.154469
5302 0.155038
5312 0.154452
5322 0.155009
5332 0.155059
5342 0.155063
5352 0.154468
5362 0.155016
5372 0.154674
5382 0.155234
5392 0.154643
5402 0.154938
5412 0.154521
5422 0.15507
5432 0.155004
5442 0.154975
5452 0.154585
5462 0.155538
5472 0.154483
5482 0.155244
5492 0.15478
5502 0.155017
5512 0.154949
5522 0.154942
5532 0.15454
5542 0.154886
5552 0.154277
5562 0.155331
5572 0.154657
5582 0.154659
5592 0.154796
5602 0.155052
5612 0.154692
5622 0.154785
5632 0.154969
5642 0.154907
5652 0.154842
5662 0.155038
5672 0.154937
5682 0.154711
5692 0.155003
5702 0.154961
5712 0.155013
5722 0.154943
5732 0.154445
5742 0.154887
5752 0.154688
5762 0.155087
5772 0.154402
5782 0.154419
5792 0.154793
5802 0.155189
5812 0.154662
5822 0.154853
5832 0.154341
5842 0.154831
5852 0.154363
5862 0.154943
5872 0.154993
5882 0.15485
5892 0.155131
5902 0.154526
5912 0.154817
5922 0.155138
5932 0.154645
5942 0.154903
5952 0.154518
5962 0.154481
5972 0.154752
5982 0.155156
5992 0.154777
6002 0.1548
6012 0.154571
6022 0.154884
6032 0.154914
6042 0.154931
6052 0.154561
6062 0.154603
6072 0.154648
6082 0.154177
6092 0.154334
6102 0.154732
6112 0.15457
6122 0.154977
6132 0.154856
6142 0.154873
6152 0.155223
6162 0.154796
6172 0.154825
6182 0.154624
6192 0.154548
6202 0.155228
6212 0.154285
6222 0.154915
6232 0.154406
6242 0.154985
6252 0.154998
6262 0.15478
6272 0.15431
6282 0.154828
6292 0.154687
6302 0.155273
6312 0.154839
6322 0.154995
6332 0.154531
6342 0.15465
6352 0.155058
6362 0.154739
6372 0.154608
6382 0.155169
6392 0.15465
6402 0.154629
6412 0.155393
6422 0.154997
6432 0.154867
6442 0.154803
6452 0.154299
6462 0.154996
6472 0.154429
6482 0.155279
6492 0.154807
6502 0.154641
6512 0.154848
6522 0.154441
6532 0.155388
6542 0.154902
6552 0.154982
6562 0.154944
6572 0.15476
6582 0.154901
6592 0.154754
6602 0.154749
6612 0.154938
6622 0.154844
6632 0.154555
6642 0.154592
6652 0.154336
6662 0.154882
6672 0.154582
6682 0.154743
6692 0.154942
6702 0.15443
6712 0.154298
6722 0.154886
6732 0.154689
6742 0.154929
6752 0.154039
6762 0.154867
6772 0.154918
6782 0.154806
6792 0.154904
6802 0.154396
6812 0.154423
6822 0.155129
6832 0.15474
6842 0.155423
6852 0.154805
6862 0.15452
6872 0.154894
6882 0.154782
6892 0.155196
6902 0.155006
6912 0.154817
6922 0.155118
6932 0.154225
6942 0.154948
6952 0.154701
6962 0.155038
6972 0.154846
6982 0.154743
6992 0.154836
7002 0.15482
7012 0.155239
7022 0.155001
7032 0.15419
7042 0.154282
7052 0.154486
7062 0.155091
7072 0.155067
7082 0.154962
7092 0.154591
7102 0.154879
7112 0.15452
7122 0.15511
7132 0.154935
7142 0.155184
7152 0.154759
7162 0.154903
7172 0.155074
7182 0.15497
7192 0.154603
7202 0.155062
7212 0.154615
7222 0.155325
7232 0.154635
7242 0.155141
7252 0.155064
7262 0.154659
7272 0.154446
7282 0.15487
7292 0.1548
7302 0.155023
7312 0.154712
7322 0.154617
7332 0.154932
7342 0.154448
7352 0.155049
7362 0.155088
7372 0.154494
7382 0.154998
7392 0.154463
7402 0.15466
7412 0.154587
7422 0.154345
7432 0.154763
7442 0.154607
7452 0.154446
7462 0.154841
7472 0.154673
7482 0.154965
7492 0.154311
7502 0.154408
7512 0.154485
7522 0.154803
7532 0.15498
7542 0.154891
7552 0.154625
7562 0.154616
7572 0.154095
7582 0.155046
7592 0.154733
7602 0.154873
7612 0.154311
7622 0.154429
7632 0.154448
7642 0.155036
7652 0.155742
7662 0.156971
7672 0.155002
7682 0.154848
7692 0.154299
7702 0.154428
7712 0.15512
7722 0.154877
7732 0.155126
7742 0.154928
7752 0.154568
7762 0.154557
7772 0.154882
7782 0.15494
7792 0.15479
7802 0.154567
7812 0.154617
7822 0.154951
7832 0.155008
7842 0.155061
7852 0.15512
7862 0.154518
7872 0.154861
7882 0.154618
7892 0.154861
7902 0.154929
7912 0.154343
7922 0.154918
7932 0.154819
7942 0.155295
7952 0.154564
7962 0.154895
7972 0.154665
7982 0.154408
7992 0.155084
8002 0.155029
8012 0.154291
8022 0.155112
8032 0.154565
8042 0.154623
8052 0.154389
8062 0.155036
8072 0.154757
8082 0.154506
8092 0.154669
8102 0.155121
8112 0.154711
8122 0.155248
8132 0.154375
8142 0.154226
8152 0.154696
8162 0.154996
8172 0.155369
8182 0.154957
8192 0.154582
8202 0.155191
8212 0.154781
8222 0.157351
8232 0.154546
8242 0.154894
8252 0.154906
8262 0.154721
8272 0.1546
8282 0.155
8292 0.154805
8302 0.154607
8312 0.154494
8322 0.154584
8332 0.155549
8342 0.154748
8352 0.154883
8362 0.154538
8372 0.154736
8382 0.155041
8392 0.154693
8402 0.155103
8412 0.154351
8422 0.154919
8432 0.154819
8442 0.154817
8452 0.154608
8462 0.154472
8472 0.154694
8482 0.154836
8492 0.154314
8502 0.154636
8512 0.154948
8522 0.155167
8532 0.15505
8542 0.155035
8552 0.154917
8562 0.155164
8572 0.154496
8582 0.154548
8592 0.154437
8602 0.154818
8612 0.154651
8622 0.154469
8632 0.15449
8642 0.154779
8652 0.154482
8662 0.155159
8672 0.15458
8682 0.154895
8692 0.154497
8702 0.155073
8712 0.154858
8722 0.154845
8732 0.154141
8742 0.15495
8752 0.154427
8762 0.154915
8772 0.154739
8782 0.155033
8792 0.154579
8802 0.154302
8812 0.154639
8822 0.154671
8832 0.154503
8842 0.154802
8852 0.15444
8862 0.155028
8872 0.154512
8882 0.155025
8892 0.155144
8902 0.154625
8912 0.154507
8922 0.15475
8932 0.154432
8942 0.155192
8952 0.154803
8962 0.154538
8972 0.155037
8982 0.155253
8992 0.154983
9002 0.154953
9012 0.154339
9022 0.154673
9032 0.154315
9042 0.155166
9052 0.154725
9062 0.155022
9072 0.15472
9082 0.154543
9092 0.154429
9102 0.155089
9112 0.154798
9122 0.155392
9132 0.154245
9142 0.154796
9152 0.154893
9162 0.154834
9172 0.15476
9182 0.15497
9192 0.154784
9202 0.155001
9212 0.154611
9222 0.154934
9232 0.154363
9242 0.154125
9252 0.154656
9262 0.154992
9272 0.154677
9282 0.154942
9292 0.154638
9302 0.154924
9312 0.154519
9322 0.154625
9332 0.154467
9342 0.155091
9352 0.154457
9362 0.154579
9372 0.154336
9382 0.155266
9392 0.154971
9402 0.155202
9412 0.154631
9422 0.154741
9432 0.15456
9442 0.155007
9452 0.155297
9462 0.154948
9472 0.154491
9482 0.15491
9492 0.154199
9502 0.154631
9512 0.154581
9522 0.15477
9532 0.154426
9542 0.154677
9552 0.15459
9562 0.155085
9572 0.154502
9582 0.154427
9592 0.154458
9602 0.155098
9612 0.154748
9622 0.154605
9632 0.1545
9642 0.154983
9652 0.154496
9662 0.154894
9672 0.154799
9682 0.155228
9692 0.154511
9702 0.154534
9712 0.154728
9722 0.154716
9732 0.154602
9742 0.154883
9752 0.154466
9762 0.15536
9772 0.154689
9782 0.15466
9792 0.154681
9802 0.154394
9812 0.155649
9822 0.155189
9832 0.154436
9842 0.154711
9852 0.154742
9862 0.15542
9872 0.154769
9882 0.155036
9892 0.154618
9902 0.15489
9912 0.15454
9922 0.155017
9932 0.154655
9942 0.154737
9952 0.154355
9962 0.154719
9972 0.155387
9982 0.155067
9992 0.154745