2 0.156427
12 0.071259
22 0.074531
32 0.0541468
42 0.0710002
52 0.0706595
62 0.0687309
72 0.049158
82 0.0565367
92 0.0413207
102 0.0473229
112 0.044338
122 0.0490202
132 0.0550722
142 0.0502776
152 0.0438424
162 0.053425
172 0.0559726
182 0.0522437
192 0.0464073
202 0.052287
212 0.0503755
222 0.054575
232 0.0467697
242 0.0426011
252 0.0629858
262 0.0507295
272 0.034995
282 0.0429561
292 0.0619705
302 0.0579156
312 0.0625178
322 0.0491661
332 0.0500335
342 0.0470422
352 0.0466716
362 0.0547074
372 0.0425516
382 0.0394465
392 0.0534347
402 0.0497704
412 0.0482424
422 0.0435237
432 0.055081
442 0.0663797
452 0.0567513
462 0.0519331
472 0.0639589
482 0.0574495
492 0.0477196
502 0.0488476
512 0.0436859
522 0.0442252
532 0.057839
542 0.055903
552 0.0591775
562 0.0447389
572 0.0598754
582 0.0451616
592 0.0528758
602 0.0475861
612 0.0513777
622 0.0582217
632 0.0552588
642 0.0458446
652 0.063523
662 0.0490147
672 0.0506212
682 0.064446
692 0.0566614
702 0.0544112
712 0.0583979
722 0.0444636
732 0.0420989
742 0.0549351
752 0.064139
762 0.0383625
772 0.0407906
782 0.0528331
792 0.0523143
802 0.0528825
812 0.0430152
822 0.0507868
832 0.0416359
842 0.0575576
852 0.0585682
862 0.0536617
872 0.0420771
882 0.0442275
892 0.0504558
902 0.0489585
912 0.0494033
922 0.0474667
932 0.052364
942 0.0517447
952 0.0444957
962 0.0469936
972 0.0486611
982 0.0514997
992 0.0467905
1002 0.0548562
1012 0.0539304
1022 0.0493511
1032 0.051384
1042 0.0553675
1052 0.037226
1062 0.0436082
1072 0.0490098
1082 0.0513307
1092 0.0567793
1102 0.0459231
1112 0.044386
1122 0.0588191
1132 0.0575741
1142 0.0496225
1152 0.0493128
1162 0.055526
1172 0.0502704
1182 0.0461028
1192 0.0536783
1202 0.0542416
1212 0.0515061
1222 0.0555863
1232 0.0559505
1242 0.0366116
1252 0.0455973
1262 0.0475208
1272 0.0571951
1282 0.0492726
1292 0.0465132
1302 0.053939
1312 0.0607901
1322 0.0587179
1332 0.0526641
1342 0.0474703
1352 0.0506967
1362 0.0481192
1372 0.0412945
1382 0.0416832
1392 0.0446329
1402 0.0536545
1412 0.0555768
1422 0.0537604
1432 0.0477028
1442 0.0503107
1452 0.0417528
1462 0.0532138
1472 0.053335
1482 0.0544125
1492 0.0389723
1502 0.054915
1512 0.0371082
1522 0.0530656
1532 0.0595636
1542 0.0516414
1552 0.0415997
1562 0.0426801
1572 0.0550164
1582 0.0533005
1592 0.0552043
1602 0.0537067
1612 0.0567284
1622 0.0447392
1632 0.0357809
1642 0.0498744
1652 0.0539073
1662 0.0563668
1672 0.0497325
1682 0.047931
1692 0.0597912
1702 0.0604978
1712 0.0486446
1722 0.0434014
1732 0.0555635
1742 0.0519667
1752 0.0479448
1762 0.0462755
1772 0.0451218
1782 0.0557066
1792 0.0524277
1802 0.0472288
1812 0.0413329
1822 0.0486272
1832 0.0563662
1842 0.0527314
1852 0.058479
1862 0.0488572
1872 0.0506446
1882 0.0565652
1892 0.0417985
1902 0.0492722
1912 0.0509301
1922 0.0507673
1932 0.0573982
1942 0.0549694
1952 0.0447799
1962 0.0650578
1972 0.0495585
1982 0.0570401
1992 0.0499745
2002 0.0499636
2012 0.0476022
2022 0.0588254
2032 0.0537804
2042 0.047997
2052 0.0369561
2062 0.0423789
2072 0.0415003
2082 0.0500096
2092 0.0567934
2102 0.0509503
2112 0.0617349
2122 0.0490527
2132 0.0505599
2142 0.0564601
2152 0.0446631
2162 0.0541504
2172 0.0436059
2182 0.0522459
2192 0.0391347
2202 0.051815
2212 0.0515502
2222 0.0578368
2232 0.0541021
2242 0.0504694
2252 0.0551055
2262 0.0533577
2272 0.0505927
2282 0.0668505
2292 0.0510513
2302 0.0507783
2312 0.0543765
2322 0.0564085
2332 0.0429324
2342 0.0507408
2352 0.0490209
2362 0.0560036
2372 0.0430213
2382 0.0476555
2392 0.0477096
2402 0.0561411
2412 0.0499853
2422 0.0527296
2432 0.0441012
2442 0.0484005
2452 0.055091
2462 0.0486258
2472 0.0632446
2482 0.0611246
2492 0.0640494
2502 0.0509032
2512 0.0584873
2522 0.0644537
2532 0.0542798
2542 0.0542106
2552 0.0447692
2562 0.0617041
2572 0.0469102
2582 0.0544768
2592 0.045319
2602 0.0531785
2612 0.0528191
2622 0.0552119
2632 0.0538672
2642 0.0577759
2652 0.0425513
2662 0.0502423
2672 0.0456815
2682 0.0457526
2692 0.0495668
2702 0.0604437
2712 0.0467734
2722 0.0548565
2732 0.0517119
2742 0.0530787
2752 0.0620784
2762 0.0533504
2772 0.0540129
2782 0.046563
2792 0.0430828
2802 0.0536368
2812 0.0572107
2822 0.0577375
2832 0.0526127
2842 0.0510847
2852 0.0476732
2862 0.0448075
2872 0.0559248
2882 0.0358727
2892 0.0542097
2902 0.03667
2912 0.0434548
2922 0.0511827
2932 0.0459504
2942 0.0533704
2952 0.0481293
2962 0.0434988
2972 0.0419395
2982 0.0548157
2992 0.0599727
3002 0.0448817
3012 0.0599411
3022 0.050095
3032 0.0602876
3042 0.0473201
3052 0.0551155
3062 0.0612099
3072 0.0541299
3082 0.0585529
3092 0.0549603
3102 0.0523521
3112 0.0490542
3122 0.0495731
3132 0.0474388
3142 0.0399519
3152 0.0435778
3162 0.0562944
3172 0.0521852
3182 0.0558772
3192 0.0402629
3202 0.054185
3212 0.049369
3222 0.0402224
3232 0.0633704
3242 0.0647157
3252 0.048438
3262 0.0480478
3272 0.048578
3282 0.0533357
3292 0.0507452
3302 0.0456856
3312 0.0567678
3322 0.042996
3332 0.0465934
3342 0.0636159
3352 0.0372296
3362 0.0486816
3372 0.0488501
3382 0.0477594
3392 0.0539739
3402 0.0390017
3412 0.0444976
3422 0.0554817
3432 0.0488931
3442 0.0574749
3452 0.0627741
3462 0.0521374
3472 0.0497474
3482 0.0613123
3492 0.0487387
3502 0.0540467
3512 0.0544239
3522 0.0469049
3532 0.0466542
3542 0.0431451
3552 0.0516373
3562 0.049849
3572 0.0432027
3582 0.0616199
3592 0.0502369
3602 0.0396711
3612 0.0491843
3622 0.0592033
3632 0.0513536
3642 0.0604196
3652 0.0572848
3662 0.0437481
3672 0.0431938
3682 0.0456655
3692 0.0438083
3702 0.0478912
3712 0.0548179
3722 0.0437752
3732 0.0394699
3742 0.0412074
3752 0.0476728
3762 0.0578756
3772 0.0458095
3782 0.0473496
3792 0.0539565
3802 0.0448238
3812 0.03273
3822 0.0398456
3832 0.0422034
3842 0.0476242
3852 0.0416157
3862 0.0539441
3872 0.0517728
3882 0.0518824
3892 0.0597289
3902 0.0495352
3912 0.0457729
3922 0.0462342
3932 0.0450568
3942 0.0460461
3952 0.0516098
3962 0.066853
3972 0.0530233
3982 0.0589888
3992 0.0527477
4002 0.0598887
4012 0.0592326
4022 0.0568504
4032 0.0658692
4042 0.059038
4052 0.0571846
4062 0.0469744
4072 0.0616804
4082 0.0579147
4092 0.0593659
4102 0.0568095
4112 0.0510073
4122 0.0416922
4132 0.0530158
4142 0.0511924
4152 0.0592834
4162 0.0460519
4172 0.0583689
4182 0.0472794
4192 0.0449047
4202 0.0659357
4212 0.0562938
4222 0.0397902
4232 0.0512231
4242 0.0540406
4252 0.0560709
4262 0.046401
4272 0.044608
4282 0.0472394
4292 0.0528856
4302 0.0457022
4312 0.0540655
4322 0.0467161
4332 0.0501276
4342 0.0458833
4352 0.0436718
4362 0.0530944
4372 0.0443666
4382 0.0529951
4392 0.0447863
4402 0.0506418
4412 0.0408077
4422 0.0463303
4432 0.0429996
4442 0.0441569
4452 0.0535032
4462 0.0525053
4472 0.0454622
4482 0.0581228
4492 0.0612044
4502 0.0467966
4512 0.0502393
4522 0.0570209
4532 0.0577281
4542 0.0491941
4552 0.0481622
4562 0.060503
4572 0.0487254
4582 0.0515683
4592 0.0570173
4602 0.049908
4612 0.0563679
4622 0.0589788
4632 0.061129
4642 0.06031
4652 0.0613143
4662 0.060341
4672 0.046392
4682 0.0373993
4692 0.0570824
4702 0.0649649
4712 0.0474862
4722 0.0563687
4732 0.043345
4742 0.0443165
4752 0.0634939
4762 0.0573101
4772 0.0616745
4782 0.05589
4792 0.0545656
4802 0.0448919
4812 0.0421032
4822 0.0527661
4832 0.0595319
4842 0.0541136
4852 0.0463527
4862 0.0538221
4872 0.0585883
4882 0.046861
4892 0.0472794
4902 0.042426
4912 0.0514437
4922 0.048722
4932 0.0460562
4942 0.0492269
4952 0.0506695
4962 0.0498539
4972 0.0389168
4982 0.0373687
4992 0.0470506
5002 0.0424873
5012 0.051214
5022 0.0471342
5032 0.0562155
5042 0.0471171
5052 0.0561947
5062 0.0516435
5072 0.0697353
5082 0.0587513
5092 0.0498084
5102 0.0509039
5112 0.0420587
5122 0.0656201
5132 0.0486082
5142 0.0517793
5152 0.0487146
5162 0.0508478
5172 0.0490758
5182 0.047352
5192 0.0442916
5202 0.0456159
5212 0.0534821
5222 0.060084
5232 0.0471737
5242 0.0535776
5252 0.0505998
5262 0.047247
5272 0.0549503
5282 0.0519577
5292 0.0547125
5302 0.0570835
5312 0.0621319
5322 0.0484798
5332 0.0511477
5342 0.0452475
5352 0.0583377
5362 0.0494495
5372 0.0389514
5382 0.0496289
5392 0.0518725
5402 0.060787
5412 0.0605367
5422 0.0566282
5432 0.0589144
5442 0.0519771
5452 0.047319
5462 0.0545807
5472 0.0443769
5482 0.045109
5492 0.0511122
5502 0.0526727
5512 0.0453203
5522 0.0539446
5532 0.0474118
5542 0.0497913
5552 0.0492324
5562 0.0437468
5572 0.0573355
5582 0.0532332
5592 0.0599995
5602 0.039553
5612 0.0557716
5622 0.0562521
5632 0.0542326
5642 0.0547093
5652 0.0551753
5662 0.0525812
5672 0.0463873
5682 0.0474881
5692 0.0505613
5702 0.0492853
5712 0.0531015
5722 0.0603215
5732 0.0526394
5742 0.0554334
5752 0.0604704
5762 0.0559554
5772 0.0552134
5782 0.050292
5792 0.0558696
5802 0.051526
5812 0.0559191
5822 0.0420273
5832 0.0549645
5842 0.0498597
5852 0.0574536
5862 0.0466494
5872 0.048028
5882 0.0479051
5892 0.0520525
5902 0.0550033
5912 0.0484311
5922 0.0482132
5932 0.0492372
5942 0.0610327
5952 0.0506172
5962 0.0520964
5972 0.0469941
5982 0.0535244
5992 0.0587672
6002 0.049865
6012 0.0520404
6022 0.0470489
6032 0.0443625
6042 0.053007
6052 0.0515151
6062 0.0552644
6072 0.0542519
6082 0.0413156
6092 0.0681177
6102 0.0542677
6112 0.045547
6122 0.0429707
6132 0.0389865
6142 0.048752
6152 0.0577589
6162 0.0537638
6172 0.0482695
6182 0.049104
6192 0.0554101
6202 0.0525787
6212 0.0413488
6222 0.0528587
6232 0.0489895
6242 0.0520193
6252 0.0503179
6262 0.0625742
6272 0.0450503
6282 0.0497215
6292 0.0481547
6302 0.0453177
6312 0.0614763
6322 0.0507356
6332 0.0468225
6342 0.0509665
6352 0.0536208
6362 0.0509127
6372 0.0554169
6382 0.0511582
6392 0.0601037
6402 0.0494222
6412 0.0519569
6422 0.0626941
6432 0.0456204
6442 0.0555809
6452 0.0558456
6462 0.0487542
6472 0.0565401
6482 0.0551748
6492 0.057294
6502 0.0482118
6512 0.0531817
6522 0.0540766
6532 0.0396151
6542 0.0538692
6552 0.0553738
6562 0.0510061
6572 0.0606174
6582 0.0444229
6592 0.0609446
6602 0.0555946
6612 0.0642376
6622 0.062495
6632 0.059479
6642 0.062572
6652 0.0554625
6662 0.0535408
6672 0.0501971
6682 0.0556445
6692 0.0571025
6702 0.0434743
6712 0.0566737
6722 0.0497996
6732 0.0501209
6742 0.045854
6752 0.0649503
6762 0.0476694
6772 0.0521748
6782 0.0492235
6792 0.0581731
6802 0.0552742
6812 0.0434896
6822 0.0516487
6832 0.0423133
6842 0.0433608
6852 0.0421914
6862 0.0430199
6872 0.0504858
6882 0.0643682
6892 0.0452821
6902 0.0465992
6912 0.0535135
6922 0.0475134
6932 0.0516592
6942 0.0555359
6952 0.0562474
6962 0.0445877
6972 0.0497084
6982 0.0496665
6992 0.0518352
7002 0.0505391
7012 0.0575393
7022 0.0513352
7032 0.0507569
7042 0.0512515
7052 0.0534989
7062 0.0384073
7072 0.0436344
7082 0.0561066
7092 0.0444075
7102 0.0499876
7112 0.0491955
7122 0.0496835
7132 0.0525594
7142 0.0522746
7152 0.0510833
7162 0.0581884
7172 0.0593448
7182 0.0476564
7192 0.0547866
7202 0.0530838
7212 0.0582339
7222 0.0543868
7232 0.0475452
7242 0.0547305
7252 0.053044
7262 0.0592186
7272 0.055277
7282 0.0639821
7292 0.060823
7302 0.049781
7312 0.0471701
7322 0.0559396
7332 0.0547484
7342 0.0638511
7352 0.0625549
7362 0.0414548
7372 0.0488899
7382 0.0504659
7392 0.0539532
7402 0.0408207
7412 0.0505781
7422 0.0457871
7432 0.0504693
7442 0.059326
7452 0.0489319
7462 0.0504478
7472 0.0469323
7482 0.0535072
7492 0.0577063
7502 0.0465814
7512 0.0379139
7522 0.0507373
7532 0.0546504
7542 0.0515616
7552 0.0461432
7562 0.0586704
7572 0.0474019
7582 0.0527003
7592 0.0352466
7602 0.0501314
7612 0.0536961
7622 0.0516479
7632 0.0397485
7642 0.0434245
7652 0.0473465
7662 0.0537377
7672 0.0504587
7682 0.0545673
7692 0.0536692
7702 0.0511651
7712 0.0517668
7722 0.0471712
7732 0.0584812
7742 0.0498729
7752 0.047961
7762 0.0523729
7772 0.0472944
7782 0.0495777
7792 0.0481727
7802 0.0581802
7812 0.0443241
7822 0.0536371
7832 0.0397128
7842 0.047194
7852 0.0420705
7862 0.0536585
7872 0.053617
7882 0.0614626
7892 0.0521693
7902 0.0454646
7912 0.0429922
7922 0.0599802
7932 0.0506624
7942 0.0455285
7952 0.0497573
7962 0.046686
7972 0.0515451
7982 0.049752
7992 0.0475844
8002 0.0486761
8012 0.0468589
8022 0.0544559
8032 0.0525088
8042 0.0535886
8052 0.0539632
8062 0.0477215
8072 0.0463765
8082 0.061163
8092 0.0537069
8102 0.057099
8112 0.0521107
8122 0.0446708
8132 0.053428
8142 0.0520042
8152 0.0551519
8162 0.0459536
8172 0.0542769
8182 0.0473023
8192 0.0550208
8202 0.049253
8212 0.0392303
8222 0.0464568
8232 0.0582256
8242 0.0510725
8252 0.0587404
8262 0.0599908
8272 0.0454234
8282 0.0527469
8292 0.0452131
8302 0.0464414
8312 0.0592072
8322 0.0565512
8332 0.0526172
8342 0.047437
8352 0.0542206
8362 0.0544895
8372 0.0503658
8382 0.0493694
8392 0.0589977
8402 0.0582675
8412 0.04821
8422 0.0475107
8432 0.0602327
8442 0.0617793
8452 0.047119
8462 0.0468189
8472 0.0499434
8482 0.0559166
8492 0.0475888
8502 0.0465347
8512 0.0591842
8522 0.0603019
8532 0.0444415
8542 0.04445
8552 0.0515274
8562 0.0479009
8572 0.0497327
8582 0.0457226
8592 0.0522761
8602 0.0494433
8612 0.0455913
8622 0.046894
8632 0.0656313
8642 0.0514
8652 0.0525548
8662 0.0611008
8672 0.0519971
8682 0.0576892
8692 0.0488514
8702 0.0530983
8712 0.0534452
8722 0.0569228
8732 0.0553299
8742 0.0552905
8752 0.0569382
8762 0.044727
8772 0.0520099
8782 0.0544183
8792 0.0556774
8802 0.0570945
8812 0.0501141
8822 0.0574929
8832 0.0531446
8842 0.0412073
8852 0.0521182
8862 0.0423893
8872 0.0452312
8882 0.0523324
8892 0.0571316
8902 0.0540379
8912 0.045089
8922 0.0612801
8932 0.0424289
8942 0.0456638
8952 0.0537015
8962 0.0575739
8972 0.050318
8982 0.0421451
8992 0.0376027
9002 0.038234
9012 0.0531986
9022 0.0573537
9032 0.042875
9042 0.0604569
9052 0.0567914
9062 0.0423233
9072 0.0572361
9082 0.0504228
9092 0.048264
9102 0.0465318
9112 0.0564899
9122 0.0512957
9132 0.0489952
9142 0.0557493
9152 0.049484
9162 0.044195
9172 0.0432127
9182 0.0607649
9192 0.0535593
9202 0.036958
9212 0.051064
9222 0.0472066
9232 0.0571661
9242 0.0477335
9252 0.0512896
9262 0.051619
9272 0.0558196
9282 0.0532338
9292 0.0458816
9302 0.0552929
9312 0.0514545
9322 0.0522083
9332 0.0488964
9342 0.0493007
9352 0.0479386
9362 0.0538683
9372 0.0560495
9382 0.0562072
9392 0.0481139
9402 0.047493
9412 0.0408013
9422 0.0514268
9432 0.0498906
9442 0.0507656
9452 0.0567445
9462 0.0429613
9472 0.0473407
9482 0.0507783
9492 0.0462741
9502 0.0540262
9512 0.0617297
9522 0.0471052
9532 0.0480888
9542 0.0517004
9552 0.0477463
9562 0.0412605
9572 0.0473775
9582 0.0573681
9592 0.0537914
9602 0.0333881
9612 0.0390645
9622 0.061669
9632 0.0441628
9642 0.0594823
9652 0.043621
9662 0.052154
9672 0.0489042
9682 0.0620835
9692 0.0518092
9702 0.0508511
9712 0.0486653
9722 0.0530911
9732 0.0503835
9742 0.0576932
9752 0.0535979
9762 0.0414663
9772 0.0479249
9782 0.056974
9792 0.0551581
9802 0.0536822
9812 0.0382745
9822 0.052981
9832 0.0479516
9842 0.0495043
9852 0.0506986
9862 0.0434408
9872 0.0667848
9882 0.0448869
9892 0.0421437
9902 0.0479186
9912 0.036731
9922 0.0489724
9932 0.0547265
9942 0.0614451
9952 0.0495724
9962 0.0268494
9972 0.0415225
9982 0.0486146
9992 0.0499804