2 0.353774
12 0.22068
22 0.271764
32 0.211879
42 0.215704
52 0.216316
62 0.214218
72 0.214271
82 0.213906
92 0.211908
102 0.213171
112 0.207093
122 0.206998
132 0.203842
142 0.20709
152 0.198256
162 0.21123
172 0.207684
182 0.207429
192 0.213326
202 0.205628
212 0.206302
222 0.206134
232 0.207013
242 0.21052
252 0.211144
262 0.213056
272 0.208741
282 0.209981
292 0.212343
302 0.214071
312 0.20934
322 0.213277
332 0.207146
342 0.208
352 0.20968
362 0.211551
372 0.206748
382 0.20855
392 0.214252
402 0.212254
412 0.215291
422 0.214554
432 0.207567
442 0.213111
452 0.212179
462 0.207225
472 0.210721
482 0.209183
492 0.210274
502 0.211336
512 0.211332
522 0.209996
532 0.209486
542 0.209824
552 0.211406
562 0.20957
572 0.212182
582 0.213309
592 0.214496
602 0.211697
612 0.209896
622 0.209687
632 0.208358
642 0.210118
652 0.209733
662 0.210614
672 0.211452
682 0.210303
692 0.212338
702 0.211176
712 0.208372
722 0.210723
732 0.212203
742 0.209201
752 0.209619
762 0.206968
772 0.210664
782 0.209148
792 0.212191
802 0.209582
812 0.216224
822 0.208819
832 0.211338
842 0.206112
852 0.209173
862 0.215336
872 0.212884
882 0.209232
892 0.211549
902 0.206839
912 0.208221
922 0.214703
932 0.207826
942 0.212393
952 0.207162
962 0.211933
972 0.211478
982 0.215278
992 0.209083
1002 0.2144
1012 0.209767
1022 0.212757
1032 0.206762
1042 0.21401
1052 0.210692
1062 0.212008
1072 0.211968
1082 0.209103
1092 0.211504
1102 0.212535
1112 0.217791
1122 0.220874
1132 0.213479
1142 0.206664
1152 0.210045
1162 0.210543
1172 0.210032
1182 0.21558
1192 0.206125
1202 0.207339
1212 0.205167
1222 0.206304
1232 0.204837
1242 0.206065
1252 0.205327
1262 0.206708
1272 0.205383
1282 0.207008
1292 0.205674
1302 0.208173
1312 0.203998
1322 0.204839
1332 0.205174
1342 0.206212
1352 0.2076
1362 0.203917
1372 0.20413
1382 0.205782
1392 0.207725
1402 0.205909
1412 0.208393
1422 0.206657
1432 0.205718
1442 0.206094
1452 0.205976
1462 0.206173
1472 0.205843
1482 0.206582
1492 0.206574
1502 0.205703
1512 0.206647
1522 0.207711
1532 0.208841
1542 0.208318
1552 0.209251
1562 0.208468
1572 0.209216
1582 0.213296
1592 0.212429
1602 0.213812
1612 0.211352
1622 0.21542
1632 0.214
1642 0.210144
1652 0.206416
1662 0.205233
1672 0.207728
1682 0.210243
1692 0.209213
1702 0.207368
1712 0.212895
1722 0.213666
1732 0.210684
1742 0.209317
1752 0.213281
1762 0.211435
1772 0.208485
1782 0.209504
1792 0.211672
1802 0.21274
1812 0.213767
1822 0.216415
1832 0.211562
1842 0.213625
1852 0.206604
1862 0.209796
1872 0.206445
1882 0.206676
1892 0.214822
1902 0.210623
1912 0.21123
1922 0.213174
1932 0.211363
1942 0.211173
1952 0.212474
1962 0.205026
1972 0.20692
1982 0.206844
1992 0.211097
2002 0.210476
2012 0.210065
2022 0.203524
2032 0.203873
2042 0.207648
2052 0.213269
2062 0.210848
2072 0.211749
2082 0.213998
2092 0.208933
2102 0.209988
2112 0.208051
2122 0.210119
2132 0.207629
2142 0.212582
2152 0.211093
2162 0.210154
2172 0.210513
2182 0.210104
2192 0.211783
2202 0.211776
2212 0.215663
2222 0.212165
2232 0.211649
2242 0.20844
2252 0.213641
2262 0.211496
2272 0.212452
2282 0.210896
2292 0.213308
2302 0.206578
2312 0.209452
2322 0.211277
2332 0.215736
2342 0.211709
2352 0.20541
2362 0.20561
2372 0.203169
2382 0.203392
2392 0.205557
2402 0.206931
2412 0.207752
2422 0.211872
2432 0.208936
2442 0.209016
2452 0.212313
2462 0.212275
2472 0.215342
2482 0.210371
2492 0.210207
2502 0.210302
2512 0.207985
2522 0.206571
2532 0.209028
2542 0.20963
2552 0.208109
2562 0.205857
2572 0.205245
2582 0.211009
2592 0.208131
2602 0.210507
2612 0.208678
2622 0.209031
2632 0.208518
2642 0.203624
2652 0.207661
2662 0.209143
2672 0.202347
2682 0.208278
2692 0.210243
2702 0.214777
2712 0.209539
2722 0.207279
2732 0.210232
2742 0.211243
2752 0.208472
2762 0.211041
2772 0.212274
2782 0.213894
2792 0.21243
2802 0.212229
2812 0.21062
2822 0.213392
2832 0.208575
2842 0.211942
2852 0.212712
2862 0.21106
2872 0.211129
2882 0.208949
2892 0.211202
2902 0.211186
2912 0.21301
2922 0.211085
2932 0.212161
2942 0.212784
2952 0.212307
2962 0.210716
2972 0.211285
2982 0.210171
2992 0.209521
3002 0.21156
3012 0.21135
3022 0.212037
3032 0.211094
3042 0.213191
3052 0.211575
3062 0.210367
3072 0.210402
3082 0.211001
3092 0.210927
3102 0.208837
3112 0.210482
3122 0.208901
3132 0.213926
3142 0.210351
3152 0.211242
3162 0.206717
3172 0.211306
3182 0.210858
3192 0.210536
3202 0.212581
3212 0.207823
3222 0.209551
3232 0.211621
3242 0.210023
3252 0.210956
3262 0.211082
3272 0.211509
3282 0.21339
3292 0.208473
3302 0.210521
3312 0.210852
3322 0.211309
3332 0.212306
3342 0.209335
3352 0.209636
3362 0.206547
3372 0.206352
3382 0.213858
3392 0.205245
3402 0.21014
3412 0.211131
3422 0.209086
3432 0.211206
3442 0.210983
3452 0.210878
3462 0.209551
3472 0.210589
3482 0.207637
3492 0.210695
3502 0.207334
3512 0.210847
3522 0.210276
3532 0.209179
3542 0.207212
3552 0.211204
3562 0.215592
3572 0.21588
3582 0.21638
3592 0.212038
3602 0.215977
3612 0.205803
3622 0.210488
3632 0.208434
3642 0.213445
3652 0.210398
3662 0.209587
3672 0.213048
3682 0.206318
3692 0.212479
3702 0.207285
3712 0.209153
3722 0.209296
3732 0.206738
3742 0.203823
3752 0.205425
3762 0.207197
3772 0.209618
3782 0.20535
3792 0.205993
3802 0.21266
3812 0.207988
3822 0.209038
3832 0.211679
3842 0.209482
3852 0.209269
3862 0.208442
3872 0.210205
3882 0.208991
3892 0.207826
3902 0.204641
3912 0.208135
3922 0.201395
3932 0.207031
3942 0.20889
3952 0.207807
3962 0.208929
3972 0.207868
3982 0.206148
3992 0.20945
4002 0.204547
4012 0.209413
4022 0.20829
4032 0.209635
4042 0.208594
4052 0.208756
4062 0.209073
4072 0.215727
4082 0.21432
4092 0.212574
4102 0.211844
4112 0.208354
4122 0.215538
4132 0.213733
4142 0.215301
4152 0.212746
4162 0.210057
4172 0.20853
4182 0.209398
4192 0.207793
4202 0.213517
4212 0.211082
4222 0.213154
4232 0.210002
4242 0.211437
4252 0.212556
4262 0.211132
4272 0.213141
4282 0.206559
4292 0.20884
4302 0.208969
4312 0.20928
4322 0.209977
4332 0.209052
4342 0.209423
4352 0.211607
4362 0.209926
4372 0.209535
4382 0.212152
4392 0.205386
4402 0.211893
4412 0.211818
4422 0.210748
4432 0.210435
4442 0.216174
4452 0.212822
4462 0.213787
4472 0.204457
4482 0.207704
4492 0.210991
4502 0.206653
4512 0.208227
4522 0.208997
4532 0.209507
4542 0.211982
4552 0.212526
4562 0.207567
4572 0.20929
4582 0.212251
4592 0.207988
4602 0.207553
4612 0.210392
4622 0.212755
4632 0.207593
4642 0.209694
4652 0.205358
4662 0.204754
4672 0.203697
4682 0.204155
4692 0.211098
4702 0.20639
4712 0.206508
4722 0.204242
4732 0.204313
4742 0.205674
4752 0.20597
4762 0.205716
4772 0.206211
4782 0.204229
4792 0.206447
4802 0.207353
4812 0.206192
4822 0.207691
4832 0.204769
4842 0.21115
4852 0.206128
4862 0.2093
4872 0.205233
4882 0.206464
4892 0.20552
4902 0.20591
4912 0.209732
4922 0.203384
4932 0.210971
4942 0.206944
4952 0.205796
4962 0.210845
4972 0.204354
4982 0.206834
4992 0.209415
5002 0.210643
5012 0.208515
5022 0.211332
5032 0.212395
5042 0.212533
5052 0.21065
5062 0.213405
5072 0.20744
5082 0.210473
5092 0.214074
5102 0.210136
5112 0.21295
5122 0.208323
5132 0.212112
5142 0.212947
5152 0.212267
5162 0.207342
5172 0.210603
5182 0.213809
5192 0.210363
5202 0.209076
5212 0.209761
5222 0.21244
5232 0.210574
5242 0.213909
5252 0.206858
5262 0.207399
5272 0.206692
5282 0.208383
5292 0.210064
5302 0.214126
5312 0.211834
5322 0.209408
5332 0.210772
5342 0.210481
5352 0.204554
5362 0.212134
5372 0.212238
5382 0.202086
5392 0.201662
5402 0.205694
5412 0.208833
5422 0.210828
5432 0.213264
5442 0.209787
5452 0.210449
5462 0.21094
5472 0.208083
5482 0.212783
5492 0.211595
5502 0.209017
5512 0.212624
5522 0.206329
5532 0.209781
5542 0.210929
5552 0.209824
5562 0.210934
5572 0.210842
5582 0.210839
5592 0.208878
5602 0.212485
5612 0.260636
5622 0.212274
5632 0.21558
5642 0.204886
5652 0.212136
5662 0.205486
5672 0.204775
5682 0.2146
5692 0.211755
5702 0.205118
5712 0.205493
5722 0.2039
5732 0.20733
5742 0.205437
5752 0.205836
5762 0.211513
5772 0.208088
5782 0.214527
5792 0.209282
5802 0.211553
5812 0.212012
5822 0.209121
5832 0.207447
5842 0.205422
5852 0.210021
5862 0.210203
5872 0.209996
5882 0.209131
5892 0.209955
5902 0.210489
5912 0.209093
5922 0.208514
5932 0.209539
5942 0.209204
5952 0.209573
5962 0.209322
5972 0.209503
5982 0.210948
5992 0.209122
6002 0.209039
6012 0.208992
6022 0.210295
6032 0.208703
6042 0.208793
6052 0.210211
6062 0.211527
6072 0.21137
6082 0.211311
6092 0.207549
6102 0.210464
6112 0.208851
6122 0.209732
6132 0.211775
6142 0.210006
6152 0.210035
6162 0.212198
6172 0.21055
6182 0.206349
6192 0.210543
6202 0.209775
6212 0.211895
6222 0.212485
6232 0.211623
6242 0.206113
6252 0.206025
6262 0.20512
6272 0.206115
6282 0.205711
6292 0.205737
6302 0.205803
6312 0.206388
6322 0.209193
6332 0.211109
6342 0.209396
6352 0.208045
6362 0.208561
6372 0.205198
6382 0.205694
6392 0.205117
6402 0.20455
6412 0.204049
6422 0.212636
6432 0.21385
6442 0.209794
6452 0.214485
6462 0.21391
6472 0.205344
6482 0.203144
6492 0.20964
6502 0.206309
6512 0.207226
6522 0.205707
6532 0.21228
6542 0.205806
6552 0.206489
6562 0.208396
6572 0.208856
6582 0.208397
6592 0.208709
6602 0.207547
6612 0.207612
6622 0.206251
6632 0.206454
6642 0.207204
6652 0.206738
6662 0.20598
6672 0.207251
6682 0.20762
6692 0.207312
6702 0.206217
6712 0.205967
6722 0.206552
6732 0.206399
6742 0.206824
6752 0.206344
6762 0.206693
6772 0.207208
6782 0.208272
6792 0.205844
6802 0.207197
6812 0.206946
6822 0.207445
6832 0.2061
6842 0.206484
6852 0.207496
6862 0.20647
6872 0.20738
6882 0.206476
6892 0.208003
6902 0.205576
6912 0.207414
6922 0.207484
6932 0.211296
6942 0.205226
6952 0.20713
6962 0.20774
6972 0.207661
6982 0.206179
6992 0.206873
7002 0.206449
7012 0.208007
7022 0.206516
7032 0.207133
7042 0.206562
7052 0.206094
7062 0.206247
7072 0.205533
7082 0.208817
7092 0.205557
7102 0.205837
7112 0.203685
7122 0.205612
7132 0.203261
7142 0.205364
7152 0.204283
7162 0.209335
7172 0.205234
7182 0.210565
7192 0.207031
7202 0.207571
7212 0.205357
7222 0.209974
7232 0.209703
7242 0.209213
7252 0.20929
7262 0.207628
7272 0.208262
7282 0.208898
7292 0.205852
7302 0.207775
7312 0.209807
7322 0.206944
7332 0.208486
7342 0.20761
7352 0.205143
7362 0.207306
7372 0.207626
7382 0.20755
7392 0.207815
7402 0.21235
7412 0.212912
7422 0.211545
7432 0.208593
7442 0.207368
7452 0.206018
7462 0.206396
7472 0.205022
7482 0.214264
7492 0.208998
7502 0.207208
7512 0.20567
7522 0.205649
7532 0.205532
7542 0.205655
7552 0.210032
7562 0.207684
7572 0.208066
7582 0.207866
7592 0.206234
7602 0.205592
7612 0.204003
7622 0.210854
7632 0.206322
7642 0.209741
7652 0.205293
7662 0.213025
7672 0.206504
7682 0.208077
7692 0.206626
7702 0.206941
7712 0.208113
7722 0.206494
7732 0.207643
7742 0.207007
7752 0.207346
7762 0.207217
7772 0.20785
7782 0.209124
7792 0.210064
7802 0.206
7812 0.20876
7822 0.208577
7832 0.206767
7842 0.211846
7852 0.216612
7862 0.210084
7872 0.212282
7882 0.213246
7892 0.216932
7902 0.215931
7912 0.213082
7922 0.212214
7932 0.214123
7942 0.212513
7952 0.209639
7962 0.210402
7972 0.204805
7982 0.205699
7992 0.208015
8002 0.208291
8012 0.207414
8022 0.206051
8032 0.20624
8042 0.209769
8052 0.206466
8062 0.207208
8072 0.208128
8082 0.206342
8092 0.209037
8102 0.206322
8112 0.206541
8122 0.206552
8132 0.207116
8142 0.207241
8152 0.2085
8162 0.206787
8172 0.2062
8182 0.206238
8192 0.211865
8202 0.213746
8212 0.207672
8222 0.211227
8232 0.206059
8242 0.211138
8252 0.212691
8262 0.211312
8272 0.211935
8282 0.209798
8292 0.209783
8302 0.206157
8312 0.205612
8322 0.205643
8332 0.2062
8342 0.205515
8352 0.209264
8362 0.209858
8372 0.208176
8382 0.206697
8392 0.210514
8402 0.205367
8412 0.209652
8422 0.206672
8432 0.210699
8442 0.213434
8452 0.214343
8462 0.212355
8472 0.207538
8482 0.211628
8492 0.209395
8502 0.212978
8512 0.213111
8522 0.211212
8532 0.213236
8542 0.209214
8552 0.209858
8562 0.208867
8572 0.210484
8582 0.209416
8592 0.230376
8602 0.210963
8612 0.209666
8622 0.208419
8632 0.208648
8642 0.208411
8652 0.210918
8662 0.207637
8672 0.209771
8682 0.206387
8692 0.219118
8702 0.211559
8712 0.211565
8722 0.212413
8732 0.211014
8742 0.211784
8752 0.208968
8762 0.209037
8772 0.210466
8782 0.213443
8792 0.211092
8802 0.210855
8812 0.211572
8822 0.211775
8832 0.215169
8842 0.211882
8852 0.213694
8862 0.210567
8872 0.213048
8882 0.213366
8892 0.212308
8902 0.211737
8912 0.212425
8922 0.211641
8932 0.21273
8942 0.211849
8952 0.212971
8962 0.213681
8972 0.212034
8982 0.213078
8992 0.212928
9002 0.212531
9012 0.213426
9022 0.212311
9032 0.212554
9042 0.211827
9052 0.209161
9062 0.213059
9072 0.210239
9082 0.212084
9092 0.212242
9102 0.213141
9112 0.208856
9122 0.208087
9132 0.213528
9142 0.208264
9152 0.209177
9162 0.214712
9172 0.207016
9182 0.213308
9192 0.211573
9202 0.214332
9212 0.205897
9222 0.208349
9232 0.207327
9242 0.208352
9252 0.209289
9262 0.208984
9272 0.210412
9282 0.210382
9292 0.209834
9302 0.214133
9312 0.212351
9322 0.209521
9332 0.214465
9342 0.207377
9352 0.213905
9362 0.210697
9372 0.211672
9382 0.212031
9392 0.209654
9402 0.211894
9412 0.210325
9422 0.210439
9432 0.211219
9442 0.21066
9452 0.213869
9462 0.209814
9472 0.212274
9482 0.207973
9492 0.210804
9502 0.21571
9512 0.211807
9522 0.207802
9532 0.208808
9542 0.206688
9552 0.210785
9562 0.21669
9572 0.211915
9582 0.209618
9592 0.211813
9602 0.214342
9612 0.211503
9622 0.212649
9632 0.210418
9642 0.210849
9652 0.211034
9662 0.207815
9672 0.21224
9682 0.206185
9692 0.207422
9702 0.206926
9712 0.20817
9722 0.205302
9732 0.208107
9742 0.207673
9752 0.208909
9762 0.204055
9772 0.204827
9782 0.207386
9792 0.202693
9802 0.211131
9812 0.207716
9822 0.207111
9832 0.204329
9842 0.205901
9852 0.207654
9862 0.205315
9872 0.212534
9882 0.208361
9892 0.205504
9902 0.208013
9912 0.208444
9922 0.203602
9932 0.204406
9942 0.205099
9952 0.208026
9962 0.208855
9972 0.208784
9982 0.208757
9992 0.207977