2 18166
12 13012
22 12308
32 8817
42 6597
52 5607
62 4783
72 4334
82 4179
92 3948
102 3849
112 3485
122 3409
132 3281
142 3166
152 2987
162 3078
172 2946
182 2665
192 2857
202 2685
212 2592
222 2547
232 2508
242 2536
252 2482
262 2496
272 2399
282 2381
292 2305
302 2359
312 2218
322 2375
332 2327
342 2416
352 2409
362 2191
372 2389
382 2355
392 2221
402 2277
412 2222
422 2249
432 2000
442 2147
452 2092
462 2126
472 2089
482 2102
492 2121
502 2128
512 2160
522 2154
532 2102
542 2035
552 2139
562 2055
572 2063
582 2082
592 2072
602 2012
612 2078
622 1959
632 1989
642 2069
652 2027
662 2072
672 2164
682 2092
692 2007
702 2060
712 2012
722 1977
732 1949
742 1939
752 1980
762 1995
772 1964
782 2045
792 2011
802 2023
812 2008
822 1884
832 1871
842 1960
852 1918
862 1928
872 1949
882 1993
892 1911
902 1905
912 1928
922 1897
932 1900
942 1883
952 1908
962 1908
972 1899
982 1950
992 1939
1002 1920
1012 1937
1022 1930
1032 1938
1042 1906
1052 2012
1062 1988
1072 1926
1082 1903
1092 1956
1102 1970
1112 1939
1122 1925
1132 1919
1142 1907
1152 1893
1162 1915
1172 1902
1182 1906
1192 1840
1202 1893
1212 1854
1222 1924
1232 1848
1242 1850
1252 1843
1262 1911
1272 1910
1282 1903
1292 1927
1302 1925
1312 1900
1322 1876
1332 1900
1342 1913
1352 1931
1362 1916
1372 1931
1382 1881
1392 1895
1402 1953
1412 1943
1422 1917
1432 1877
1442 1878
1452 1892
1462 1847
1472 1915
1482 1954
1492 1902
1502 1885
1512 1876
1522 1858
1532 1855
1542 1859
1552 1875
1562 1889
1572 1893
1582 1861
1592 1872
1602 1860
1612 1821
1622 1830
1632 1888
1642 1864
1652 1915
1662 1938
1672 1943
1682 1885
1692 1866
1702 1881
1712 1894
1722 1862
1732 1862
1742 1873
1752 1861
1762 1895
1772 1963
1782 1883
1792 1870
1802 1921
1812 1933
1822 1989
1832 1869
1842 1866
1852 1871
1862 1951
1872 1958
1882 1833
1892 1865
1902 1868
1912 1863
1922 1862
1932 1861
1942 1901
1952 1868
1962 1860
1972 1851
1982 1877
1992 1861
2002 1847
2012 1864
2022 1881
2032 1860
2042 1855
2052 1892
2062 1890
2072 1894
2082 1903
2092 1862
2102 1907
2112 1889
2122 1901
2132 1901
2142 1879
2152 1868
2162 1844
2172 1844
2182 1844
2192 1844
2202 1844
2212 1844
2222 1844
2232 1844
2242 1844
2252 1844
2262 1844
2272 1844
2282 1844
2292 1844
2302 1844
2312 1844
2322 1844
2332 1844
2342 1844
2352 1844
2362 1844
2372 1844
2382 1844
2392 1844
2402 1844
2412 1844
2422 1844
2432 1844
2442 1844
2452 1844
2462 1844
2472 1844
2482 1844
2492 1844
2502 1844
2512 1844
2522 1844
2532 1844
2542 1844
2552 1844
2562 1844
2572 1844
2582 1844
2592 1844
2602 1844
2612 1844
2622 1844
2632 1844
2642 1844
2652 1844
2662 1844
2672 1844
2682 1844
2692 1844
2702 1844
2712 1844
2722 1844
2732 1844
2742 1844
2752 1844
2762 1844
2772 1844
2782 1844
2792 1844
2802 1844
2812 1844
2822 1844
2832 1844
2842 1844
2852 1844
2862 1844
2872 1844
2882 1844
2892 1844
2902 1844
2912 1844
2922 1844
2932 1844
2942 1844
2952 1844
2962 1844
2972 1844
2982 1844
2992 1844
3002 1844
3012 1844
3022 1844
3032 1844
3042 1844
3052 1844
3062 1844
3072 1844
3082 1844
3092 1844
3102 1844
3112 1844
3122 1844
3132 1844
3142 1844
3152 1844
3162 1844
3172 1844
3182 1844
3192 1844
3202 1844
3212 1844
3222 1844
3232 1844
3242 1844
3252 1844
3262 1844
3272 1844
3282 1844
3292 1844
3302 1844
3312 1844
3322 1844
3332 1844
3342 1844
3352 1844
3362 1844
3372 1844
3382 1844
3392 1844
3402 1844
3412 1844
3422 1844
3432 1844
3442 1844
3452 1844
3462 1844
3472 1844
3482 1844
3492 1844
3502 1844
3512 1844
3522 1844
3532 1844
3542 1844
3552 1844
3562 1844
3572 1844
3582 1844
3592 1844
3602 1844
3612 1844
3622 1844
3632 1844
3642 1844
3652 1844
3662 1844
3672 1844
3682 1844
3692 1844
3702 1844
3712 1844
3722 1844
3732 1844
3742 1844
3752 1844
3762 1844
3772 1844
3782 1844
3792 1844
3802 1844
3812 1844
3822 1844
3832 1844
3842 1844
3852 1844
3862 1844
3872 1844
3882 1844
3892 1844
3902 1844
3912 1844
3922 1844
3932 1844
3942 1844
3952 1844
3962 1844
3972 1844
3982 1844
3992 1844
4002 1844
4012 1844
4022 1844
4032 1844
4042 1844
4052 1844
4062 1844
4072 1844
4082 1844
4092 1844
4102 1844
4112 1844
4122 1844
4132 1844
4142 1844
4152 1844
4162 1844
4172 1844
4182 1844
4192 1844
4202 1844
4212 1844
4222 1844
4232 1844
4242 1844
4252 1844
4262 1844
4272 1844
4282 1844
4292 1844
4302 1844
4312 1844
4322 1844
4332 1844
4342 1844
4352 1844
4362 1844
4372 1844
4382 1844
4392 1844
4402 1844
4412 1844
4422 1844
4432 1844
4442 1844
4452 1844
4462 1844
4472 1844
4482 1844
4492 1844
4502 1844
4512 1844
4522 1844
4532 1844
4542 1844
4552 1844
4562 1844
4572 1844
4582 1844
4592 1844
4602 1844
4612 1844
4622 1844
4632 1844
4642 1844
4652 1844
4662 1844
4672 1844
4682 1844
4692 1844
4702 1844
4712 1844
4722 1844
4732 1844
4742 1844
4752 1844
4762 1844
4772 1844
4782 1844
4792 1844
4802 1844
4812 1844
4822 1844
4832 1844
4842 1844
4852 1844
4862 1844
4872 1844
4882 1844
4892 1844
4902 1844
4912 1844
4922 1844
4932 1844
4942 1844
4952 1844
4962 1844
4972 1844
4982 1844
4992 1844