2 13.7453
12 8.41335
22 7.40966
32 6.94103
42 7.03869
52 6.40039
62 7.36437
72 6.7561
82 6.68913
92 6.99111
102 6.55995
112 7.59625
122 6.85726
132 6.29092
142 6.90728
152 6.70177
162 7.00253
172 6.76669
182 6.62447
192 6.56927
202 6.44726
212 7.03501
222 7.57688
232 6.9435
242 6.94774
252 6.97205
262 7.06999
272 7.1577
282 6.16327
292 7.28821
302 6.72238
312 6.296
322 6.62394
332 7.04749
342 6.69126
352 6.56034
362 6.18687
372 6.75455
382 7.00879
392 6.71081
402 6.72969
412 6.25032
422 6.95945
432 5.95759
442 7.16102
452 6.48256
462 6.42791
472 6.75581
482 6.45806
492 6.55162
502 7.04208
512 6.94846
522 6.74805
532 6.56839
542 6.78741
552 6.0381
562 6.22917
572 6.69598
582 6.59157
592 7.24509
602 6.79899
612 6.85164
622 6.75557
632 7.14823
642 6.42407
652 6.15961
662 7.1576
672 6.64694
682 6.39806
692 6.76727
702 6.32316
712 6.36701
722 6.73527
732 7.09556
742 6.82492
752 6.71242
762 7.21228
772 7.15134
782 6.56117
792 6.68049
802 6.63629
812 6.33682
822 7.37365
832 6.33727
842 6.60153
852 6.34282
862 6.6179
872 6.62332
882 6.6762
892 6.44389
902 6.52266
912 6.85978
922 7.80649
932 6.71253
942 6.81627
952 6.1004
962 6.13907
972 7.10366
982 6.4782
992 6.90775
1002 6.44659
1012 6.24973
1022 6.29499
1032 6.7956
1042 6.33021
1052 6.08931
1062 6.47753
1072 6.58363
1082 6.50603
1092 7.05162
1102 6.91247
1112 6.30162
1122 6.96538
1132 6.89877
1142 7.59767
1152 6.86165
1162 7.23733
1172 6.43699
1182 6.47502
1192 6.92375
1202 6.65938
1212 6.4631
1222 6.48386
1232 6.90242
1242 6.37378
1252 6.72884
1262 7.6949
1272 6.80011
1282 7.54247
1292 6.85573
1302 6.59102
1312 6.75455
1322 6.91162
1332 7.78237
1342 6.3791
1352 6.54677
1362 6.93712
1372 6.68107
1382 6.9671
1392 7.12012
1402 6.62431
1412 6.29274
1422 6.665
1432 6.90957
1442 6.22433
1452 6.74889
1462 6.90517
1472 7.004
1482 6.45948
1492 6.91216
1502 7.02488
1512 6.32821
1522 6.32768
1532 6.19886
1542 6.71656
1552 6.20893
1562 6.56292
1572 6.39126
1582 6.51189
1592 6.77049
1602 6.59609
1612 6.40091
1622 7.23512
1632 6.30422
1642 6.45296
1652 6.54534
1662 6.8457
1672 6.92282
1682 6.87335
1692 6.97137
1702 6.71504
1712 6.42619
1722 6.9178
1732 6.40409
1742 6.45911
1752 7.20509
1762 7.06149
1772 6.29185
1782 6.29521
1792 6.21507
1802 6.67183
1812 6.61662
1822 6.9379
1832 6.75876
1842 6.38707
1852 6.43551
1862 6.9881
1872 6.26497
1882 6.23826
1892 7.04854
1902 6.72934
1912 6.78842
1922 6.50446
1932 6.70843
1942 6.47044
1952 6.16597
1962 6.80092
1972 6.82708
1982 6.64817
1992 6.84381
2002 6.29118
2012 6.94578
2022 6.70972
2032 6.96135
2042 6.36309
2052 7.20845
2062 6.45971
2072 6.51781
2082 6.50244
2092 6.51948
2102 6.88744
2112 6.46887
2122 6.38223
2132 7.33169
2142 6.13861
2152 6.33926
2162 6.48353
2172 6.5712
2182 6.99555
2192 6.5584
2202 6.55673
2212 6.62764
2222 6.73687
2232 6.18873
2242 6.89267
2252 6.91187
2262 7.13306
2272 6.41309
2282 6.97791
2292 6.60422
2302 6.1561
2312 6.93275
2322 6.81932
2332 6.81416
2342 6.50737
2352 6.66335
2362 7.15236
2372 7.43319
2382 6.48103
2392 6.78158
2402 6.798
2412 6.92869
2422 6.64761
2432 6.62684
2442 6.59514
2452 7.04644
2462 6.53512
2472 6.78089
2482 7.12041
2492 6.70796
2502 6.71033
2512 7.00077
2522 6.42153
2532 6.77684
2542 7.28458
2552 6.9923
2562 7.45611
2572 6.77537
2582 6.82777
2592 6.40591
2602 6.39434
2612 6.67365
2622 6.34591
2632 6.46144
2642 6.73154
2652 6.2018
2662 6.57779
2672 6.96819
2682 6.85371
2692 7.05252
2702 6.93488
2712 6.94701
2722 6.81221
2732 7.41788
2742 7.22762
2752 6.96819
2762 6.85773
2772 6.56635
2782 6.13293
2792 6.57153
2802 6.97207
2812 6.74817
2822 6.61805
2832 7.53706
2842 6.5388
2852 6.77095
2862 6.67514
2872 6.55393
2882 7.16479
2892 6.51324
2902 6.66151
2912 6.91114
2922 6.32431
2932 6.50308
2942 6.90268
2952 6.48717
2962 6.76539
2972 6.99222
2982 6.17755
2992 6.7008
3002 6.13216
3012 6.76346
3022 6.81574
3032 6.66407
3042 6.30236
3052 6.68272
3062 6.6393
3072 6.28453
3082 7.08022
3092 6.9183
3102 7.06468
3112 6.46247
3122 6.5535
3132 6.86552
3142 6.42404
3152 6.46876
3162 6.47303
3172 6.17127
3182 6.91768
3192 6.47136
3202 6.63528
3212 6.51274
3222 6.57885
3232 6.55776
3242 6.51545
3252 6.34479
3262 6.62528
3272 6.35234
3282 6.84729
3292 6.93582
3302 6.44807
3312 6.84241
3322 6.31872
3332 7.32513
3342 6.80998
3352 6.35122
3362 6.51145
3372 6.39309
3382 7.33766
3392 6.35981
3402 7.11298
3412 7.06172
3422 6.87023
3432 6.45584
3442 6.61331
3452 6.69377
3462 6.70171
3472 6.96731
3482 6.7173
3492 6.25064
3502 6.65346
3512 6.67271
3522 6.6932
3532 7.18526
3542 6.71362
3552 6.23488
3562 6.89341
3572 6.70823
3582 6.51395
3592 6.2622
3602 7.20882
3612 6.47854
3622 6.00761
3632 6.81075
3642 6.78759
3652 7.64868
3662 6.22726
3672 7.11614
3682 6.80673
3692 6.86718
3702 6.9657
3712 6.93801
3722 7.39523
3732 6.3987
3742 7.01325
3752 6.70142
3762 6.63924
3772 6.4037
3782 6.97543
3792 6.43581
3802 6.47711
3812 6.77368
3822 6.5215
3832 6.7766
3842 6.65699
3852 6.55455
3862 5.98712
3872 6.52987
3882 7.26575
3892 6.75445
3902 6.64895
3912 6.62906
3922 7.5101
3932 6.21708
3942 6.72854
3952 6.80363
3962 6.61545
3972 6.975
3982 6.41332
3992 6.45634
4002 6.36596
4012 6.52878
4022 6.99987
4032 7.18274
4042 6.62077
4052 6.24068
4062 6.68692
4072 6.21226
4082 6.90879
4092 6.99455
4102 6.79109
4112 7.43258
4122 6.7597
4132 6.45643
4142 6.51406
4152 6.88053
4162 6.72231
4172 6.37536
4182 6.50868
4192 6.8596
4202 6.73031
4212 7.3119
4222 6.49884
4232 6.87415
4242 6.70417
4252 7.07168
4262 6.47137
4272 6.89074
4282 6.84321
4292 6.31489
4302 6.34935
4312 6.83243
4322 6.67116
4332 6.90723
4342 6.52647
4352 6.66398
4362 6.9502
4372 6.86473
4382 7.16019
4392 6.52308
4402 6.57288
4412 6.08968
4422 7.35886
4432 6.51412
4442 7.02812
4452 7.10635
4462 6.63376
4472 6.93199
4482 7.01597
4492 6.82024
4502 7.13832
4512 6.67722
4522 6.5537
4532 6.3863
4542 6.59486
4552 6.46476
4562 6.78135
4572 6.58085
4582 6.63308
4592 7.21999
4602 6.84652
4612 6.59606
4622 6.86468
4632 6.61469
4642 6.66954
4652 7.02978
4662 6.30437
4672 7.33966
4682 6.56829
4692 6.96804
4702 6.57821
4712 6.56576
4722 6.89739
4732 6.87558
4742 6.6762
4752 6.73525
4762 6.67425
4772 6.57266
4782 6.71491
4792 6.39393
4802 6.98399
4812 6.23792
4822 6.58543
4832 6.37338
4842 6.34484
4852 6.66356
4862 6.61158
4872 6.95358
4882 6.81633
4892 6.49173
4902 6.70728
4912 6.78063
4922 6.67173
4932 7.3421
4942 6.90261
4952 6.87965
4962 6.11459
4972 6.89426
4982 6.1762
4992 6.37441
5002 6.61403
5012 6.07261
5022 6.9991
5032 7.0299
5042 5.95784
5052 6.6912
5062 6.78781
5072 5.8895
5082 6.63881
5092 6.74921
5102 6.80594
5112 6.33848
5122 6.30251
5132 6.55798
5142 7.11051
5152 6.97007
5162 6.64009
5172 6.79494
5182 6.99426
5192 6.64907
5202 6.87945
5212 6.15516
5222 6.36071
5232 6.68406
5242 6.84931
5252 6.93186
5262 6.45166
5272 6.7319
5282 6.74343
5292 6.41752
5302 6.4058
5312 6.52659
5322 6.20913
5332 6.50736
5342 7.12414
5352 6.54648
5362 6.56329
5372 6.83881
5382 6.61282
5392 6.747
5402 6.23796
5412 6.44652
5422 6.91168
5432 6.42749
5442 7.4402
5452 6.4365
5462 6.7528
5472 6.47627
5482 6.36509
5492 6.63183
5502 7.22904
5512 6.78119
5522 7.26832
5532 6.95106
5542 6.48534
5552 7.42217
5562 6.7438
5572 6.51733
5582 6.82956
5592 6.60726
5602 6.76064
5612 6.60465
5622 6.54929
5632 6.5143
5642 6.69704
5652 6.30367
5662 7.23447
5672 6.74647
5682 6.02571
5692 6.60758
5702 7.01802
5712 6.84563
5722 6.8708
5732 7.8272
5742 6.76759
5752 6.60966
5762 7.28265
5772 7.04712
5782 6.66985
5792 6.62969
5802 6.94006
5812 6.61162
5822 6.55334
5832 6.55822
5842 6.46304
5852 6.80226
5862 6.64646
5872 6.57217
5882 6.56743
5892 5.91686
5902 6.16857
5912 6.11648
5922 6.98601
5932 6.36026
5942 7.23248
5952 7.08061
5962 6.72216
5972 6.5979
5982 6.19148
5992 6.59799
6002 7.2356
6012 6.1926
6022 6.42773
6032 6.51716
6042 6.22396
6052 6.67072
6062 6.3118
6072 6.57111
6082 6.4866
6092 6.35789
6102 6.31449
6112 6.5466
6122 6.21034
6132 7.27411
6142 6.72431
6152 6.69746
6162 6.16002
6172 6.45703
6182 6.27783
6192 6.69892
6202 7.02552
6212 6.94098
6222 6.31097
6232 6.92454
6242 6.43752
6252 6.44968
6262 6.79525
6272 6.64206
6282 6.70874
6292 6.36661
6302 7.55783
6312 6.52648
6322 6.9755
6332 6.22692
6342 5.93373
6352 6.57697
6362 6.97275
6372 6.8948
6382 6.92128
6392 6.81163
6402 6.62434
6412 7.32354
6422 6.66384
6432 6.39438
6442 6.86174
6452 6.4643
6462 6.06885
6472 6.42565
6482 6.7368
6492 6.76033
6502 6.17944
6512 6.86221
6522 6.87598
6532 6.54843
6542 7.06332
6552 7.41847
6562 7.38607
6572 6.55444
6582 6.45349
6592 6.83657
6602 6.28607
6612 6.26547
6622 7.32519
6632 6.44511
6642 6.96501
6652 6.36362
6662 6.62409
6672 6.49252
6682 6.79729
6692 7.07871
6702 6.32451
6712 7.21712
6722 6.7554
6732 6.11122
6742 6.27465
6752 6.38672
6762 6.52377
6772 6.35539
6782 6.79668
6792 6.2173
6802 6.07425
6812 6.62611
6822 6.44853
6832 6.68869
6842 6.97382
6852 6.824
6862 6.95155
6872 6.39076
6882 6.62853
6892 6.48938
6902 6.76155
6912 6.8032
6922 6.57193
6932 6.66461
6942 6.21422
6952 6.60532
6962 6.5851
6972 6.22952
6982 6.95427
6992 6.52495
7002 6.76517
7012 6.52153
7022 6.22717
7032 6.80125
7042 6.69151
7052 6.53124
7062 7.0546
7072 6.87687
7082 6.18841
7092 6.89512
7102 6.7967
7112 6.82715
7122 6.694
7132 6.29142
7142 6.9335
7152 7.42669
7162 6.54385
7172 6.98964
7182 6.79941
7192 6.29735
7202 6.47895
7212 6.57047
7222 6.75013
7232 6.63125
7242 6.54936
7252 6.8162
7262 6.51413
7272 6.44491
7282 6.23429
7292 6.43225
7302 6.64496
7312 6.91354
7322 6.37375
7332 6.26331
7342 6.63698
7352 6.5563
7362 6.79671
7372 6.2624
7382 6.06381
7392 6.56595
7402 6.5132
7412 6.93862
7422 6.89797
7432 7.33538
7442 6.90392
7452 7.11524
7462 6.93049
7472 6.51905
7482 7.25961
7492 6.84857
7502 6.6093
7512 6.42968
7522 6.75068
7532 6.523
7542 6.55136
7552 7.03076
7562 6.95751
7572 6.48147
7582 6.6312
7592 7.36224
7602 6.46521
7612 6.69326
7622 6.52192
7632 7.30636
7642 6.4915
7652 6.74855
7662 6.77297
7672 6.44738
7682 6.67563
7692 6.74063
7702 6.87635
7712 6.31067
7722 6.55334
7732 6.88517
7742 6.9472
7752 6.86894
7762 6.41064
7772 6.46562
7782 7.12754
7792 6.74457
7802 6.36337
7812 6.58518
7822 6.40874
7832 6.90338
7842 6.47631
7852 7.52124
7862 6.72913
7872 6.93113
7882 7.24009
7892 6.47411
7902 7.24417
7912 6.65873
7922 7.21007
7932 6.40236
7942 7.09834
7952 7.07143
7962 6.35798
7972 6.06621
7982 7.26534
7992 7.4644
8002 6.94907
8012 6.70409
8022 6.77076
8032 6.57134
8042 6.64677
8052 6.67517
8062 6.25871
8072 6.00357
8082 6.80676
8092 6.60071
8102 6.71416
8112 6.91362
8122 6.48528
8132 6.98293
8142 6.59589
8152 6.36441
8162 6.32476
8172 6.13803
8182 6.31482
8192 6.34075
8202 6.32125
8212 6.64027
8222 6.37968
8232 6.37417
8242 6.03445
8252 7.16195
8262 6.40461
8272 6.80129
8282 6.85399
8292 7.08602
8302 6.05733
8312 6.89664
8322 6.5177
8332 6.71534
8342 6.34021
8352 7.12685
8362 6.67718
8372 6.12982
8382 6.71731
8392 6.87303
8402 6.58798
8412 7.42759
8422 6.72711
8432 6.28833
8442 6.72537
8452 6.6423
8462 7.05392
8472 6.2067
8482 6.77981
8492 6.99222
8502 6.41792
8512 6.76226
8522 7.1351
8532 6.81737
8542 6.80892
8552 6.68207
8562 7.75411
8572 6.27268
8582 7.1911
8592 6.76347
8602 6.36584
8612 6.17594
8622 6.6244
8632 7.1721
8642 6.96508
8652 6.50373
8662 6.6649
8672 6.70639
8682 7.0472
8692 6.42322
8702 6.41722
8712 6.74452
8722 6.25081
8732 7.47144
8742 6.74578
8752 6.44422
8762 7.48177
8772 6.64918
8782 6.46192
8792 6.59969
8802 6.11527
8812 6.63198
8822 6.78406
8832 6.72417
8842 6.18477
8852 6.64466
8862 7.08625
8872 6.64717
8882 6.20016
8892 6.32144
8902 6.15089
8912 6.86019
8922 6.44923
8932 7.11518
8942 7.08065
8952 6.8608
8962 6.86793
8972 6.49702
8982 6.39206
8992 7.11317
9002 7.09656
9012 6.96488
9022 6.94065
9032 6.85431
9042 6.95272
9052 7.31736
9062 6.82583
9072 7.13572
9082 6.53474
9092 7.23604
9102 6.87437
9112 6.58237
9122 7.01645
9132 6.713
9142 6.98581
9152 6.65307
9162 6.79033
9172 7.09015
9182 6.4641
9192 7.06713
9202 7.08314
9212 6.6529
9222 6.73542
9232 6.64607
9242 6.88027
9252 7.07553
9262 6.99699
9272 6.47769
9282 6.53518
9292 6.90304
9302 6.46364
9312 6.89606
9322 7.21752
9332 6.78046
9342 7.39054
9352 6.59942
9362 6.34284
9372 6.46672
9382 7.21923
9392 6.79661
9402 7.07869
9412 6.66377
9422 6.83748
9432 6.48919
9442 6.35542
9452 6.18972
9462 6.60307
9472 6.90395
9482 7.15512
9492 6.82427
9502 6.90891
9512 7.55879
9522 6.99759
9532 6.44383
9542 6.52564
9552 6.35484
9562 6.8008
9572 6.85432
9582 7.27109
9592 6.47197
9602 6.61874
9612 6.01594
9622 6.4566
9632 6.72482
9642 6.73251
9652 6.83163
9662 6.5331
9672 6.45337
9682 6.66773
9692 6.86239
9702 6.77555
9712 6.46663
9722 6.63651
9732 6.53752
9742 6.64453
9752 6.53592
9762 6.69275
9772 6.5066
9782 6.63447
9792 6.85191
9802 7.13149
9812 6.83082
9822 6.5937
9832 7.11175
9842 6.33172
9852 6.51156
9862 6.54382
9872 6.51903
9882 6.58962
9892 6.57343
9902 6.88847
9912 6.75155
9922 6.95105
9932 6.31008
9942 6.72832
9952 6.50846
9962 6.59231
9972 6.73637
9982 6.88396
9992 6.26666