2 0.13257
12 0.025618
22 0.0286036
32 0.0238099
42 0.0238453
52 0.0240117
62 0.0240946
72 0.0235822
82 0.023578
92 0.0233777
102 0.023802
112 0.023468
122 0.0233094
132 0.0234477
142 0.0238595
152 0.0235476
162 0.0237424
172 0.0242881
182 0.023458
192 0.0231504
202 0.0229192
212 0.0230607
222 0.0553463
232 0.0382041
242 0.0233565
252 0.0238676
262 0.0235749
272 0.0232188
282 0.0229694
292 0.0230308
302 0.0235588
312 0.0242569
322 0.023041
332 0.022964
342 0.0232364
352 0.0237427
362 0.0233422
372 0.0234136
382 0.0233813
392 0.0229171
402 0.0236206
412 0.0231619
422 0.0235478
432 0.0230752
442 0.0228926
452 0.0229623
462 0.0234078
472 0.0233633
482 0.0230969
492 0.0231505
502 0.0229775
512 0.022894
522 0.0236502
532 0.0234471
542 0.0228151
552 0.0228109
562 0.0236409
572 0.0234505
582 0.0228338
592 0.0230447
602 0.0229803
612 0.0229624
622 0.0229282
632 0.0231487
642 0.0230541
652 0.0228346
662 0.0228144
672 0.0228209
682 0.0252209
692 0.0229246
702 0.0229146
712 0.0230822
722 0.0230619
732 0.0228174
742 0.0227868
752 0.0228112
762 0.0229869
772 0.0228948
782 0.0228334
792 0.0227538
802 0.0227479
812 0.0231095
822 0.0227612
832 0.0228318
842 0.0229438
852 0.022823
862 0.0227621
872 0.0227421
882 0.0227472
892 0.0227151
902 0.0227794
912 0.0229322
922 0.0229593
932 0.0252841
942 0.0228078
952 0.023243
962 0.0227962
972 0.0228943
982 0.0237365
992 0.0228078
1002 0.0228039
1012 0.0228091
1022 0.0227924
1032 0.022825
1042 0.0228215
1052 0.0228012
1062 0.0228017
1072 0.0227668
1082 0.0227593
1092 0.022802
1102 0.0228082
1112 0.0227946
1122 0.0228088
1132 0.0228139
1142 0.0227662
1152 0.0230221
1162 0.0227622
1172 0.0228128
1182 0.0228264
1192 0.022799
1202 0.022798
1212 0.0228104
1222 0.022774
1232 0.0228349
1242 0.0228225
1252 0.022823
1262 0.0228026
1272 0.022862
1282 0.0228247
1292 0.0228361
1302 0.022843
1312 0.0228292
1322 0.0228127
1332 0.0228219
1342 0.0228025
1352 0.0227902
1362 0.0228367
1372 0.0228089
1382 0.0268131
1392 0.0230076
1402 0.022856
1412 0.0228236
1422 0.0227785
1432 0.0229338
1442 0.0229511
1452 0.0229228
1462 0.0228371
1472 0.0228983
1482 0.0230628
1492 0.0228408
1502 0.022856
1512 0.0228474
1522 0.0228767
1532 0.0229999
1542 0.0233379
1552 0.0228722
1562 0.0228226
1572 0.0228309
1582 0.0228229
1592 0.022949
1602 0.0229372
1612 0.0228979
1622 0.0228275
1632 0.0228355
1642 0.0228334
1652 0.0231979
1662 0.0229496
1672 0.0228585
1682 0.0229409
1692 0.0229102
1702 0.022829
1712 0.0228636
1722 0.0227851
1732 0.0227842
1742 0.0227885
1752 0.0228286
1762 0.0228076
1772 0.0228513
1782 0.0229461
1792 0.0228584
1802 0.0228158
1812 0.0228178
1822 0.0230978
1832 0.0229597
1842 0.0228598
1852 0.0229764
1862 0.0228673
1872 0.0228413
1882 0.022934
1892 0.0229317
1902 0.0229561
1912 0.0230599
1922 0.0229384
1932 0.0229955
1942 0.0229849
1952 0.0228486
1962 0.0228105
1972 0.0229557
1982 0.0229175
1992 0.0229399
2002 0.0228701
2012 0.0228099
2022 0.0227582
2032 0.0229314
2042 0.0228004
2052 0.0228333
2062 0.0229004
2072 0.0228945
2082 0.0228989
2092 0.0229818
2102 0.022927
2112 0.0228928
2122 0.0228176
2132 0.0236864
2142 0.0233883
2152 0.0231564
2162 0.0228936
2172 0.0229154
2182 0.022921
2192 0.022932
2202 0.0229249
2212 0.0228914
2222 0.0229021
2232 0.0235685
2242 0.0233367
2252 0.0229172
2262 0.0228447
2272 0.0229369
2282 0.0229345
2292 0.0235744
2302 0.0233821
2312 0.0229304
2322 0.0230868
2332 0.0229824
2342 0.0230036
2352 0.0230126
2362 0.0230095
2372 0.022928
2382 0.0229949
2392 0.0230331
2402 0.0229992
2412 0.0230104
2422 0.0230626
2432 0.0230186
2442 0.0229933
2452 0.0235442
2462 0.0233672
2472 0.0229779
2482 0.0231539
2492 0.0229697
2502 0.0235354
2512 0.0233611
2522 0.0234923
2532 0.0233373
2542 0.0229896
2552 0.0229653
2562 0.022967
2572 0.0229727
2582 0.0229928
2592 0.0229813
2602 0.0229315
2612 0.0235708
2622 0.0233445
2632 0.0229249
2642 0.0229295
2652 0.0230844
2662 0.0229092
2672 0.0229038
2682 0.0235213
2692 0.023351
2702 0.0229707
2712 0.0230404
2722 0.0230315
2732 0.0235317
2742 0.0233193
2752 0.0229593
2762 0.0229087
2772 0.0228908
2782 0.0255165
2792 0.0231034
2802 0.0233349
2812 0.0229451
2822 0.023123
2832 0.0229237
2842 0.0235832
2852 0.0232458
2862 0.0229046
2872 0.0229179
2882 0.0229043
2892 0.02353
2902 0.0233714
2912 0.0229242
2922 0.0228851
2932 0.0229204
2942 0.0234948
2952 0.0233261
2962 0.0234921
2972 0.0233607
2982 0.0232048
2992 0.0235138
3002 0.0233363
3012 0.0230288
3022 0.0230217
3032 0.0230276
3042 0.0230268
3052 0.0230382
3062 0.0229934
3072 0.0230124
3082 0.0229712
3092 0.0229747
3102 0.022999
3112 0.0230129
3122 0.0229752
3132 0.022982
3142 0.0235887
3152 0.0236552
3162 0.0234935
3172 0.0234358
3182 0.0235326
3192 0.0230414
3202 0.0233419
3212 0.0229381
3222 0.02293
3232 0.0235055
3242 0.0230829
3252 0.0232989
3262 0.0234966
3272 0.023376
3282 0.0234439
3292 0.0233646
3302 0.0230203
3312 0.0237052
3322 0.0234081
3332 0.0235402
3342 0.0233433
3352 0.0229949
3362 0.0229624
3372 0.0229609
3382 0.0234903
3392 0.0233978
3402 0.0234447
3412 0.0234014
3422 0.0230107
3432 0.0235065
3442 0.0233694
3452 0.0230427
3462 0.0235039
3472 0.0252983
3482 0.0237222
3492 0.0231674
3502 0.0234319
3512 0.0229798
3522 0.0229868
3532 0.0235295
3542 0.0230479
3552 0.0230733
3562 0.0233913
3572 0.0230176
3582 0.0235324
3592 0.0234718
3602 0.0234424
3612 0.0231211
3622 0.0234369
3632 0.02355
3642 0.0232273
3652 0.0231255
3662 0.0234577
3672 0.0230076
3682 0.0229837
3692 0.0234607
3702 0.0230358
3712 0.0233797
3722 0.0234665
3732 0.0234101
3742 0.0229777
3752 0.023495
3762 0.0234193
3772 0.0234952
3782 0.023162
3792 0.0233766
3802 0.0234232
3812 0.0232105
3822 0.0233987
3832 0.0234819
3842 0.0231142
3852 0.0234336
3862 0.0234439
3872 0.0230684
3882 0.0231241
3892 0.0231094
3902 0.02343
3912 0.0235449
3922 0.0230569
3932 0.0230636
3942 0.023039
3952 0.023061
3962 0.0235584
3972 0.0238405
3982 0.0231232
3992 0.0232615
4002 0.0238673
4012 0.0241298
4022 0.0235025
4032 0.023424
4042 0.0230789
4052 0.023354
4062 0.023012
4072 0.0230306
4082 0.0234914
4092 0.0230774
4102 0.02304
4112 0.0230489
4122 0.0234298
4132 0.0234172
4142 0.0233173
4152 0.02344
4162 0.0253338
4172 0.0233973
4182 0.0234704
4192 0.0230547
4202 0.0230285
4212 0.0230528
4222 0.0234297
4232 0.0230455
4242 0.0235028
4252 0.0230641
4262 0.0230769
4272 0.0230765
4282 0.0230941
4292 0.0231087
4302 0.0232466
4312 0.0230586
4322 0.0230811
4332 0.0230695
4342 0.0230714
4352 0.0234166
4362 0.023498
4372 0.0230954
4382 0.0230523
4392 0.0230855
4402 0.0230935
4412 0.0230686
4422 0.0231016
4432 0.0231134
4442 0.0230688
4452 0.0231059
4462 0.0230985
4472 0.0236128
4482 0.0235209
4492 0.0230805
4502 0.0231001
4512 0.0230942
4522 0.0235083
4532 0.0234716
4542 0.0231079
4552 0.0230988
4562 0.0231049
4572 0.0231369
4582 0.0231148
4592 0.0231212
4602 0.0231212
4612 0.0235168
4622 0.0234501
4632 0.0230977
4642 0.0231318
4652 0.0231185
4662 0.023108
4672 0.023104
4682 0.0230871
4692 0.0231156
4702 0.023095
4712 0.0230919
4722 0.0230965
4732 0.0231218
4742 0.0230726
4752 0.0230991
4762 0.02305
4772 0.0230811
4782 0.0230874
4792 0.0231288
4802 0.0237336
4812 0.0231096
4822 0.0230935
4832 0.0230945
4842 0.0230684
4852 0.0249688
4862 0.0230967
4872 0.0231084
4882 0.0230809
4892 0.0231128
4902 0.0231069
4912 0.0231385
4922 0.0230773
4932 0.0231611
4942 0.0231286
4952 0.0231108
4962 0.0231059
4972 0.023317
4982 0.0230785
4992 0.0231032
5002 0.0230922
5012 0.0230957
5022 0.0230681
5032 0.0231241
5042 0.0230973
5052 0.0231112
5062 0.0230863
5072 0.0231299
5082 0.0230886
5092 0.0231184
5102 0.0231053
5112 0.0231102
5122 0.0231061
5132 0.0232864
5142 0.0231032
5152 0.0231229
5162 0.0231211
5172 0.0231043
5182 0.0230758
5192 0.0231363
5202 0.0231049
5212 0.0230949
5222 0.0230907
5232 0.023097
5242 0.0230888
5252 0.0230803
5262 0.0230864
5272 0.023092
5282 0.0230805
5292 0.0231009
5302 0.0232813
5312 0.0231321
5322 0.0230844
5332 0.0231162
5342 0.0231006
5352 0.0230874
5362 0.0230801
5372 0.0231289
5382 0.0230873
5392 0.0231192
5402 0.0231032
5412 0.0231255
5422 0.0230969
5432 0.0230712
5442 0.0230789
5452 0.0231169
5462 0.0230919
5472 0.0232859
5482 0.0230917
5492 0.0231319
5502 0.0230841
5512 0.023081
5522 0.0230826
5532 0.0231033
5542 0.0231004
5552 0.0249941
5562 0.0231104
5572 0.0231032
5582 0.0231016
5592 0.0231516
5602 0.0230927
5612 0.0231373
5622 0.023101
5632 0.0233143
5642 0.0231207
5652 0.0231109
5662 0.0230753
5672 0.0231002
5682 0.0230788
5692 0.0230922
5702 0.0230844
5712 0.0230973
5722 0.0230909
5732 0.0231136
5742 0.023097
5752 0.0231015
5762 0.0230981
5772 0.0231095
5782 0.0230803
5792 0.0230938
5802 0.0240723
5812 0.0231201
5822 0.0230792
5832 0.0230826
5842 0.0230893
5852 0.0231152
5862 0.0230986
5872 0.0230855
5882 0.0230808
5892 0.0231114
5902 0.0230896
5912 0.0231361
5922 0.0230953
5932 0.0230931
5942 0.0231042
5952 0.0231047
5962 0.0230802
5972 0.0232863
5982 0.0230936
5992 0.0231162
6002 0.023087
6012 0.0231008
6022 0.0230995
6032 0.0231253
6042 0.0231035
6052 0.0231373
6062 0.0230954
6072 0.02309
6082 0.0230943
6092 0.0230913
6102 0.0230596
6112 0.0230646
6122 0.0230797
6132 0.0232708
6142 0.0230832
6152 0.0230612
6162 0.0230999
6172 0.0230981
6182 0.0230753
6192 0.0230863
6202 0.0231021
6212 0.0230889
6222 0.0230858
6232 0.0230762
6242 0.0231012
6252 0.0249735
6262 0.023058
6272 0.0230976
6282 0.0230936
6292 0.023107
6302 0.0232379
6312 0.0231271
6322 0.0230755
6332 0.0230686
6342 0.0230824
6352 0.0231092
6362 0.02311
6372 0.0230949
6382 0.0231017
6392 0.023097
6402 0.0230956
6412 0.0230992
6422 0.0230577
6432 0.0231158
6442 0.023084
6452 0.0230932
6462 0.0232476
6472 0.023106
6482 0.0230847
6492 0.0231144
6502 0.0231237
6512 0.023124
6522 0.0230844
6532 0.0231299
6542 0.0231321
6552 0.0231427
6562 0.0230968
6572 0.0231086
6582 0.0231096
6592 0.023119
6602 0.0230856
6612 0.0231132
6622 0.0231265
6632 0.0232986
6642 0.0231152
6652 0.023123
6662 0.0231055
6672 0.023114
6682 0.023091
6692 0.0231068
6702 0.0231417
6712 0.0230817
6722 0.02307
6732 0.0231047
6742 0.0230668
6752 0.0230871
6762 0.0231075
6772 0.0230907
6782 0.0230989
6792 0.0231341
6802 0.0232583
6812 0.0231339
6822 0.0230957
6832 0.0231203
6842 0.0231191
6852 0.0231089
6862 0.023113
6872 0.0231289
6882 0.0231163
6892 0.0230938
6902 0.023116
6912 0.0231298
6922 0.0230986
6932 0.0231418
6942 0.0249639
6952 0.0230945
6962 0.0232681
6972 0.0231322
6982 0.0230769
6992 0.0230782
7002 0.0230638
7012 0.0231012
7022 0.023093
7032 0.023108
7042 0.0230872
7052 0.023076
7062 0.0230833
7072 0.0231072
7082 0.0231226
7092 0.0231223
7102 0.0230926
7112 0.0230967
7122 0.0230913
7132 0.023262
7142 0.0230702
7152 0.0231097
7162 0.0230829
7172 0.0230949
7182 0.0231207
7192 0.0231305
7202 0.0230887
7212 0.0231397
7222 0.0231064
7232 0.0231563
7242 0.0230928
7252 0.0231214
7262 0.0231376
7272 0.0231149
7282 0.0231153
7292 0.0231384
7302 0.0232559
7312 0.0231285
7322 0.0231157
7332 0.0231242
7342 0.0231165
7352 0.0231199
7362 0.0230963
7372 0.0231518
7382 0.0231368
7392 0.0231198
7402 0.0231178
7412 0.0231423
7422 0.0230971
7432 0.0231126
7442 0.0230788
7452 0.0231289
7462 0.0232606
7472 0.0231097
7482 0.0231016
7492 0.0231175
7502 0.0231138
7512 0.0230977
7522 0.0231135
7532 0.0231355
7542 0.0231549
7552 0.0231339
7562 0.02309
7572 0.0230967
7582 0.0231071
7592 0.0231121
7602 0.0231249
7612 0.0230926
7622 0.0230874
7632 0.0232389
7642 0.024937
7652 0.0230985
7662 0.0230702
7672 0.0231246
7682 0.0230779
7692 0.0230924
7702 0.0230861
7712 0.0230936
7722 0.0231116
7732 0.0230895
7742 0.023088
7752 0.0230855
7762 0.0230956
7772 0.0231063
7782 0.0231031
7792 0.0231058
7802 0.0232643
7812 0.0231226
7822 0.0230899
7832 0.0231232
7842 0.0230708
7852 0.0231072
7862 0.0231027
7872 0.0231088
7882 0.0230941
7892 0.0231159
7902 0.0231046
7912 0.0230789
7922 0.023065
7932 0.0231221
7942 0.0230515
7952 0.0231167
7962 0.0232767
7972 0.0231248
7982 0.0230702
7992 0.0231157
8002 0.023107
8012 0.0231299
8022 0.0230923
8032 0.023117
8042 0.0231034
8052 0.023112
8062 0.0230919
8072 0.0231224
8082 0.0230949
8092 0.0231118
8102 0.0230715
8112 0.0230986
8122 0.0231033
8132 0.0232456
8142 0.0231724
8152 0.0231068
8162 0.0230864
8172 0.0230807
8182 0.0231019
8192 0.0231404
8202 0.0231209
8212 0.0231427
8222 0.0231221
8232 0.0230885
8242 0.0230979
8252 0.0231469
8262 0.0230986
8272 0.0231084
8282 0.0230753
8292 0.0230756
8302 0.0232668
8312 0.0230896
8322 0.0230908
8332 0.0251127
8342 0.0231039
8352 0.0231127
8362 0.0230969
8372 0.0231221
8382 0.0230833
8392 0.0230965
8402 0.0231026
8412 0.0231368
8422 0.0230686
8432 0.0231167
8442 0.0231089
8452 0.023113
8462 0.0352613
8472 0.0231153
8482 0.0231145
8492 0.0231009
8502 0.023083
8512 0.0230665
8522 0.0230936
8532 0.0230735
8542 0.0230933
8552 0.0230861
8562 0.0230919
8572 0.0230637
8582 0.023049
8592 0.0231043
8602 0.0230421
8612 0.023091
8622 0.0232829
8632 0.0231042
8642 0.0231031
8652 0.0231288
8662 0.023104
8672 0.023105
8682 0.0231189
8692 0.0231316
8702 0.0230998
8712 0.0231328
8722 0.0230965
8732 0.0231076
8742 0.0231028
8752 0.0231222
8762 0.0230855
8772 0.023118
8782 0.0230861
8792 0.0232782
8802 0.0231038
8812 0.0230962
8822 0.0231
8832 0.0231109
8842 0.0230962
8852 0.0231027
8862 0.0230828
8872 0.0231137
8882 0.0230935
8892 0.0231433
8902 0.0231096
8912 0.0231373
8922 0.0231124
8932 0.0231329
8942 0.02313
8952 0.0231331
8962 0.0232421
8972 0.0231103
8982 0.0230721
8992 0.0231229
9002 0.0230799
9012 0.0230891
9022 0.024948
9032 0.0230957
9042 0.0231054
9052 0.0231002
9062 0.0231135
9072 0.0231185
9082 0.0231031
9092 0.023137
9102 0.023111
9112 0.0231358
9122 0.023302
9132 0.0231229
9142 0.0230868
9152 0.0231405
9162 0.0231259
9172 0.023109
9182 0.0230922
9192 0.0231224
9202 0.0231011
9212 0.0230993
9222 0.0230876
9232 0.0231319
9242 0.0230758
9252 0.0230972
9262 0.0230607
9272 0.0231208
9282 0.0230873
9292 0.0232766
9302 0.023112
9312 0.0231201
9322 0.0231266
9332 0.023101
9342 0.0230989
9352 0.0231147
9362 0.0230759
9372 0.0230937
9382 0.0231441
9392 0.0231274
9402 0.0231215
9412 0.0231248
9422 0.0231205
9432 0.0231104
9442 0.0230943
9452 0.0232769
9462 0.0230857
9472 0.0231705
9482 0.0231001
9492 0.0231104
9502 0.0231007
9512 0.0231353
9522 0.0231143
9532 0.0231439
9542 0.0231156
9552 0.0231257
9562 0.0231215
9572 0.0231074
9582 0.0231247
9592 0.0231723
9602 0.023121
9612 0.0231332
9622 0.0232582
9632 0.0231295
9642 0.0231064
9652 0.0231331
9662 0.0230777
9672 0.0231245
9682 0.0231166
9692 0.0231532
9702 0.0231138
9712 0.0230664
9722 0.0249429
9732 0.0230954
9742 0.0230846
9752 0.0231316
9762 0.0230949
9772 0.0231227
9782 0.0231027
9792 0.0232708
9802 0.0231194
9812 0.0230737
9822 0.0230734
9832 0.0230811
9842 0.0230907
9852 0.0230913
9862 0.0230947
9872 0.0230883
9882 0.0230707
9892 0.023099
9902 0.0230698
9912 0.0231108
9922 0.0231169
9932 0.0230822
9942 0.02308
9952 0.0232917
9962 0.0230796
9972 0.0230927
9982 0.0231157
9992 0.0230964