1 0
2 96
3 120
4 120
5 137
6 191
7 237
8 255
9 294
10 310
11 331
12 357
13 348
14 437
15 440
16 456
17 524
18 580
19 581
20 601
21 643
22 644
23 650
24 651
25 703
26 709
27 731
28 732
29 753
30 767
31 789
32 843
33 862
34 909
35 980
36 1015
37 1015
38 1049
39 1086
40 1103
41 1129
42 1146
43 1154
44 1144
45 1171
46 1163
47 1165
48 1190
49 1211
50 1211
51 1290
52 1295
53 1306
54 1312
55 1363
56 1397
57 1414
58 1419
59 1466
60 1478
61 1533
62 1544
63 1564
64 1592
65 1640
66 1706
67 1721
68 1765
69 1766
70 1774
71 1826
72 1829
73 1841
74 1882
75 1898
76 1928
77 1942
78 1981
79 2059
80 2120
81 2120
82 2132
83 2139
84 2164
85 2195
86 2195
87 2195
88 2323
89 2357
90 2357
91 2357
92 2431
93 2473
94 2457
95 2550
96 2572
97 2599
98 2606
99 2687
100 2726
101 2738
102 2738
103 2741
104 2774
105 2783
106 2785
107 2824
108 2825
109 2844
110 2868
111 2931
112 2937
113 2945
114 2990
115 3058
116 3081
117 3094
118 3167
119 3183
120 3218
121 3264
122 3290
123 3339
124 3341
125 3393
126 3393
127 3417
128 3441
129 3481
130 3522
131 3522
132 3471
133 3487
134 3523
135 3542
136 3647
137 3684
138 3721
139 3741
140 3741
141 3817
142 3872
143 3884
144 3949
145 3918
146 3949
147 3966
148 3972
149 4032
150 4048
151 4068
152 4070
153 4071
154 4095
155 4127
156 4146
157 4180
158 4180
159 4199
160 4248
161 4301
162 4317
163 4323
164 4331
165 4332
166 4382
167 4451
168 4498
169 4598
170 4597
171 4597
172 4629
173 4654
174 4664
175 4686
176 4709
177 4704
178 4738
179 4743
180 4785
181 4784
182 4837
183 4848
184 4890
185 4897
186 4928
187 5048
188 5067
189 5096
190 5101
191 5105
192 5107
193 5107
194 5120
195 5155
196 5155
197 5164
198 5191
199 5220
200 5317
201 5377
202 5378
203 5400
204 5398
205 5397
206 5434
207 5515
208 5511
209 5546
210 5547
211 5605
212 5636
213 5637
214 5626
215 5640
216 5653
217 5689
218 5689
219 5694
220 5790
221 5791
222 5823
223 5820
224 5829
225 5850
226 5862
227 5870
228 5865
229 5892
230 5913
231 5913
232 5964
233 5975
234 5995
235 6038
236 6022
237 6100
238 6102
239 6137
240 6138
241 6170
242 6184
243 6199
244 6263
245 6336
246 6350
247 6365
248 6369
249 6428
250 6428
251 6492
252 6523
253 6523
254 6559
255 6611
256 6615
257 6618
258 6640
259 6674
260 6732
261 6741
262 6745
263 6797
264 6796
265 6824
266 6838
267 6867
268 6889
269 6889
270 6889
271 6927
272 6945
273 6968
274 6980
275 6980
276 7019
277 7021
278 7054
279 7074
280 7133
281 7138
282 7171
283 7228
284 7250
285 7294
286 7310
287 7291
288 7319
289 7331
290 7360
291 7360
292 7360
293 7418
294 7471
295 7529
296 7540
297 7588
298 7643
299 7662
300 7697
301 7717
302 7795
303 7808
304 7920
305 7873
306 7877
307 7892
308 7914
309 7919
310 7948
311 7971
312 7979
313 8010
314 8006
315 8039
316 8091
317 8159
318 8168
319 8208
320 8220
321 8319
322 8322
323 8341
324 8350
325 8404
326 8411
327 8459
328 8467
329 8471
330 8475
331 8500
332 8528
333 8529
334 8528
335 8550
336 8569
337 8607
338 8589
339 8607
340 8647
341 8651
342 8653
343 8712
344 8717
345 8747
346 8787
347 8804
348 8843
349 8854
350 8877
351 8884
352 8931
353 8912
354 8955
355 9031
356 9094
357 9124
358 9152
359 9151
360 9165
361 9189
362 9195
363 9220
364 9238
365 9283
366 9291
367 9311
368 9342
369 9362
370 9420
371 9426
372 9434
373 9464
374 9499
375 9476
376 9538
377 9522
378 9549
379 9548
380 9578
381 9571
382 9596
383 9608
384 9637
385 9643
386 9646
387 9719
388 9763
389 9834
390 9837
391 9872
392 9876
393 9921
394 9956
395 9967
396 9995
397 10133
398 10133
399 10176
400 10233
401 10263
402 10357
403 10358
404 10360
405 10361
406 10367
407 10373
408 10379
409 10384
410 10405
411 10407
412 10477
413 10479
414 10479
415 10527
416 10527
417 10592
418 10593
419 10595
420 10607
421 10635
422 10716
423 10763
424 10767
425 10767
426 10777
427 10800
428 10818
429 10837
430 10860
431 10883
432 10886
433 10895
434 10953
435 10953
436 10996
437 10996
438 11006
439 11025
440 11063
441 11107
442 11109
443 11108
444 11110
445 11201
446 11202
447 11203
448 11169
449 11194
450 11225
451 11287
452 11296
453 11298
454 11315
455 11346
456 11403
457 11501
458 11586
459 11597
460 11611
461 11610
462 11634
463 11633
464 11651
465 11678
466 11726
467 11801
468 11836
469 11845
470 11855
471 11907
472 11922
473 11920
474 11930
475 11940
476 11962
477 11972
478 12101
479 12110
480 12194
481 12210
482 12261
483 12272
484 12272
485 12292
486 12295
487 12313
488 12342
489 12354
490 12453
491 12502
492 12533
493 12554
494 12559
495 12671
496 12719
497 12737
498 12794
499 12823
500 12841