1 0
2 96
3 120
4 148
5 184
6 238
7 308
8 300
9 394
10 407
11 439
12 539
13 624
14 638
15 697
16 659
17 721
18 772
19 942
20 780
21 874
22 832
23 1043
24 925
25 960
26 1021
27 1089
28 1199
29 1077
30 1274
31 1136
32 1520
33 1141
34 1269
35 1612
36 1749
37 1656
38 1478
39 1664
40 1417
41 1737
42 1760
43 1764
44 1947
45 2093
46 1691
47 2176
48 2301
49 2066
50 2202
51 1991
52 2293
53 2176
54 2515
55 2361
56 2705
57 2685
58 2692
59 2796
60 2857
61 2792
62 2840
63 2918
64 2849
65 2838
66 2901
67 3092
68 3099
69 2912
70 3326
71 3291
72 3173
73 3318
74 3308
75 3534
76 3478
77 3351
78 3439
79 3143
80 3686
81 3565
82 3499
83 3773
84 3621
85 3654
86 3870
87 3758
88 3803
89 3959
90 3771
91 3873
92 3996
93 4327
94 4095
95 4047
96 4323
97 4300
98 4471
99 4751
100 4706
101 4859
102 4808
103 4597
104 4940
105 4974
106 5291
107 4845
108 4980
109 4931
110 5230
111 5175
112 5154
113 5126
114 5590
115 5514
116 5350
117 5379
118 5615
119 5689
120 5908
121 5737
122 5518
123 6017
124 6117
125 5999
126 5823
127 6123
128 6048
129 6170
130 6195
131 6291
132 6294
133 6302
134 6426
135 6316
136 6383
137 6332
138 6935
139 7002
140 6583
141 6624
142 6801
143 6950
144 6327
145 7012
146 7280
147 6919
148 7030
149 7424
150 7046
151 7506
152 7232
153 7015
154 7741
155 7302
156 7413
157 7577
158 7538
159 7611
160 7470
161 7495
162 7935
163 7586
164 7585
165 7744
166 7985
167 7790
168 7935
169 8428
170 8309
171 7840
172 7685
173 8213
174 8246
175 8343
176 8145
177 8490
178 8246
179 8436
180 8325
181 9023
182 8863
183 8531
184 8512
185 8884
186 8565
187 8684
188 8718
189 8987
190 9412
191 9842
192 9149
193 9024
194 9383
195 9183
196 9101
197 9673
198 10089
199 9433
200 9813
201 9966
202 9598
203 9352
204 9752
205 9960
206 9991
207 9479
208 9833
209 9886
210 9664
211 9667
212 9898
213 9999
214 9807
215 10409
216 10131
217 9920
218 9829
219 9823
220 10101
221 10609
222 10028
223 10460
224 10309
225 10957
226 10395
227 10603
228 10669
229 10593
230 10637
231 10596
232 10844
233 11752
234 11229
235 11507
236 10911
237 11306
238 11584
239 11629
240 11370
241 12166
242 11385
243 12091
244 11103
245 11865
246 12302
247 10950
248 12029
249 11604
250 11771
251 11850
252 12213
253 11732
254 12118
255 11398
256 12179
257 12134
258 12532
259 12767
260 12445
261 12242
262 12410
263 12639
264 12437
265 13348
266 12853
267 11908
268 13211
269 12770
270 13298
271 13189
272 12585
273 12434
274 12716
275 13041
276 13419
277 13080
278 13020
279 13290
280 12736
281 13218
282 13276
283 13455
284 13370
285 13326
286 14077
287 13487
288 13920
289 13388
290 13221
291 13568
292 14178
293 14154
294 14156
295 14636
296 14164
297 14213
298 15029
299 13668
300 14321
301 14972
302 14600
303 15036
304 14781
305 14771
306 15299
307 15431
308 15217
309 15671
310 14860
311 15236
312 15611
313 15018
314 16079
315 15914
316 15481
317 16222
318 15854
319 15556
320 15615
321 16448
322 16788
323 16044
324 16151
325 16304
326 16884
327 16041
328 16739
329 15563
330 16147
331 15643
332 16679
333 15947
334 16339
335 16316
336 16669
337 16491
338 16794
339 17228
340 17152
341 16767
342 17360
343 16723
344 16798
345 17166
346 16667
347 17358
348 17438
349 17463
350 16883
351 17603
352 17647
353 17297
354 17826
355 17454
356 18011
357 17283
358 17873
359 17583
360 17596
361 17707
362 17754
363 18156
364 17030
365 18079
366 17413
367 17975
368 17863
369 17690
370 18193
371 18007
372 18590
373 17415
374 17527
375 17914
376 18206
377 18721
378 18494
379 18906
380 18542
381 17836
382 18167
383 18391
384 18088
385 18483
386 17700
387 18418
388 18307
389 18570
390 18290
391 18748
392 19251
393 18975
394 19999
395 18857
396 19401
397 19453
398 19119
399 19136
400 19429
401 19804
402 19778
403 19810
404 20111
405 19116
406 20252
407 20286
408 20056
409 20750
410 20606
411 20819
412 21018
413 20212
414 19983
415 19797
416 19504
417 20602
418 20400
419 21504
420 19855
421 20847
422 21084
423 20628
424 20400
425 20969
426 20654
427 20163
428 20772
429 20930
430 20959
431 21488
432 20675
433 20731
434 21841
435 21149
436 21387
437 20625
438 21896
439 21440
440 21055
441 21671
442 22300
443 21356
444 21970
445 21801
446 21662
447 22564
448 20916
449 20968
450 21935
451 21972
452 21529
453 22431
454 22327
455 21676
456 23080
457 21964
458 22620
459 22137
460 22707
461 22491
462 22775
463 22061
464 22995
465 22500
466 22271
467 22623
468 22958
469 23032
470 23370
471 22931
472 22423
473 23323
474 23108
475 23663
476 22639
477 23606
478 22618
479 23222
480 23069
481 23169
482 24166
483 23059
484 23441
485 23659
486 23848
487 23183
488 23427
489 23881
490 23127
491 23185
492 24307
493 23487
494 23944
495 22895
496 23714
497 23717
498 24510
499 23740
500 24038