1 0
2 96
3 120
4 120
5 168
6 210
7 291
8 287
9 333
10 425
11 427
12 440
13 440
14 633
15 636
16 582
17 577
18 627
19 747
20 748
21 760
22 759
23 784
24 794
25 852
26 854
27 914
28 920
29 1032
30 916
31 920
32 959
33 991
34 1034
35 1030
36 1094
37 1094
38 1083
39 1137
40 1243
41 1231
42 1257
43 1367
44 1372
45 1420
46 1425
47 1428
48 1471
49 1449
50 1449
51 1572
52 1578
53 1583
54 1605
55 1739
56 1749
57 1737
58 1772
59 1844
60 1845
61 1939
62 1966
63 1947
64 2050
65 2141
66 2139
67 2134
68 2268
69 2268
70 2268
71 2375
72 2381
73 2429
74 2449
75 2468
76 2417
77 2414
78 2411
79 2391
80 2511
81 2595
82 2599
83 2601
84 2655
85 2663
86 2664
87 2682
88 2824
89 2797
90 2784
91 2797
92 2905
93 2977
94 3018
95 3158
96 3116
97 3117
98 3117
99 3106
100 3187
101 3348
102 3361
103 3373
104 3405
105 3512
106 3513
107 3624
108 3593
109 3588
110 3692
111 3735
112 3743
113 3777
114 3871
115 3870
116 3996
117 3983
118 4011
119 4015
120 4010
121 4127
122 4125
123 4240
124 4267
125 4234
126 4341
127 4333
128 4367
129 4351
130 4423
131 4490
132 4510
133 4538
134 4540
135 4541
136 4634
137 4631
138 4631
139 4648
140 4648
141 4763
142 4904
143 4831
144 4850
145 4870
146 4926
147 4942
148 4948
149 5031
150 5072
151 5139
152 5121
153 5110
154 5104
155 5195
156 5243
157 5255
158 5209
159 5271
160 5305
161 5380
162 5500
163 5485
164 5554
165 5594
166 5530
167 5530
168 5514
169 5651
170 5638
171 5651
172 5693
173 5803
174 5864
175 5864
176 5998
177 6004
178 6108
179 6119
180 6146
181 6105
182 6217
183 6265
184 6254
185 6334
186 6328
187 6354
188 6372
189 6431
190 6438
191 6563
192 6563
193 6665
194 6655
195 6678
196 6671
197 6671
198 6561
199 6780
200 6689
201 7021
202 6824
203 6970
204 7070
205 7070
206 7098
207 7149
208 7001
209 7025
210 7031
211 7243
212 7242
213 7241
214 7218
215 7249
216 7282
217 7301
218 7277
219 7305
220 7364
221 7389
222 7379
223 7389
224 7377
225 7443
226 7629
227 7485
228 7628
229 7716
230 7734
231 7735
232 7740
233 7752
234 7833
235 7851
236 7863
237 8015
238 7991
239 7928
240 7947
241 7977
242 7979
243 8051
244 8097
245 8215
246 8254
247 8255
248 8409
249 8312
250 8312
251 8393
252 8517
253 8515
254 8568
255 8569
256 8570
257 8585
258 8637
259 8628
260 8642
261 8716
262 8740
263 8876
264 8923
265 8938
266 9013
267 9109
268 8986
269 8963
270 8996
271 9141
272 9049
273 9274
274 9245
275 9275
276 9286
277 9281
278 9351
279 9482
280 9514
281 9482
282 9501
283 9613
284 9709
285 9765
286 9854
287 9735
288 9796
289 9769
290 9807
291 9945
292 9975
293 9975
294 9985
295 10021
296 10052
297 10090
298 10214
299 10239
300 10219
301 10202
302 10258
303 10233
304 10396
305 10395
306 10499
307 10462
308 10530
309 10572
310 10466
311 10634
312 10763
313 10682
314 10754
315 10756
316 10824
317 10868
318 10863
319 10918
320 10729
321 11025
322 11080
323 11153
324 11080
325 11162
326 11163
327 11170
328 11188
329 11159
330 11210
331 11407
332 11350
333 11489
334 11321
335 11307
336 11304
337 11358
338 11359
339 11348
340 11457
341 11428
342 11466
343 11389
344 11581
345 11391
346 11612
347 11550
348 11683
349 11637
350 11669
351 11674
352 11788
353 11725
354 11764
355 12011
356 12053
357 12066
358 12068
359 12166
360 12054
361 12221
362 12248
363 12324
364 12276
365 12520
366 12437
367 12534
368 12629
369 12684
370 12677
371 12700
372 12636
373 12604
374 12683
375 12536
376 12717
377 12848
378 12868
379 12812
380 12883
381 12966
382 12813
383 12896
384 13016
385 12981
386 12884
387 12990
388 13267
389 13387
390 13161
391 13264
392 13150
393 13307
394 13347
395 13465
396 13419
397 13568
398 13624
399 13502
400 13725
401 13559
402 13609
403 13698
404 13903
405 14027
406 13558
407 13652
408 13628
409 13601
410 13736
411 13611
412 13781
413 14161
414 13823
415 14265
416 14237
417 13945
418 14114
419 14169
420 14397
421 14385
422 14328
423 14325
424 14423
425 14349
426 14342
427 14452
428 14548
429 14728
430 14693
431 14844
432 14914
433 14912
434 14711
435 14927
436 15008
437 14856
438 14908
439 15351
440 15247
441 15234
442 15467
443 15233
444 15123
445 15251
446 15226
447 15235
448 15110
449 15152
450 15418
451 15372
452 15434
453 15666
454 15395
455 15664
456 15563
457 15735
458 15709
459 15797
460 15905
461 15862
462 15947
463 15915
464 16072
465 16215
466 16088
467 16192
468 16296
469 16360
470 16356
471 16316
472 16250
473 16428
474 16393
475 16499
476 16479
477 16548
478 16573
479 16412
480 16606
481 16589
482 16943
483 16753
484 16807
485 16856
486 16974
487 16762
488 16768
489 16675
490 16994
491 16947
492 17137
493 17130
494 17110
495 17147
496 17254
497 17206
498 17193
499 17308
500 17592