1 0
2 96
3 120
4 120
5 157
6 208
7 261
8 282
9 402
10 412
11 416
12 386
13 421
14 547
15 487
16 512
17 624
18 674
19 663
20 699
21 703
22 749
23 707
24 738
25 717
26 800
27 784
28 824
29 871
30 1089
31 1138
32 1213
33 1237
34 1259
35 1335
36 1377
37 1315
38 1359
39 1454
40 1489
41 1553
42 1547
43 1503
44 1507
45 1554
46 1574
47 1511
48 1593
49 1602
50 1703
51 1787
52 1804
53 1751
54 1712
55 1868
56 1846
57 1896
58 2035
59 2061
60 1998
61 2037
62 2083
63 2200
64 2142
65 2295
66 2259
67 2400
68 2402
69 2302
70 2317
71 2446
72 2428
73 2396
74 2356
75 2447
76 2550
77 2598
78 2612
79 2771
80 2763
81 2711
82 2870
83 2861
84 2877
85 3049
86 2985
87 3044
88 3049
89 3036
90 3264
91 2936
92 3137
93 3123
94 3252
95 3375
96 3191
97 3336
98 3347
99 3377
100 3444
101 3424
102 3485
103 3600
104 3711
105 3756
106 3810
107 3818
108 3650
109 3807
110 3908
111 3963
112 3942
113 4025
114 4078
115 4218
116 4079
117 4155
118 4210
119 4228
120 4193
121 4254
122 4399
123 4317
124 4340
125 4503
126 4723
127 4688
128 4559
129 4647
130 4811
131 4664
132 4722
133 4787
134 4797
135 4694
136 4870
137 4928
138 4869
139 4987
140 4936
141 4966
142 5077
143 5108
144 5105
145 5115
146 5481
147 5349
148 5334
149 5536
150 5421
151 5445
152 5353
153 5436
154 5400
155 5517
156 5493
157 5470
158 5445
159 5527
160 5539
161 5587
162 5822
163 5878
164 5815
165 5763
166 5796
167 5952
168 5855
169 6026
170 6110
171 6076
172 6039
173 6018
174 6097
175 6199
176 6371
177 6400
178 6420
179 6459
180 6462
181 6537
182 6608
183 6795
184 6807
185 6700
186 6849
187 6833
188 6743
189 6992
190 6881
191 6779
192 6842
193 6956
194 6864
195 6987
196 7109
197 7245
198 7217
199 7173
200 7176
201 7301
202 7434
203 7433
204 7395
205 7442
206 7495
207 7660
208 7619
209 7693
210 7753
211 7797
212 7788
213 7849
214 7752
215 7798
216 7691
217 7613
218 7871
219 7831
220 8145
221 8107
222 8113
223 8092
224 8082
225 8099
226 8157
227 8189
228 8048
229 8278
230 8346
231 8373
232 8306
233 8338
234 8504
235 8604
236 8678
237 8556
238 8720
239 8680
240 8663
241 8809
242 8644
243 8908
244 8870
245 9043
246 9008
247 9266
248 9325
249 9355
250 9056
251 9028
252 9117
253 9025
254 8990
255 9161
256 9169
257 9198
258 8972
259 8929
260 9144
261 9163
262 9007
263 9027
264 9114
265 9223
266 9421
267 9457
268 9533
269 9575
270 9831
271 9797
272 9956
273 10042
274 10032
275 9954
276 9963
277 9884
278 10026
279 10058
280 10045
281 10160
282 10156
283 10408
284 9755
285 9886
286 10123
287 9883
288 10195
289 10269
290 9928
291 10178
292 10255
293 10061
294 10445
295 10548
296 10276
297 10255
298 10317
299 10375
300 10518
301 10562
302 10538
303 10552
304 10698
305 10719
306 11190
307 11194
308 10983
309 10824
310 10862
311 11103
312 11175
313 11055
314 11066
315 11200
316 11332
317 11467
318 11437
319 11485
320 11621
321 11598
322 11374
323 11699
324 11728
325 11665
326 11784
327 11692
328 11692
329 11654
330 11649
331 12054
332 12042
333 11632
334 11696
335 11948
336 11850
337 11777
338 12032
339 12012
340 12009
341 12166
342 11976
343 12047
344 12031
345 12119
346 12283
347 12158
348 12135
349 12372
350 12350
351 12344
352 12179
353 12415
354 12349
355 12343
356 12567
357 12534
358 12589
359 12551
360 12592
361 12533
362 12524
363 12459
364 12391
365 12567
366 12587
367 12762
368 12909
369 12904
370 12839
371 13118
372 13063
373 13063
374 12925
375 13053
376 13104
377 12997
378 13219
379 13245
380 13397
381 13453
382 13437
383 13380
384 13436
385 13439
386 13445
387 13643
388 13710
389 13636
390 13719
391 13922
392 13831
393 14041
394 14083
395 13900
396 13693
397 13868
398 13939
399 13899
400 13787
401 13909
402 13856
403 13923
404 13930
405 13905
406 14024
407 14043
408 14165
409 14075
410 14177
411 14175
412 14250
413 14081
414 14112
415 14142
416 14049
417 14058
418 14073
419 14114
420 14176
421 14190
422 14356
423 14514
424 14541
425 14580
426 14614
427 14814
428 14594
429 14651
430 14709
431 14858
432 14932
433 14856
434 15013
435 14952
436 14976
437 14955
438 14988
439 14970
440 15294
441 15383
442 15315
443 15338
444 15423
445 15431
446 15582
447 15220
448 15302
449 15155
450 15075
451 15258
452 15173
453 15404
454 15350
455 15411
456 15423
457 15543
458 15717
459 15816
460 15956
461 16005
462 16026
463 16325
464 16070
465 16179
466 16258
467 16452
468 16476
469 16513
470 16524
471 16533
472 16555
473 16486
474 16486
475 16483
476 16688
477 16419
478 16570
479 16636
480 16737
481 16763
482 16715
483 16778
484 16921
485 16942
486 16880
487 16730
488 16822
489 16853
490 16781
491 16933
492 17001
493 16962
494 17119
495 17131
496 17338
497 17246
498 17321
499 17508
500 17448