1 0.0005066
11 0.0084785
21 0.0232531
31 0.0138434
41 0.0166872
51 0.0255693
61 0.0367447
71 0.0423198
81 0.054711
91 0.0697474
101 0.0870362
111 0.106122
121 0.129582
131 0.137726
141 0.157394
151 0.18428
161 0.206716
171 0.235982
181 0.269066
191 0.299828
201 0.31323
211 0.346598
221 0.381651
231 0.417779
241 0.464472
251 0.503107
261 0.532465
271 0.575088
281 0.615947
291 0.668695
301 0.714292
311 0.767253
321 0.775721
331 0.830353
341 0.885119
351 0.937793
361 1.00718
371 1.07709
381 1.14897
391 1.15132
401 1.22286
411 1.28736
421 1.35145
431 1.4304
441 1.507
451 1.49972
461 1.59718
471 1.6553
481 1.757
491 1.83294
501 1.91597
511 2.00227
521 2.02472
531 2.10937
541 2.19277
551 2.27937
561 2.38831
571 2.47935
581 2.57065
591 2.65428
601 2.75519
611 2.87596
621 2.97047
631 3.09315
641 3.11958
651 3.23097
661 3.33916
671 3.44258
681 3.56425
691 3.68189
701 3.81655
711 3.76953
721 3.87615
731 4.01279
741 4.14847
751 4.25653
761 4.36896
771 4.41366
781 4.53012
791 4.67519
801 4.81784
811 4.9457
821 5.09161
831 5.20409
841 5.25067
851 5.39472
861 5.53496
871 5.67586
881 5.82335
891 5.96282
901 6.01981
911 6.19752
921 6.35792
931 6.50098
941 6.65917
951 6.77517
961 6.83096
971 6.99538
981 7.1794
991 7.35583
1001 7.53883
1011 7.65758
1021 7.81915
1031 7.8971
1041 8.05815
1051 8.25554
1061 8.41867
1071 8.59359
1081 8.78966
1091 8.94193
1101 9.12212
1111 9.30172
1121 9.43193
1131 9.64345
1141 9.87459
1151 10.0323
1161 10.1015
1171 10.3064
1181 10.4749
1191 10.6666
1201 10.909
1211 11.1652
1221 11.0968
1231 11.3168
1241 11.4928
1251 11.7218
1261 11.8686
1271 12.1173
1281 12.2281
1291 12.4163
1301 12.61
1311 12.8455
1321 13.1042
1331 13.3239
1341 13.5894
1351 13.6657
1361 13.8537
1371 14.0979
1381 14.335
1391 14.5234
1401 14.761
1411 14.7848
1421 15.0218
1431 15.2599
1441 15.5113
1451 15.7744
1461 16.0606
1471 16.2955
1481 16.3634
1491 16.6572
1501 16.9332
1511 17.1338
1521 17.4088
1531 17.6699
1541 17.8012
1551 17.999
1561 18.2672
1571 18.6302
1581 18.8667
1591 19.0864
1601 19.3318
1611 19.6469
1621 19.9146
1631 20.2136
1641 20.5314
1651 20.755
1661 21.0452
1671 21.1569
1681 21.4733
1691 21.7202
1701 21.9588
1711 22.3361
1721 22.5892
1731 22.5895
1741 22.822
1751 23.15
1761 23.4875
1771 23.8135
1781 24.0957
1791 24.405
1801 24.5025
1811 24.7313
1821 25.0886
1831 25.4034
1841 25.6538
1851 25.9983
1861 25.8372
1871 26.185
1881 26.4693
1891 26.8292
1901 27.1564
1911 27.4558
1921 27.5585
1931 27.877
1941 28.1736
1951 28.5296
1961 28.8912
1971 29.2248
1981 29.5885
1991 29.6412
2001 29.9272
2011 30.2024
2021 30.54
2031 30.9061
2041 31.2992
2051 31.3693
2061 31.7844
2071 32.142
2081 32.5798
2091 32.9105
2101 33.2464
2111 33.5628
2121 33.6029
2131 34.0409
2141 34.2707
2151 34.7261
2161 35.0697
2171 35.4414
2181 35.4785
2191 35.9123
2201 36.2143
2211 36.6651
2221 37.0004
2231 37.3637
2241 37.4793
2251 37.9286
2261 38.3041
2271 38.6629
2281 39.0571
2291 39.4459
2301 39.7837
2311 39.8647
2321 40.3503
2331 40.6908
2341 41.1023
2351 41.4621
2361 41.8204
2371 41.9445
2381 42.3302
2391 42.7705
2401 43.1624
2411 43.5514
2421 43.9539
2431 44.327
2441 44.5208
2451 44.8751
2461 45.3883
2471 45.8365
2481 46.2214
2491 46.5732
2501 47.0418
2511 47.58
2521 47.996
2531 48.5081
2541 48.7539
2551 49.158
2561 49.4377
2571 49.8123
2581 50.2754
2591 50.6865
2601 51.3385
2611 51.6802
2621 52.0775
2631 51.8972
2641 52.3406
2651 52.7572
2661 53.1284
2671 53.5973
2681 54.1096
2691 54.2222
2701 54.723
2711 55.1204
2721 55.5857
2731 56.0591
2741 56.5004
2751 57.123
2761 57.0734
2771 57.584
2781 57.9474
2791 58.5101
2801 59.0032
2811 59.4824
2821 59.6224
2831 60.1144
2841 60.5608
2851 61.085
2861 61.5636
2871 62.0862
2881 62.2017
2891 62.7383
2901 63.1762
2911 63.7373
2921 64.26
2931 64.7604
2941 65.1606
2951 65.2833
2961 65.8395
2971 66.2962
2981 66.6204
2991 67.148
3001 67.7683
3011 67.9342
3021 68.4605
3031 69.0995
3041 69.5769
3051 69.9781
3061 70.4695
3071 70.8313
3081 70.9708
3091 71.6004
3101 72.1929
3111 72.6762
3121 73.1574
3131 73.7898
3141 74.0067
3151 74.3509
3161 74.95
3171 75.4777
3181 75.9659
3191 76.5179
3201 76.8317
3211 77.3511
3221 77.9328
3231 78.5185
3241 79.1696
3251 79.5474
3261 80.0615
3271 80.1388
3281 80.8047
3291 81.2799
3301 81.8918
3311 82.4471
3321 83.1708
3331 83.2935
3341 83.7364
3351 84.2417
3361 84.7747
3371 85.3196
3381 85.8653
3391 86.6908
3401 86.7445
3411 87.2051
3421 87.8693
3431 88.4499
3441 88.9396
3451 89.3271
3461 89.8526
3471 90.296
3481 90.9632
3491 91.5064
3501 92.0813
3511 92.6344
3521 92.9224
3531 93.3956
3541 94.018
3551 94.6443
3561 95.1583
3571 95.8406
3581 96.4622
3591 96.7012
3601 97.254
3611 97.6271
3621 98.3379
3631 98.8312
3641 99.4972
3651 99.7416
3661 100.323
3671 101.086
3681 101.518
3691 102.235
3701 102.915
3711 103.548
3721 103.739
3731 104.33
3741 104.866
3751 105.566
3761 106.202
3771 106.935
3781 107.043
3791 107.723
3801 108.517
3811 109.17
3821 109.82
3831 110.466
3841 110.735
3851 111.294
3861 112.022
3871 112.469
3881 113.111
3891 113.85
3901 114.534
3911 114.703
3921 115.563
3931 116.245
3941 116.686
3951 117.194
3961 117.881
3971 118.133
3981 119.001
3991 119.496
