1 0.0031569
11 0.0148136
21 0.0266074
31 0.0604403
41 0.0778563
51 0.0685519
61 0.115629
71 0.192044
81 0.197245
91 0.24518
101 0.328656
111 0.396632
121 0.467045
131 0.590847
141 0.621748
151 0.752162
161 0.788127
171 0.957969
181 1.08397
191 1.25918
201 1.44473
211 1.67816
221 1.53691
231 1.87469
241 2.16427
251 2.50559
261 2.52336
271 2.49794
281 2.80973
291 2.95136
301 3.24093
311 3.59398
321 4.34118
331 4.17444
341 4.95595
351 5.15319
361 6.17722
371 6.56518
381 6.88185
391 8.32216
401 7.23943
411 7.16062
421 7.57139
431 8.16216
441 8.60299
451 9.85434
461 11.3973
471 11.5213
481 12.2761
491 9.78232
501 10.7374
511 11.907
521 11.9906
531 11.2284
541 12.177
551 13.945
561 13.697
571 14.6254
581 14.6496
591 15.7077
601 15.2742
611 16.7024
621 17.4766
631 15.9289
641 15.6342
651 16.9947
661 18.0766
671 18.0474
681 21.8424
691 19.4523
701 19.2713
711 19.7769
721 21.5468
731 20.9494
741 22.756
751 21.1133
761 19.4223
771 21.2899
781 21.765
791 23.3092
801 28.0283
811 23.8861
821 26.7807
831 31.3987
841 30.4904
851 29.7124
861 29.7159
871 26.2197
881 27.074
891 29.6494
901 32.8137
911 33.5268
921 31.9392
931 32.017
941 32.6637
951 34.0728
961 37.5482
971 36.2543
981 36.5915
991 37.7007
1001 43.2907
1011 44.8617
1021 42.5978
1031 42.2008
1041 40.4659
1051 42.2488
1061 44.7546
1071 45.5569
1081 44.4068
1091 46.9729
1101 46.8357
1111 48.4525
1121 49.1629
1131 47.3523
1141 52.3866
1151 47.3626
1161 50.8212
1171 50.3833
1181 57.7933
1191 53.8879
1201 55.0149
1211 55.3783
1221 57.7423
1231 58.8663
1241 57.8361
1251 57.573
1261 64.2293
1271 62.5423
1281 60.0775
1291 62.7001
1301 63.4421
1311 63.7157
1321 66.2268
1331 70.4278
1341 69.6317
1351 66.9759
1361 70.562
1371 77.9572
1381 76.894
1391 72.2713
1401 76.324
1411 73.3913
1421 79.119
1431 83.593
1441 77.2054
1451 83.9387
1461 82.9367
1471 89.8303
1481 82.4649
1491 81.5725
1501 84.5433
1511 85.4695
1521 87.5484
1531 89.8611
1541 91.1218
1551 92.5284
1561 93.4098
1571 92.0869
1581 99.0785
1591 98.7916
1601 101.711
1611 96.7179
1621 103.402
1631 100.09
1641 108.246
1651 102.337
1661 103.624
1671 105.354
1681 110.101
1691 110.531
1701 114.573
1711 118.122
1721 117.038
1731 115.664
1741 120.662
1751 116.855
1761 124.437
1771 116.236
1781 126.188
1791 125.868
1801 127.133
1811 127.848
1821 130.657
1831 131.694
1841 131.091
1851 133.702
1861 135.464
1871 141.174
1881 141.957
1891 143.199
1901 152.806
1911 155.224
1921 152.901
1931 162.345
1941 153.567
1951 151.48
1961 166.206
1971 164.07
1981 173.739
1991 150.238
2001 163.698
2011 169.81
2021 156.805
2031 170.143
2041 179.054
2051 169.941
2061 160.04
2071 169.456
2081 172.718
2091 190.864
2101 169.337
2111 171.269
2121 183.978
2131 177.385
2141 177.389
2151 175.735
2161 179.134
2171 189.95
2181 186.748
2191 187.698
2201 188.149
2211 191.546
2221 189.734
2231 190.641
2241 191.456
2251 190.582
2261 196.356
2271 195.486
2281 199.403
2291 206.14
2301 194.082
2311 202.709
2321 203.539
2331 208.611
2341 215.077
2351 208.601
2361 222.191
2371 225.647
2381 222.324
2391 224.388
2401 226.9
2411 216.719
2421 229.847
2431 228.374
2441 236.866
2451 236.674
2461 244.188
2471 243.211
2481 238.095
2491 243.628
2501 239.496
2511 258.12
2521 255.871
2531 258.709
2541 251.229
2551 260.651
2561 260.111
2571 268.559
2581 278.73
2591 271.469
2601 265.383
2611 269.571
2621 279.44
2631 258.192
2641 305.252
2651 267.064
2661 273.019
2671 285.97
2681 267.267
2691 277.294
2701 282.412
2711 268.429
2721 280.839
2731 292.515
2741 289.361
2751 299.494
2761 291.486
2771 304.781
2781 293.753
2791 310.064
2801 314.445
2811 305.501
2821 313.235
2831 305.002
2841 322.557
2851 308.019
2861 318.885
2871 326.905
2881 313.875
2891 323.175
2901 326.271
2911 337.917
2921 339.221
2931 341.212
2941 338.423
2951 347.456
2961 346.728
2971 340.482
2981 353.502
2991 337.544
3001 335.754
3011 336.691
3021 366.041
3031 355.182
3041 366.015
3051 368.953
3061 382.218
3071 380.784
3081 369.482
3091 371.805
3101 386.729
3111 368.704
3121 385.016
3131 378.096
3141 394.944
3151 375.266
3161 398.66
3171 385.083
3181 395.035
3191 396.677
3201 394.98
3211 400.6
3221 405.967
3231 389.33
3241 402.245
3251 398.581
3261 388.352
3271 418.861
3281 434.752
3291 405.964
3301 419.949
3311 401.621
3321 414.568
3331 416.462
3341 438.315
3351 436.316
3361 442.989
3371 426.258
3381 455.129
3391 446.907
3401 463.973
3411 452.502
3421 455.121
3431 448.048
3441 452.365
3451 462.78
3461 444.459
3471 462.58
3481 447.649
3491 462.443
3501 471.708
3511 462.69
3521 478.021
3531 490.615
3541 506.267
3551 472.266
3561 475.734
3571 474.209
3581 477.491
3591 497.991
3601 479.914
3611 491.383
3621 499.25
3631 513.02
3641 492.276
3651 508.339
3661 515.91
3671 531.379
3681 521.02
3691 519.884
3701 526.167
3711 542.413
3721 533.241
3731 539.038
3741 511.654
3751 547.154
3761 549.997
3771 539.94
3781 539.415
3791 550.556
3801 593.106
3811 559.449
3821 555.906
3831 546.881
3841 556.552
3851 564.677
3861 554.611
3871 588.892
3881 570.184
3891 583.436
3901 580.915
3911 595.973
3921 582.866
3931 605.707
3941 597.686
3951 613.489
3961 600.227
3971 584.597
3981 595.343
3991 607.915
