1 0.0011066
11 0.0247318
21 0.038452
31 0.0476719
41 0.0954874
51 0.171925
61 0.263529
71 0.414153
81 0.557185
91 0.848299
101 1.1816
111 1.47964
121 1.83114
131 2.57205
141 3.13567
151 3.64567
161 4.05288
171 4.44483
181 5.23592
191 6.97924
201 8.35767
211 8.29486
221 8.89315
231 10.0239
241 11.1818
251 12.1416
261 13.7565
271 15.1672
281 16.7799
291 18.4489
301 20.4208
311 21.9948
321 24.0137
331 26.6392
341 28.0791
351 30.5897
361 32.7673
371 36.0414
381 44.9218
391 41.2573
401 44.2966
411 47.5971
421 50.922
431 62.0166
441 59.7108
451 61.7421
461 75.1467
471 76.8314
481 73.6443
491 78.0874
501 94.7545
511 86.7
521 92.7571
531 98.1816
541 103.281
551 108.545
561 113.626
571 119.77
581 125.847
591 131.784
601 137.524
611 144.879
621 152.57
631 182.606
641 169.105
651 173.273
661 200.021
671 188.578
681 196.78
691 205.216
701 214.516
711 222.826
721 260.389
731 242.622
741 253.071
751 263.225
761 272.133
771 282.36
781 293.489
791 312.479
801 317.543
811 363.342
821 340.79
831 350.153
841 361.207
851 376.705
861 388.328
871 426.47
881 412.871
891 433.268
901 455.571
911 458.675
921 475.225
931 491.38
941 506.257
951 524.636
961 587.778
971 556.219
981 576.726
991 594.552
1001 606.658
1011 644.458
1021 646.506
1031 674.793
1041 798.672
1051 710.773
1061 732.175
1071 756.23
1081 853.124
1091 792.076
1101 816.595
1111 840.041
1121 859.266
1131 884.445
1141 995.805
1151 934.575
1161 963.947
1171 991.125
1181 1012
1191 1032.98
1201 1069.21
1211 1094.06
1221 1123.48
1231 1146.99
1241 1173.93
1251 1205.61
1261 1240.27
1271 1285.27
1281 1306.37
1291 1343.85
1301 1442.67
1311 1391.07
1321 1444.35
1331 1470.99
1341 1479.55
1351 1635.88
1361 1574.95
1371 1659.01
1381 1660.93
1391 1705.27
1401 1805.1
1411 1782.03
1421 1817.15
1431 1870.12
1441 1898.47
1451 1951.09
1461 1992.58
1471 2033.52
1481 2075.56
1491 2129.58
1501 2170.11
1511 2221.8
1521 2256.63
1531 2306.01
1541 2357.47
1551 2405.13
1561 2443.97
1571 2744.83
1581 2725.64
1591 2595.47
1601 2650.82
1611 2677.23
1621 2757.49
1631 2812.24
1641 2834.26
1651 2894.62
1661 2962.2
1671 3000.49
1681 3052.21
1691 3108.92
1701 3157.4
1711 3194.36
1721 3235.87
1731 3332.5
1741 3644.32
1751 3430.82
1761 3504.59
1771 3549.55
1781 4024.49
1791 3665.52
1801 3792.14
1811 3807.92
1821 3868.53
1831 3974.9
1841 3962.07
1851 4055.6
1861 4171.72
1871 4760.39
1881 4243.04
1891 4297.61
1901 4379.67
1911 4437.45
1921 4504.52
1931 4596.63
1941 4630.54
1951 4806.21
1961 4780.13
1971 4879.47
1981 4928.04
1991 4996.54
2001 5097.19
2011 5143.38
2021 5199.63
2031 5272.96
2041 6995.27
2051 5480.24
2061 5637.6
2071 5721.15
2081 5799.61
2091 5837.03
2101 5963.38
2111 6128.78
2121 6187.08
2131 6231.87
2141 6261.52
2151 6383.5
2161 6408.76
2171 6478.51
2181 6504.62
2191 6701.19
2201 6678.37
2211 7029.84
2221 6903.09
2231 7131.94
2241 7096.35
2251 7158.61
2261 7383.05
2271 7310.71
2281 7419.45
2291 7683.78
2301 7621.86
2311 7785.47
2321 7861.59
2331 7980.74
2341 8070.72
2351 8127.63
2361 8243.2
2371 8995.11
2381 8415.07
2391 8711.99
2401 8693.09
2411 8911.17
2421 8954.13
2431 8953.51
2441 9108.11
2451 9363.25
2461 9432.79
2471 9469.08
2481 10876.1
2491 9815.16
2501 11342.6
2511 10074
2521 10001.2
2531 10214.7
2541 10371.6
2551 10479.7
2561 10543
2571 12261.7
2581 10906.7
2591 11900.8
2601 13129.4
2611 11153
2621 12386.6
2631 11483.5
2641 11601.8
2651 11666.4
2661 12997.8
2671 11930.5
2681 12100.5
2691 12242.2
2701 13652.6
2711 12479.1
2721 12621.8
2731 12759.1
2741 13001.3
2751 13037.2
2761 13193.3
2771 13313.3
2781 13432.2
2791 16027.8
2801 13721.5
2811 14083.1
2821 14121.8
2831 14119
2841 14222.5
2851 14422
2861 14676.3
2871 14831.1
2881 14979.5
2891 14972.5
2901 15260.4
2911 15345.2
2921 18388.6
2931 15894.3
2941 15860.1
2951 16083.2
2961 16292.1
2971 16400
2981 17165.1
2991 16702
3001 16866.1
3011 18573.2
3021 19783.7
3031 17492.1
3041 17628.2
3051 17636.9
3061 21662.3
3071 19745.7
3081 18605
3091 18553.8
3101 18729.8
3111 18746.9
3121 19146.9
3131 19165
3141 19302.4
3151 22421.3
3161 19920.8
3171 19904.4
3181 20035.6
3191 20282.4
3201 20484.2
3211 20518.1
3221 20866.9
3231 21010.9
3241 21350.4
3251 21552.3
3261 21696
3271 24927.1
3281 22280.9
3291 22224.3
3301 22510.9
3311 22680.2
3321 23066.1
3331 23014.5
3341 23305.3
3351 23552.5
3361 24030.1
3371 27528
3381 24433.7
3391 24216.1
3401 24574.4
3411 24720.2
3421 24906.9
3431 25101.4
3441 25480.7
3451 25687.9
3461 26021.3
3471 26055.8
3481 26191
3491 26529.8
3501 26730.2
3511 27035.6
3521 27507.4
3531 29603.8
3541 27624.6
3551 31959.5
3561 28208.4
3571 32570.5
3581 28415.2
3591 28834.7
3601 29388.4
3611 34650.8
3621 29884.8
3631 29659.2
3641 29964.3
3651 30514.2
3661 30788.7
3671 31089.9
3681 31285
3691 31146.7
3701 32118.9
3711 31645.3
3721 31821.7
3731 32307.6
3741 32430.7
3751 33020.7
3761 33081
3771 33107.7
3781 33539.2
3791 38570.8
3801 33896.6
3811 34405.1
3821 35808.6
3831 34837.3
3841 38240.5
3851 35930.8
3861 35816.2
3871 36297.1
3881 36294.9
3891 36845.4
3901 37086.3
3911 37394
3921 41706.5
3931 37883.6
3941 44995.6
3951 38302.9
3961 38618.3
3971 39041
3981 39354.8
3991 39790.4
