1 0.0003901
11 0.0187282
21 0.0236944
31 0.0322992
41 0.0546867
51 0.0644981
61 0.079797
71 0.0972469
81 0.113526
91 0.136312
101 0.161714
111 0.1846
121 0.207982
131 0.228196
141 0.244521
151 0.275172
161 0.292538
171 0.254077
181 0.231923
191 0.22133
201 0.199172
211 0.210597
221 0.181506
231 0.192481
241 0.187178
251 0.178589
261 0.204511
271 0.182978
281 0.19352
291 0.192942
301 0.185818
311 0.192993
321 0.18816
331 0.188308
341 0.204849
351 0.175348
361 0.193137
371 0.195349
381 0.200272
391 0.208526
401 0.212863
411 0.221453
421 0.232062
431 0.2389
441 0.246338
451 0.255967
461 0.265683
471 0.273198
481 0.284614
491 0.289422
501 0.300111
511 0.310756
521 0.321859
531 0.327867
541 0.327412
551 0.343634
561 0.358438
571 0.366507
581 0.376508
591 0.385668
601 0.397308
611 0.405005
621 0.417326
631 0.4324
641 0.434034
651 0.442944
661 0.463017
671 0.476234
681 0.489007
691 0.487647
701 0.476618
711 0.493656
721 0.532959
731 0.540828
741 0.553855
751 0.568901
761 0.576045
771 0.59088
781 0.597839
791 0.616047
801 0.623385
811 0.641479
821 0.650447
831 0.674055
841 0.681349
851 0.691268
861 0.707
871 0.723013
881 0.726696
891 0.744189
901 0.764676
911 0.780803
921 0.811782
931 0.786191
941 0.853232
951 0.849507
961 0.852348
971 0.982836
981 0.875858
991 0.905573
1001 0.916422
1011 0.938299
1021 0.928097
1031 0.965937
1041 0.964625
1051 1.01606
1061 1.0389
1071 1.03031
1081 1.03782
1091 1.06985
1101 1.09555
1111 1.10651
1121 1.13034
1131 1.12393
1141 1.16063
1151 1.16081
1161 1.18427
1171 1.18481
1181 1.20667
1191 1.22893
1201 1.24388
1211 1.27557
1221 1.29446
1231 1.3183
1241 1.30654
1251 1.33704
1261 1.35882
1271 1.37734
1281 1.39223
1291 1.39986
1301 1.4308
1311 1.43878
1321 1.44595
1331 1.4776
1341 1.46408
1351 1.50675
1361 1.54242
1371 1.53043
1381 1.57025
1391 1.58508
1401 1.61499
1411 1.6425
1421 1.65535
1431 1.68767
1441 1.68705
1451 1.75513
1461 1.77112
1471 1.79536
1481 1.80455
1491 1.85293
1501 1.86822
1511 1.88751
1521 1.93818
1531 1.95526
1541 1.99616
1551 2.01788
1561 2.03158
1571 2.04628
1581 2.06377
1591 2.11421
1601 2.12478
1611 2.12651
1621 2.15935
1631 2.16815
1641 2.20217
1651 2.23345
1661 2.27972
1671 2.2785
1681 2.31815
1691 2.80282
1701 2.3755
1711 2.3626
1721 2.38607
1731 2.44489
1741 2.44876
1751 2.48752
1761 2.52438
1771 2.51276
1781 2.95667
1791 2.63081
1801 2.59855
1811 2.6218
1821 2.64124
1831 2.71506
1841 2.7271
1851 2.75653
1861 2.78369
1871 2.81404
1881 2.83276
1891 2.863
1901 2.86042
1911 2.90534
1921 2.95375
1931 3.005
1941 3.04506
1951 3.0528
1961 3.07559
1971 3.05245
1981 3.12122
1991 3.14205
2001 3.20263
2011 3.19018
2021 3.27165
2031 3.22137
2041 3.26806
2051 3.31854
2061 3.46905
2071 3.53181
2081 3.38719
2091 3.38384
2101 3.47807
2111 3.70187
2121 3.48306
2131 3.60361
2141 3.5843
2151 3.62113
2161 3.66337
2171 3.66964
2181 3.73308
2191 3.69951
2201 3.75703
2211 3.77963
2221 3.81053
2231 3.82704
2241 3.88221
2251 3.98138
2261 3.95216
2271 3.96223
2281 3.97539
2291 4.02991
2301 4.05313
2311 4.10354
2321 5.10017
2331 4.44306
2341 4.23696
2351 4.1934
2361 4.29657
2371 5.35651
2381 4.50096
2391 4.89456
2401 5.04504
2411 4.41198
2421 4.50366
2431 4.61682
2441 4.51651
2451 4.58429
2461 4.62367
2471 4.64665
2481 4.69862
2491 4.67529
2501 4.71406
2511 4.72786
2521 4.79077
2531 4.95488
2541 4.87027
2551 4.9331
2561 4.95894
2571 5.019
2581 4.97179
2591 5.04596
2601 5.105
2611 5.0718
2621 5.18726
2631 5.20849
2641 5.26475
2651 5.2964
2661 5.31289
2671 5.39593
2681 5.36481
2691 5.37032
2701 6.4093
2711 5.51925
2721 5.50004
2731 5.69475
2741 5.58645
2751 5.62622
2761 5.71227
2771 5.72839
2781 5.79348
2791 5.86422
2801 5.8827
2811 5.96479
2821 5.93545
2831 6.07586
2841 5.92599
2851 6.01831
2861 6.08006
2871 6.18292
2881 6.26727
2891 6.23423
2901 6.31905
2911 6.36919
2921 6.4074
2931 6.33091
2941 6.37663
2951 6.46133
2961 6.41451
2971 6.54048
2981 7.01927
2991 6.81736
3001 6.66131
3011 6.71617
3021 7.2487
3031 6.75861
3041 6.82775
3051 7.75099
3061 6.98902
3071 6.94184
3081 7.04488
3091 7.20031
3101 7.04512
3111 7.68172
3121 7.3338
3131 7.17379
3141 7.31056
3151 7.33088
3161 7.2563
3171 7.36419
3181 7.4973
3191 7.46872
3201 7.5701
3211 7.6314
3221 8.85663
3231 7.72459
3241 7.63577
3251 7.68787
3261 7.79521
3271 7.87202
3281 8.05813
3291 7.82248
3301 8.10923
3311 8.15913
3321 8.03253
3331 8.12719
3341 8.13959
3351 8.29075
3361 8.36433
3371 8.21233
3381 8.35224
3391 8.57659
3401 8.47378
3411 8.44065
3421 9.02019
3431 9.8742
3441 8.72661
3451 8.67673
3461 8.85138
3471 9.2906
3481 9.05456
3491 11.1874
3501 10.0544
3511 10.2712
3521 9.1619
3531 9.92989
3541 8.98459
3551 9.21756
3561 9.40891
3571 9.30693
3581 9.60806
3591 9.39685
3601 9.57227
3611 9.6002
3621 9.91602
3631 9.66749
3641 9.57338
3651 9.62297
3661 9.65789
3671 9.7826
3681 9.79531
3691 9.78932
3701 9.8385
3711 10.0032
3721 10.1009
3731 10.1855
3741 10.6925
3751 10.7898
3761 10.3674
3771 10.2439
3781 10.5303
3791 10.4409
3801 10.585
3811 10.5385
3821 10.4709
3831 10.6084
3841 10.9038
3851 10.794
3861 10.8745
3871 10.855
3881 10.9511
3891 12.3288
3901 11.0092
3911 11.0274
3921 11.1026
3931 11.4127
3941 11.3904
3951 11.2128
3961 11.542
3971 11.3622
3981 11.4464
3991 11.5476
